# stats: dump at 1512496496
stats: users 7 8
stats: {load,"tsung_controller@ip-172-31-29-152"} 1 0.0 0 0.0 0.0 0 0
stats: {cpu,"tsung_controller@ip-172-31-29-152"} 1 1.7569638321543273 0 1.7569638321543273 1.7569638321543273 0 0
stats: {freemem,"tsung_controller@ip-172-31-29-152"} 1 3531.5546875 0 3531.5546875 3531.5546875 0 0
stats: session 2 3396.5195 2143.6135 5540.133 1252.906 0 0
stats: users_count 9 9
stats: finish_users_count 2 2
stats: request 21 170.85009523809526 172.7962961444169 620.398 9.244 0 0
stats: connect 9 4.484444444444445 7.493392305685962 25.443 1.236 0 0
stats: page 21 170.85009523809526 172.7962961444169 620.398 9.244 0 0
stats: 302 8 8
stats: 200 13 13
stats: size_rcv 37376 37376
stats: size_sent 10308 10308
stats: connected 7 7
# stats: dump at 1512496506
stats: users 6 8
stats: {load,"tsung_controller@ip-172-31-29-152"} 1 0.0 0.0 0.0 0.0 0.0 1
stats: {recvpackets,"tsung_controller@ip-172-31-29-152"} 1 124 0 124 124 0 0
stats: {sentpackets,"tsung_controller@ip-172-31-29-152"} 1 132 0 132 132 0 0
stats: {cpu,"tsung_controller@ip-172-31-29-152"} 1 0.4008016032064128 0.0 1.7569638321543273 0.4008016032064128 1.7569638321543273 1
stats: {freemem,"tsung_controller@ip-172-31-29-152"} 1 3531.33984375 0.0 3531.5546875 3531.33984375 3531.5546875 1
stats: session 10 5900.24 3202.390265953667 12753.952 1252.906 3396.5195 2
stats: users_count 9 18
stats: finish_users_count 10 12
stats: request 41 183.34451219512192 195.45449102804042 699.636 6.028 170.85009523809526 21
stats: connect 9 4.131222222222223 4.137217953536135 25.443 1.236 4.484444444444445 9
stats: page 41 183.34451219512192 195.45449102804042 699.636 6.028 170.85009523809526 21
stats: 302 21 29
stats: 200 20 33
stats: size_rcv 63194 100570
stats: size_sent 25695 36003
stats: connected -1 6
# stats: dump at 1512496516
stats: users 9 9
stats: {load,"tsung_controller@ip-172-31-29-152"} 1 0.0 0.0 0.0 0.0 0.0 2
stats: {recvpackets,"tsung_controller@ip-172-31-29-152"} 1 171.0 0.0 171 124 124.0 1
stats: {sentpackets,"tsung_controller@ip-172-31-29-152"} 1 178.0 0.0 178 132 132.0 1
stats: {cpu,"tsung_controller@ip-172-31-29-152"} 1 0.4 0.0 1.7569638321543273 0.4 1.07888271768037 2
stats: {freemem,"tsung_controller@ip-172-31-29-152"} 1 3530.7421875 0.0 3531.5546875 3530.7421875 3531.447265625 2
stats: session 10 5425.2246 2556.749482407739 12753.952 1252.906 5482.95325 12
stats: users_count 13 31
stats: finish_users_count 10 22
stats: request 41 164.00104878048785 169.09316631357058 758.832 6.028 179.1125322580645 62
stats: connect 13 2.6936153846153843 2.036974209211811 25.443 1.236 4.307833333333333 18
stats: page 41 164.00104878048785 169.09316631357058 758.832 6.028 179.1125322580645 62
stats: 302 20 49
stats: 200 21 54
stats: size_rcv 62802 163372
stats: size_sent 23882 59885
stats: connected 3 9
# stats: dump at 1512496526
stats: users 4 10
stats: {load,"tsung_controller@ip-172-31-29-152"} 1 0.0 0.0 0.0 0.0 0.0 3
stats: {recvpackets,"tsung_controller@ip-172-31-29-152"} 1 187.0 0.0 187 124 147.5 2
stats: {sentpackets,"tsung_controller@ip-172-31-29-152"} 1 191.0 0.0 191 132 155.0 2
stats: {cpu,"tsung_controller@ip-172-31-29-152"} 1 0.30060120240480964 0.0 1.7569638321543273 0.30060120240480964 0.8525884784535799 3
stats: {freemem,"tsung_controller@ip-172-31-29-152"} 1 3530.38671875 0.0 3531.5546875 3530.38671875 3531.2122395833335 3
stats: session 13 6042.4459230769235 2552.3290148712426 12753.952 1252.906 5456.7129545454545 22
stats: users_count 8 39
stats: finish_users_count 13 35
stats: request 42 265.12814285714285 301.23254312965685 1439.534 6.028 173.09728155339806 103
stats: connect 7 2.702714285714286 2.0208466906073737 25.443 1.236 3.6309032258064513 31
stats: page 42 265.12814285714285 301.23254312965685 1439.534 6.028 173.09728155339806 103
stats: 302 23 72
stats: 200 19 73
stats: size_rcv 61882 225254
stats: size_sent 27810 87695
stats: connected -5 4
# stats: dump at 1512496536
stats: users 6 10
stats: {load,"tsung_controller@ip-172-31-29-152"} 1 0.0 0.0 0.0 0.0 0.0 4
stats: {recvpackets,"tsung_controller@ip-172-31-29-152"} 1 154.0 0.0 187 124 160.66666666666666 3
stats: {sentpackets,"tsung_controller@ip-172-31-29-152"} 1 163.0 0.0 191 132 167.0 3
stats: {cpu,"tsung_controller@ip-172-31-29-152"} 1 0.30060120240480964 0.0 1.7569638321543273 0.30060120240480964 0.7145916594413874 4
stats: {freemem,"tsung_controller@ip-172-31-29-152"} 1 3530.39453125 0.0 3531.5546875 3530.38671875 3531.005859375 4
stats: session 7 5555.9367142857145 1808.442421945369 12753.952 1252.906 5674.270914285715 35
stats: users_count 9 48
stats: finish_users_count 7 42
stats: request 36 200.42330555555557 207.4530333539805 1439.534 6.028 199.75449655172415 145
stats: connect 10 1.5942 0.5143926126996771 25.443 1.233 3.459921052631579 38
stats: page 36 200.42330555555557 207.4530333539805 1439.534 6.028 199.75449655172415 145
stats: 302 16 88
stats: 200 20 93
stats: size_rcv 61578 286832
stats: size_sent 21332 109027
stats: connected 2 6
# stats: dump at 1512496546
stats: users 8 13
stats: {load,"tsung_controller@ip-172-31-29-152"} 1 0.0 0.0 0.0 0.0 0.0 5
stats: {recvpackets,"tsung_controller@ip-172-31-29-152"} 1 159.0 0.0 187 124 159.0 4
stats: {sentpackets,"tsung_controller@ip-172-31-29-152"} 1 159.0 0.0 191 132 166.0 4
stats: {cpu,"tsung_controller@ip-172-31-29-152"} 1 0.1004016064257028 0.0 1.7569638321543273 0.1004016064257028 0.6317935680340718 5
stats: {freemem,"tsung_controller@ip-172-31-29-152"} 1 3530.28515625 0.0 3531.5546875 3530.28515625 3530.88359375 5
stats: session 10 6607.1023000000005 2424.8199484224406 12753.952 1252.906 5654.548547619048 42
stats: users_count 12 60
stats: finish_users_count 10 52
stats: request 43 258.6082558139535 278.1387297382781 1439.534 6.028 199.88751933701658 181
stats: connect 12 2.108333333333334 1.8127587784614059 25.443 1.202 3.071229166666667 48
stats: page 43 258.6082558139535 278.1387297382781 1439.534 6.028 199.88751933701658 181
stats: 302 22 110
stats: 200 21 114
stats: size_rcv 63996 350828
stats: size_sent 25690 134717
stats: connected 2 8
# stats: dump at 1512496556
stats: users 8 13
stats: {load,"tsung_controller@ip-172-31-29-152"} 1 0.0 0.0 0.0 0.0 0.0 6
stats: {recvpackets,"tsung_controller@ip-172-31-29-152"} 1 194.0 0.0 194 124 159.0 5
stats: {sentpackets,"tsung_controller@ip-172-31-29-152"} 1 211.0 0.0 211 132 164.6 5
stats: {cpu,"tsung_controller@ip-172-31-29-152"} 1 0.3009027081243731 0.0 1.7569638321543273 0.1004016064257028 0.5432282410993436 6
stats: {freemem,"tsung_controller@ip-172-31-29-152"} 1 3530.171875 0.0 3531.5546875 3530.171875 3530.7838541666665 6
stats: session 13 6785.218923076924 2155.329150427608 12753.952 1252.906 5837.731961538462 52
stats: users_count 13 73
stats: finish_users_count 13 65
stats: request 45 172.20762222222228 178.63116097233413 1439.534 6.028 211.15980357142857 224
stats: connect 11 2.5298181818181815 2.579818556628347 25.443 1.202 2.8786500000000004 60
stats: page 45 172.20762222222228 178.63116097233413 1439.534 6.028 211.15980357142857 224
stats: 302 22 132
stats: 200 23 137
stats: size_rcv 71772 422600
stats: newphase 1 1
stats: size_sent 30221 164938
stats: connected 1 9
# stats: dump at 1512496566
stats: users 13 17
stats: {load,"tsung_controller@ip-172-31-29-152"} 1 0.0 0.0 0.0 0.0 0.0 7
stats: {recvpackets,"tsung_controller@ip-172-31-29-152"} 1 251.0 0.0 251 124 164.83333333333334 6
stats: {sentpackets,"tsung_controller@ip-172-31-29-152"} 1 265.0 0.0 265 132 172.33333333333334 6
stats: {cpu,"tsung_controller@ip-172-31-29-152"} 1 0.20060180541624875 0.0 1.7569638321543273 0.1004016064257028 0.508610307817205 7
stats: {freemem,"tsung_controller@ip-172-31-29-152"} 1 3530.05859375 0.0 3531.5546875 3530.05859375 3530.6964285714284 7
stats: session 18 6973.003444444446 1800.6930905594918 12753.952 1252.906 6027.2293538461545 65
stats: users_count 23 96
stats: finish_users_count 18 83
stats: request 83 592.9722048192771 659.4892796589667 2610.637 6.028 204.64363940520448 269
stats: connect 24 2.4934583333333333 1.9564963365492296 25.443 1.144 2.8246056338028174 71
stats: page 83 592.9722048192771 659.4892796589667 2610.637 6.028 204.64363940520448 269
stats: 302 38 170
stats: 200 45 182
stats: size_rcv 137412 560012
stats: newphase 0 1
stats: size_sent 46395 211333
stats: connected 4 13
# stats: dump at 1512496576
stats: users 12 17
stats: {load,"tsung_controller@ip-172-31-29-152"} 1 0.0 0.0 0.0 0.0 0.0 8
stats: {recvpackets,"tsung_controller@ip-172-31-29-152"} 1 310.0 0.0 310 124 177.14285714285714 7
stats: {sentpackets,"tsung_controller@ip-172-31-29-152"} 1 322.0 0.0 322 132 185.57142857142858 7
stats: {cpu,"tsung_controller@ip-172-31-29-152"} 1 0.30120481927710846 0.0 1.7569638321543273 0.1004016064257028 0.4701092450170854 8
stats: {freemem,"tsung_controller@ip-172-31-29-152"} 1 3528.61328125 0.0 3531.5546875 3528.61328125 3530.61669921875 8
stats: session 14 6968.504071428572 2587.5823699296843 12753.952 1252.906 6232.336987951809 83
stats: users_count 13 109
stats: finish_users_count 14 97
stats: request 58 316.67065517241394 276.25379766786125 2610.637 6.028 296.20975 352
stats: connect 13 2.1468461538461545 2.124962039340716 25.443 1.144 2.740947368421053 95
stats: page 58 316.67065517241394 276.25379766786125 2610.637 6.028 296.20975 352
stats: 302 31 201
stats: 200 27 209
stats: size_rcv 84864 644876
stats: newphase 0 1
stats: size_sent 36497 247830
stats: connected -2 11
# stats: dump at 1512496586
stats: users 11 17
stats: {load,"tsung_controller@ip-172-31-29-152"} 1 0.0 0.0 0.0 0.0 0.0 9
stats: {recvpackets,"tsung_controller@ip-172-31-29-152"} 1 311.0 0.0 311 124 193.75 8
stats: {sentpackets,"tsung_controller@ip-172-31-29-152"} 1 363.0 0.0 363 132 202.625 8
stats: {cpu,"tsung_controller@ip-172-31-29-152"} 1 1.4014014014014013 0.0 1.7569638321543273 0.1004016064257028 0.4513420866015324 9
stats: {freemem,"tsung_controller@ip-172-31-29-152"} 1 3529.421875 0.0 3531.5546875 3528.61328125 3530.394097222222 9
stats: session 14 7617.1932857142865 3843.5577439960016 18417.778 1252.906 6338.587907216496 97
stats: users_count 13 122
stats: finish_users_count 14 111
stats: request 53 266.8317358490566 258.62334494622775 2610.637 6.028 299.10421951219513 410
stats: connect 14 1.4399285714285714 0.38939797201865983 25.443 1.138 2.6694351851851854 108
stats: page 53 266.8317358490566 258.62334494622775 2610.637 6.028 299.10421951219513 410
stats: 302 28 229
stats: 200 25 234
stats: size_rcv 76700 721576
stats: newphase 0 1
stats: size_sent 33152 280982
stats: connected 0 11
# stats: dump at 1512496596
stats: users 22 22
stats: {load,"tsung_controller@ip-172-31-29-152"} 1 0.0 0.0 0.0 0.0 0.0 10
stats: {recvpackets,"tsung_controller@ip-172-31-29-152"} 1 237.0 0.0 311 124 206.77777777777777 9
stats: {sentpackets,"tsung_controller@ip-172-31-29-152"} 1 253.0 0.0 363 132 220.44444444444446 9
stats: {cpu,"tsung_controller@ip-172-31-29-152"} 1 0.20060180541624875 0.0 1.7569638321543273 0.1004016064257028 0.5463480180815192 10
stats: {freemem,"tsung_controller@ip-172-31-29-152"} 1 3529.328125 0.0 3531.5546875 3528.61328125 3530.296875 10
stats: session 9 6077.891333333333 1787.1721244140606 18417.778 1252.906 6499.853450450451 111
stats: users_count 20 142
stats: finish_users_count 9 120
stats: request 60 403.5001666666666 477.01425349172973 2610.637 6.028 295.4099611231102 463
stats: connect 18 2.625388888888889 2.340249705073962 25.443 1.138 2.5283442622950822 122
stats: page 60 403.5001666666666 477.01425349172973 2610.637 6.028 295.4099611231102 463
stats: 302 27 256
stats: 200 33 267
stats: size_rcv 101162 822738
stats: newphase 0 1
stats: size_sent 40135 321117
stats: connected 9 20
# stats: dump at 1512496606
stats: users 28 31
stats: {load,"tsung_controller@ip-172-31-29-152"} 1 0.0 0.0 0.0 0.0 0.0 11
stats: {recvpackets,"tsung_controller@ip-172-31-29-152"} 1 279.0 0.0 311 124 209.8 10
stats: {sentpackets,"tsung_controller@ip-172-31-29-152"} 1 286.0 0.0 363 132 223.7 10
stats: {cpu,"tsung_controller@ip-172-31-29-152"} 1 0.2012072434607646 0.0 1.7569638321543273 0.1004016064257028 0.5149165442028584 11
stats: {freemem,"tsung_controller@ip-172-31-29-152"} 1 3528.0078125 0.0 3531.5546875 3528.0078125 3530.208806818182 11
stats: session 18 10933.440444444444 5069.701032290313 24522.481 1252.906 6468.206291666667 120
stats: users_count 24 166
stats: finish_users_count 18 138
stats: request 89 1040.1348426966292 1091.368725843599 4705.65 6.028 307.8103671128107 523
stats: connect 26 3.2438076923076915 2.4501449881624864 25.443 1.138 2.540821428571429 140
stats: page 89 1040.1348426966292 1091.368725843599 4705.65 6.028 307.8103671128107 523
stats: 302 39 295
stats: 200 50 317
stats: size_rcv 151840 974578
stats: newphase 0 1
stats: size_sent 57267 378384
stats: connected 8 28
# stats: dump at 1512496616
stats: users 20 31
stats: {load,"tsung_controller@ip-172-31-29-152"} 1 0.0 0.0 0.0 0.0 0.0 12
stats: {recvpackets,"tsung_controller@ip-172-31-29-152"} 1 373.0 0.0 373 124 216.0909090909091 11
stats: {sentpackets,"tsung_controller@ip-172-31-29-152"} 1 362.0 0.0 363 132 229.36363636363637 11
stats: {cpu,"tsung_controller@ip-172-31-29-152"} 1 0.5025125628140703 0.0 1.7569638321543273 0.1004016064257028 0.48877410247435055 12
stats: {freemem,"tsung_controller@ip-172-31-29-152"} 1 3525.83984375 0.0 3531.5546875 3525.83984375 3530.025390625 12
stats: session 29 10273.035586206895 3887.327544788042 24522.481 1252.906 7050.628137681161 138
stats: users_count 21 187
stats: finish_users_count 29 167
stats: request 90 1147.2468555555552 1578.7155307489452 6086.977 6.028 414.30853431372543 612
stats: connect 21 4.980380952380953 10.712488757458967 51.43 1.084 2.6509277108433738 166
stats: page 90 1147.2468555555552 1578.7155307489452 6086.977 6.028 414.30853431372543 612
stats: 302 48 343
stats: 200 42 359
stats: size_rcv 131288 1105866
stats: newphase 1 2
stats: size_sent 49762 428146
stats: connected -8 20
# stats: dump at 1512496626
stats: users 44 44
stats: {load,"tsung_controller@ip-172-31-29-152"} 1 0.0 0.0 0.0 0.0 0.0 13
stats: {recvpackets,"tsung_controller@ip-172-31-29-152"} 1 380.0 0.0 380 124 229.16666666666666 12
stats: {sentpackets,"tsung_controller@ip-172-31-29-152"} 1 395.0 0.0 395 132 240.41666666666666 12
stats: {cpu,"tsung_controller@ip-172-31-29-152"} 1 0.30120481927710846 0.0 1.7569638321543273 0.1004016064257028 0.4898309071158674 13
stats: {freemem,"tsung_controller@ip-172-31-29-152"} 1 3523.40625 0.0 3531.5546875 3523.40625 3529.703425480769 13
stats: session 4 15358.188250000001 3295.5880473787515 24522.481 1252.906 7610.207874251498 167
stats: users_count 28 215
stats: finish_users_count 4 171
stats: request 71 1577.3691971830992 1685.8857129958203 9217.115 6.028 508.27498575498566 702
stats: connect 28 3.9162857142857126 3.110704649812859 51.43 1.062 2.9125240641711234 187
stats: page 71 1577.3691971830992 1685.8857129958203 9217.115 6.028 508.27498575498566 702
stats: 302 29 372
stats: 200 42 401
stats: size_rcv 127554 1233420
stats: newphase 0 2
stats: size_sent 56563 484709
stats: connected 24 44
# stats: dump at 1512496636
stats: users 53 56
stats: {load,"tsung_controller@ip-172-31-29-152"} 1 0.0 0.0 0.0 0.0 0.0 14
stats: {recvpackets,"tsung_controller@ip-172-31-29-152"} 1 407.0 0.0 407 124 240.76923076923077 13
stats: {sentpackets,"tsung_controller@ip-172-31-29-152"} 1 391.0 0.0 395 132 252.30769230769232 13
stats: {cpu,"tsung_controller@ip-172-31-29-152"} 1 0.4024144869215292 0.0 1.7569638321543273 0.1004016064257028 0.47635761512738467 14
stats: {freemem,"tsung_controller@ip-172-31-29-152"} 1 3520.13671875 0.0 3531.5546875 3520.13671875 3529.2536272321427 14
stats: session 23 17013.17726086957 3306.060160063639 24703.181 1252.906 7791.44718128655 171
stats: users_count 32 247
stats: finish_users_count 23 194
stats: request 104 2814.125115384616 2856.34137581553 9877.064 6.028 606.4712199223803 773
stats: connect 30 3.198566666666667 2.4935366274073902 51.43 0.865 3.043246511627907 215
stats: page 104 2814.125115384616 2856.34137581553 9877.064 6.028 606.4712199223803 773
stats: 302 44 416
stats: 200 60 461
stats: size_rcv 181254 1414674
stats: newphase 0 2
stats: size_sent 69826 554535
stats: connected 10 54
# stats: dump at 1512496646
stats: users 74 74
stats: {load,"tsung_controller@ip-172-31-29-152"} 1 0.0 0.0 0.0 0.0 0.0 15
stats: {recvpackets,"tsung_controller@ip-172-31-29-152"} 1 598.0 0.0 598 124 252.64285714285714 14
stats: {sentpackets,"tsung_controller@ip-172-31-29-152"} 1 694.0 0.0 694 132 262.2142857142857 14
stats: {cpu,"tsung_controller@ip-172-31-29-152"} 1 2.4120603015075375 0.0 2.4120603015075375 0.1004016064257028 0.4714280732469943 15
stats: {freemem,"tsung_controller@ip-172-31-29-152"} 1 3518.12890625 0.0 3531.5546875 3518.12890625 3528.6458333333335 15
stats: session 19 19521.018421052635 2566.9121990643343 24703.181 1252.906 8884.745077319589 194
stats: users_count 40 287
stats: finish_users_count 19 213
stats: request 98 4303.761908163266 2920.7248484257207 11936.4 6.028 868.2682611174458 877
stats: connect 41 3.419902439024389 2.705778665302062 51.43 0.865 3.062265306122449 245
stats: page 98 4303.761908163266 2920.7248484257207 11936.4 6.028 868.2682611174458 877
stats: 302 47 463
stats: 200 51 512
stats: size_rcv 150878 1565552
stats: newphase 0 2
stats: size_sent 61180 615715
stats: connected 19 73
# stats: dump at 1512496656
stats: users 94 94
stats: {load,"tsung_controller@ip-172-31-29-152"} 1 0.0 0.0 0.0 0.0 0.0 16
stats: {recvpackets,"tsung_controller@ip-172-31-29-152"} 1 416.0 0.0 598 124 275.6666666666667 15
stats: {sentpackets,"tsung_controller@ip-172-31-29-152"} 1 425.0 0.0 694 132 291.0 15
stats: {cpu,"tsung_controller@ip-172-31-29-152"} 1 0.4024144869215292 0.0 2.4120603015075375 0.1004016064257028 0.5927175875132782 16
stats: {freemem,"tsung_controller@ip-172-31-29-152"} 1 3513.18359375 0.0 3531.5546875 3513.18359375 3527.988525390625 16
stats: session 15 23258.330133333333 2791.5938150250754 29587.721 1252.906 9833.520633802818 213
stats: users_count 35 322
stats: finish_users_count 15 228
stats: request 89 5850.1685842696625 3488.1077698546655 15836.087 6.028 1213.5794174358975 975
stats: connect 35 3.6301428571428564 2.7475900832013 51.43 0.865 3.113534965034965 286
stats: page 89 5850.1685842696625 3488.1077698546655 15836.087 6.028 1213.5794174358975 975
stats: 302 40 503
stats: 200 49 561
stats: size_rcv 146688 1712240
stats: newphase 0 2
stats: size_sent 61905 677620
stats: connected 20 93
# stats: dump at 1512496666
stats: users 104 108
stats: {load,"tsung_controller@ip-172-31-29-152"} 1 0.0 0.0 0.0 0.0 0.0 17
stats: {recvpackets,"tsung_controller@ip-172-31-29-152"} 1 574.0 0.0 598 124 284.4375 16
stats: {sentpackets,"tsung_controller@ip-172-31-29-152"} 1 649.0 0.0 694 132 299.375 16
stats: {cpu,"tsung_controller@ip-172-31-29-152"} 1 2.710843373493976 0.0 2.710843373493976 0.1004016064257028 0.5815232874784694 17
stats: {freemem,"tsung_controller@ip-172-31-29-152"} 1 3510.86328125 0.0 3531.5546875 3510.86328125 3527.1176470588234 17
stats: session 16 27454.86675 2503.5225931491627 33775.617 1252.906 10716.731785087719 228
stats: users_count 26 348
stats: finish_users_count 16 244
stats: request 89 7674.92793258427 3199.5672289859353 16183.503 6.028 1601.4144135338345 1064
stats: connect 27 4.095333333333335 2.8003764429487377 51.43 0.865 3.1698629283489095 321
stats: page 89 7674.92793258427 3199.5672289859353 16183.503 6.028 1601.4144135338345 1064
stats: 302 41 544
stats: 200 48 609
stats: size_rcv 145244 1857484
stats: newphase 0 2
stats: size_sent 58880 736500
stats: connected 11 104
# stats: dump at 1512496676
stats: users 108 108
stats: {load,"tsung_controller@ip-172-31-29-152"} 1 0.0 0.0 0.0 0.0 0.0 18
stats: {recvpackets,"tsung_controller@ip-172-31-29-152"} 1 390.0 0.0 598 124 301.47058823529414 17
stats: {sentpackets,"tsung_controller@ip-172-31-29-152"} 1 375.0 0.0 694 132 319.94117647058823 17
stats: {cpu,"tsung_controller@ip-172-31-29-152"} 1 0.5030181086519114 0.0 2.710843373493976 0.1004016064257028 0.6998188478126642 18
stats: {freemem,"tsung_controller@ip-172-31-29-152"} 1 3509.91796875 0.0 3531.5546875 3509.91796875 3526.2146267361113 18
stats: session 21 33487.26661904761 2465.9849404236493 38833.839 1252.906 11814.314405737705 244
stats: users_count 25 373
stats: finish_users_count 21 265
stats: request 90 9187.175822222227 3569.6790793048062 17419.844 6.028 2070.228553339115 1153
stats: connect 24 5.978999999999998 5.907135064197084 51.43 0.865 3.2416666666666663 348
stats: page 90 9187.175822222227 3569.6790793048062 17419.844 6.028 2070.228553339115 1153
stats: 302 47 591
stats: 200 43 652
stats: size_rcv 137208 1994692
stats: newphase 1 3
stats: size_sent 63823 800323
stats: connected 3 107
# stats: dump at 1512496686
stats: users 116 125
stats: {load,"tsung_controller@ip-172-31-29-152"} 1 0.0 0.0 0.0 0.0 0.0 19
stats: {recvpackets,"tsung_controller@ip-172-31-29-152"} 1 386.0 0.0 598 124 306.3888888888889 18
stats: {sentpackets,"tsung_controller@ip-172-31-29-152"} 1 395.0 0.0 694 132 323.0 18
stats: {cpu,"tsung_controller@ip-172-31-29-152"} 1 0.5025125628140703 0.0 2.710843373493976 0.1004016064257028 0.6894609141726246 19
stats: {freemem,"tsung_controller@ip-172-31-29-152"} 1 3505.44921875 0.0 3531.5546875 3505.44921875 3525.3569078947367 19
stats: session 25 38201.184559999994 3582.222369566715 45022.229 1252.906 13531.793637735847 265
stats: users_count 33 406
stats: finish_users_count 25 290
stats: request 116 9748.295137931034 3312.1035449578612 17449.98 6.028 2585.5344698310537 1243
stats: connect 34 3.157 2.739516820858143 51.43 0.865 3.4182688172043005 372
stats: page 116 9748.295137931034 3312.1035449578612 17449.98 6.028 2585.5344698310537 1243
stats: 302 48 639
stats: 200 68 720
stats: size_rcv 202818 2197510
stats: newphase 0 3
stats: size_sent 61539 861862
stats: connected 9 116
# stats: dump at 1512496696
stats: users 134 134
stats: {load,"tsung_controller@ip-172-31-29-152"} 1 0.0 0.0 0.0 0.0 0.0 20
stats: {recvpackets,"tsung_controller@ip-172-31-29-152"} 1 552.0 0.0 598 124 310.57894736842104 19
stats: {sentpackets,"tsung_controller@ip-172-31-29-152"} 1 552.0 0.0 694 132 326.7894736842105 19
stats: {cpu,"tsung_controller@ip-172-31-29-152"} 1 0.4032258064516129 0.0 2.710843373493976 0.1004016064257028 0.6801134966046969 20
stats: {freemem,"tsung_controller@ip-172-31-29-152"} 1 3503.390625 0.0 3531.5546875 3503.390625 3524.3615234375 20
stats: session 20 40929.95479999999 2689.802835925407 47262.212 1252.906 15658.465268965516 290
stats: users_count 38 444
stats: finish_users_count 20 310
stats: request 74 9455.747594594592 3492.9176971087795 17449.98 6.028 3196.925373068433 1359
stats: connect 38 4.262263157894736 3.0311046248088163 51.43 0.865 3.396389162561576 406
stats: page 74 9455.747594594592 3492.9176971087795 17449.98 6.028 3196.925373068433 1359
stats: 302 43 682
stats: 200 31 751
stats: size_rcv 96512 2294022
stats: newphase 0 3
stats: size_sent 58707 920569
stats: connected 18 134
# stats: dump at 1512496706
stats: users 159 160
stats: {load,"tsung_controller@ip-172-31-29-152"} 1 0.0 0.0 0.0 0.0 0.0 21
stats: {recvpackets,"tsung_controller@ip-172-31-29-152"} 1 471.0 0.0 598 124 322.65 20
stats: {sentpackets,"tsung_controller@ip-172-31-29-152"} 1 571.0 0.0 694 132 338.05 20
stats: {cpu,"tsung_controller@ip-172-31-29-152"} 1 2.1148036253776437 0.0 2.710843373493976 0.1004016064257028 0.6669283685021691 21
stats: {freemem,"tsung_controller@ip-172-31-29-152"} 1 3501.92578125 0.0 3531.5546875 3501.92578125 3523.3629092261904 21
stats: session 17 45940.73505882353 2207.913995165933 48991.685 1252.906 17288.883948387094 310
stats: users_count 42 486
stats: finish_users_count 17 327
stats: request 102 12415.538029411764 2735.5134588715123 19304.561 6.028 3520.1304284717376 1433
stats: connect 42 2.785880952380953 2.4544171279977287 51.43 0.865 3.4704954954954945 444
stats: page 102 12415.538029411764 2735.5134588715123 19304.561 6.028 3520.1304284717376 1433
stats: 302 44 726
stats: 200 59 810
stats: size_rcv 170736 2464758
stats: newphase 0 3
stats: size_sent 58229 978798
stats: connected 25 159
# stats: dump at 1512496716
stats: users 185 185
stats: {load,"tsung_controller@ip-172-31-29-152"} 1 0.0 0.0 0.0 0.0 0.0 22
stats: {recvpackets,"tsung_controller@ip-172-31-29-152"} 1 473.0 0.0 598 124 329.7142857142857 21
stats: {sentpackets,"tsung_controller@ip-172-31-29-152"} 1 476.0 0.0 694 132 349.14285714285717 21
stats: {cpu,"tsung_controller@ip-172-31-29-152"} 1 0.5035246727089627 0.0 2.710843373493976 0.1004016064257028 0.7327408801783271 22
stats: {freemem,"tsung_controller@ip-172-31-29-152"} 1 3500.73828125 0.0 3531.5546875 3500.73828125 3522.388494318182 22
stats: session 16 51620.63506249999 3368.4117145418622 56328.125 1252.906 18778.42972477064 327
stats: users_count 42 528
stats: finish_users_count 16 343
stats: request 106 11954.088245283017 3880.021049190806 23584.099 6.028 4111.225917263843 1535
stats: connect 42 4.726119047619045 3.4860281137187035 51.43 0.865 3.411331275720164 486
stats: page 106 11954.088245283017 3880.021049190806 23584.099 6.028 4111.225917263843 1535
stats: 302 38 764
stats: 200 67 877
stats: size_rcv 199566 2664324
stats: newphase 0 3
stats: size_sent 83325 1062123
stats: connected 26 185
# stats: dump at 1512496726
stats: users 200 203
stats: {load,"tsung_controller@ip-172-31-29-152"} 1 0.0 0.0 0.0 0.0 0.0 23
stats: {recvpackets,"tsung_controller@ip-172-31-29-152"} 1 554.0 0.0 598 124 336.22727272727275 22
stats: {sentpackets,"tsung_controller@ip-172-31-29-152"} 1 553.0 0.0 694 132 354.90909090909093 22
stats: {cpu,"tsung_controller@ip-172-31-29-152"} 1 0.9036144578313252 0.0 2.710843373493976 0.1004016064257028 0.7227749581144416 23
stats: {freemem,"tsung_controller@ip-172-31-29-152"} 1 3496.1015625 0.0 3531.5546875 3496.1015625 3521.4471807065215 23
stats: session 23 44687.6413478261 14694.43936146274 60096.904 1089.9 20310.427641399416 343
stats: users_count 38 566
stats: finish_users_count 23 366
stats: request 119 9645.535151260508 7588.046402660256 24118.609 0.491 4617.833721511273 1641
stats: connect 38 3.9311842105263164 3.1718417931547793 51.43 0.865 3.5159166666666657 528
stats: page 119 9645.535151260508 7588.046402660256 24118.609 0.491 4617.833721511273 1641
stats: 302 40 804
stats: 200 37 914
stats: size_rcv 124942 2789266
stats: newphase 0 3
stats: 502 42 42
stats: size_sent 71701 1133824
stats: connected 16 201
# stats: dump at 1512496736
stats: users 207 208
stats: {load,"tsung_controller@ip-172-31-29-152"} 1 0.0 0.0 0.0 0.0 0.0 24
stats: {recvpackets,"tsung_controller@ip-172-31-29-152"} 1 462.0 0.0 598 124 345.69565217391306 23
stats: {sentpackets,"tsung_controller@ip-172-31-29-152"} 1 501.0 0.0 694 132 363.5217391304348 23
stats: {cpu,"tsung_controller@ip-172-31-29-152"} 1 0.802407221664995 0.0 2.710843373493976 0.1004016064257028 0.7303099372693117 24
stats: {freemem,"tsung_controller@ip-172-31-29-152"} 1 3490.625 0.0 3531.5546875 3490.625 3520.39111328125 24
stats: session 32 47950.5154375 12866.445302039867 64331.893 1089.9 21842.329049180327 366
stats: users_count 39 605
stats: finish_users_count 32 398
stats: request 141 11163.236035460992 9248.142214191366 24724.933 0.491 4957.774897727273 1760
stats: connect 36 3.8559722222222224 4.9543832472205365 51.43 0.811 3.543796819787985 566
stats: page 141 11163.236035460992 9248.142214191366 24724.933 0.491 4957.774897727273 1760
stats: 302 44 848
stats: 200 41 955
stats: size_rcv 141104 2930370
stats: newphase 1 4
stats: 502 56 98
stats: size_sent 72435 1206259
stats: connected 4 205
# stats: dump at 1512496746
stats: users 208 214
stats: {load,"tsung_controller@ip-172-31-29-152"} 1 0.0 0.0 0.0 0.0 0.0 25
stats: {recvpackets,"tsung_controller@ip-172-31-29-152"} 1 537.0 0.0 598 124 350.5416666666667 24
stats: {sentpackets,"tsung_controller@ip-172-31-29-152"} 1 583.0 0.0 694 132 369.25 24
stats: {cpu,"tsung_controller@ip-172-31-29-152"} 1 0.8048289738430584 0.0 2.710843373493976 0.1004016064257028 0.7331938286451392 25
stats: {freemem,"tsung_controller@ip-172-31-29-152"} 1 3486.1484375 0.0 3531.5546875 3486.1484375 3519.20046875 25
stats: session 35 45391.3427142857 16238.502236416973 66579.856 526.141 23941.47971356784 398
stats: users_count 36 641
stats: finish_users_count 35 433
stats: request 167 11488.163724550894 9642.355802232056 29384.329 0.451 5418.043188321935 1901
stats: connect 37 3.8148648648648633 2.5845467286449484 51.43 0.811 3.5624651162790686 602
stats: page 167 11488.163724550894 9642.355802232056 29384.329 0.451 5418.043188321935 1901
stats: 302 39 887
stats: 200 60 1015
stats: size_rcv 208824 3139194
stats: newphase 0 4
stats: 502 66 164
stats: size_sent 100846 1307105
stats: connected 2 207
stats: 500 2 2
# stats: dump at 1512496756
stats: users 209 226
stats: {load,"tsung_controller@ip-172-31-29-152"} 1 0.0 0.0 0.0 0.0 0.0 26
stats: {recvpackets,"tsung_controller@ip-172-31-29-152"} 1 632.0 0.0 632 124 358.0 25
stats: {sentpackets,"tsung_controller@ip-172-31-29-152"} 1 667.0 0.0 694 132 377.8 25
stats: {cpu,"tsung_controller@ip-172-31-29-152"} 1 0.7049345417925479 0.0 2.710843373493976 0.1004016064257028 0.7359490265373668 26
stats: {freemem,"tsung_controller@ip-172-31-29-152"} 1 3482.765625 0.0 3531.5546875 3482.765625 3517.929236778846 26
stats: session 52 39783.61059615385 19671.685960083476 70979.904 526.141 25675.302357967663 433
stats: users_count 53 694
stats: finish_users_count 52 485
stats: request 217 8488.424880184326 9669.178054239695 31632.713 0.451 5908.231838974855 2068
stats: connect 54 3.9207962962962957 3.090643097285919 51.43 0.811 3.577079812206572 639
stats: page 217 8488.424880184326 9669.178054239695 31632.713 0.451 5908.231838974855 2068
stats: 302 40 927
stats: 200 53 1068
stats: size_rcv 212860 3352054
stats: newphase 0 4
stats: 502 116 280
stats: size_sent 104265 1411370
stats: connected 1 208
stats: 500 8 10
# stats: dump at 1512496766
stats: users 219 226
stats: {load,"tsung_controller@ip-172-31-29-152"} 1 0.0 0.0 0.0 0.0 0.0 27
stats: {recvpackets,"tsung_controller@ip-172-31-29-152"} 1 634.0 0.0 634 124 368.53846153846155 26
stats: {sentpackets,"tsung_controller@ip-172-31-29-152"} 1 753.0 0.0 753 132 388.9230769230769 26
stats: {cpu,"tsung_controller@ip-172-31-29-152"} 1 0.7042253521126761 0.0 2.710843373493976 0.1004016064257028 0.7348003419171882 27
stats: {freemem,"tsung_controller@ip-172-31-29-152"} 1 3481.2734375 0.0 3531.5546875 3481.2734375 3516.626880787037 27
stats: session 50 42580.11664000001 22751.23031513028 79465.706 526.141 27187.945715463913 485
stats: users_count 60 754
stats: finish_users_count 50 535
stats: request 182 8386.455631868139 9956.103195050056 31632.713 0.451 6153.265488840262 2285
stats: connect 58 3.1312586206896547 2.551402836306987 51.43 0.811 3.603862914862914 693
stats: page 182 8386.455631868139 9956.103195050056 31632.713 0.451 6153.265488840262 2285
stats: 302 39 966
stats: 200 30 1098
stats: size_rcv 148116 3500170
stats: newphase 0 4
stats: 502 103 383
stats: size_sent 99181 1510551
stats: connected 10 218
stats: 500 10 20
# stats: dump at 1512496776
stats: users 216 226
stats: {load,"tsung_controller@ip-172-31-29-152"} 1 0.0 0.0 0.0 0.0 0.0 28
stats: {recvpackets,"tsung_controller@ip-172-31-29-152"} 1 598.0 0.0 634 124 378.3703703703704 27
stats: {sentpackets,"tsung_controller@ip-172-31-29-152"} 1 732.0 0.0 753 132 402.4074074074074 27
stats: {cpu,"tsung_controller@ip-172-31-29-152"} 1 0.6066734074823054 0.0 2.710843373493976 0.1004016064257028 0.7337083779955985 28
stats: {freemem,"tsung_controller@ip-172-31-29-152"} 1 3480.06640625 0.0 3531.5546875 3480.06640625 3515.3642578125 28
stats: session 50 45637.02082 23490.145205849967 81537.217 526.141 28626.46636261682 535
stats: users_count 47 801
stats: finish_users_count 50 585
stats: request 220 9510.822140909093 10261.092800582803 31632.713 0.451 6318.016443858938 2467
stats: connect 47 3.072489361702128 2.494448021253979 51.43 0.811 3.5673635153129153 751
stats: page 220 9510.822140909093 10261.092800582803 31632.713 0.451 6318.016443858938 2467
stats: 302 41 1007
stats: 200 58 1156
stats: size_rcv 230309 3730479
stats: newphase 0 4
stats: 502 114 497
stats: size_sent 96762 1607313
stats: connected -2 216
stats: 500 7 27
# stats: dump at 1512496786
stats: users 219 232
stats: {load,"tsung_controller@ip-172-31-29-152"} 1 0.0 0.0 0.0 0.0 0.0 29
stats: {recvpackets,"tsung_controller@ip-172-31-29-152"} 1 783.0 0.0 783 124 386.2142857142857 28
stats: {sentpackets,"tsung_controller@ip-172-31-29-152"} 1 916.0 0.0 916 132 414.17857142857144 28
stats: {cpu,"tsung_controller@ip-172-31-29-152"} 1 0.8064516129032258 0.0 2.710843373493976 0.1004016064257028 0.7293278617710022 29
stats: {freemem,"tsung_controller@ip-172-31-29-152"} 1 3478.9609375 0.0 3531.5546875 3478.9609375 3514.1470905172414 29
stats: session 54 40801.89498148148 27557.30524947327 87852.965 526.141 30080.359905982903 585
stats: users_count 57 858
stats: finish_users_count 54 639
stats: request 249 7523.3014859437735 10048.919035784222 35959.775 0.451 6579.429638258281 2687
stats: connect 59 3.6321525423728804 3.1804678411509255 51.43 0.811 3.538216791979949 798
stats: page 249 7523.3014859437735 10048.919035784222 35959.775 0.451 6579.429638258281 2687
stats: 302 36 1043
stats: 200 52 1208
stats: size_rcv 223828 3954307
stats: newphase 0 4
stats: 502 153 650
stats: size_sent 119242 1726555
stats: connected 3 219
stats: 500 8 35
# stats: dump at 1512496796
stats: users 195 237
stats: {load,"tsung_controller@ip-172-31-29-152"} 1 0.0 0.0 0.0 0.0 0.0 30
stats: {recvpackets,"tsung_controller@ip-172-31-29-152"} 1 717.0 0.0 783 124 399.8965517241379 29
stats: {sentpackets,"tsung_controller@ip-172-31-29-152"} 1 848.0 0.0 916 132 431.48275862068965 29
stats: {cpu,"tsung_controller@ip-172-31-29-152"} 1 0.8040201005025126 0.0 2.710843373493976 0.1004016064257028 0.7318986534754096 30
stats: {freemem,"tsung_controller@ip-172-31-29-152"} 1 3477.6328125 0.0 3531.5546875 3477.6328125 3512.97421875 30
stats: session 43 47590.69255813954 23514.06591905523 87852.965 526.141 30986.40512363067 639
stats: users_count 19 877
stats: finish_users_count 43 682
stats: request 134 15975.596298507468 7583.342741196788 35959.775 0.451 6659.478715258856 2936
stats: connect 20 3.6605 2.9401867882840373 51.43 0.811 3.544683780630104 857
stats: page 134 15975.596298507468 7583.342741196788 35959.775 0.451 6659.478715258856 2936
stats: 302 43 1086
stats: 200 55 1263
stats: size_rcv 213982 4168289
stats: newphase 0 4
stats: 502 18 668
stats: size_sent 82969 1809524
stats: connected -20 199
stats: 500 18 53
# stats: dump at 1512496806
stats: users 163 237
stats: {load,"tsung_controller@ip-172-31-29-152"} 1 0.0 0.0 0.0 0.0 0.0 31
stats: {recvpackets,"tsung_controller@ip-172-31-29-152"} 1 635.0 0.0 783 124 410.46666666666664 30
stats: {sentpackets,"tsung_controller@ip-172-31-29-152"} 1 728.0 0.0 916 132 445.3666666666667 30
stats: {cpu,"tsung_controller@ip-172-31-29-152"} 1 2.219979818365288 0.0 2.710843373493976 0.1004016064257028 0.7342251517666064 31
stats: {freemem,"tsung_controller@ip-172-31-29-152"} 1 3476.30078125 0.0 3531.5546875 3476.30078125 3511.8341733870966 31
stats: session 32 51632.77331249998 21916.101152334828 90587.795 526.141 32033.303011730204 682
stats: users_count 0 877
stats: finish_users_count 32 714
stats: request 119 15126.027436974788 6806.4082352835185 35959.775 0.451 7066.110557654723 3070
stats: connect 0 0 0 51.43 0.811 3.547324971493728 877
stats: page 119 15126.027436974788 6806.4082352835185 35959.775 0.451 7066.110557654723 3070
stats: 302 36 1122
stats: 200 56 1319
stats: size_rcv 195886 4364175
stats: newphase 0 4
stats: 502 15 683
stats: size_sent 66372 1875896
stats: connected -34 165
stats: 500 12 65
# stats: dump at 1512496816
stats: users 130 237
stats: {load,"tsung_controller@ip-172-31-29-152"} 1 0.0 0.0 0.0 0.0 0.0 32
stats: {recvpackets,"tsung_controller@ip-172-31-29-152"} 1 394.0 0.0 783 124 417.7096774193548 31
stats: {sentpackets,"tsung_controller@ip-172-31-29-152"} 1 380.0 0.0 916 132 454.48387096774195 31
stats: {cpu,"tsung_controller@ip-172-31-29-152"} 1 0.7007007007007007 0.0 2.710843373493976 0.1004016064257028 0.7806549850978153 32
stats: {freemem,"tsung_controller@ip-172-31-29-152"} 1 3475.58203125 0.0 3531.5546875 3475.58203125 3510.7237548828125 32
stats: session 33 54924.531787878776 20626.58327945544 90587.795 526.141 32911.7106442577 714
stats: users_count 0 877
stats: finish_users_count 33 747
stats: request 90 17481.679000000007 4399.13419088953 35959.775 0.451 7366.87258607714 3189
stats: connect 0 0 0 51.43 0.811 3.547324971493728 877
stats: page 90 17481.679000000007 4399.13419088953 35959.775 0.451 7366.87258607714 3189
stats: 302 40 1162
stats: 200 31 1350
stats: size_rcv 147537 4511712
stats: newphase 0 4
stats: 502 0 683
stats: size_sent 56349 1932245
stats: connected -35 130
stats: 500 19 84
# stats: dump at 1512496826
stats: users 89 237
stats: {load,"tsung_controller@ip-172-31-29-152"} 1 0.0 0.0 0.0 0.0 0.0 33
stats: {recvpackets,"tsung_controller@ip-172-31-29-152"} 1 278.0 0.0 783 124 416.96875 32
stats: {sentpackets,"tsung_controller@ip-172-31-29-152"} 1 286.0 0.0 916 132 452.15625 32
stats: {cpu,"tsung_controller@ip-172-31-29-152"} 1 0.20060180541624875 0.0 2.710843373493976 0.1004016064257028 0.7782321279948724 33
stats: {freemem,"tsung_controller@ip-172-31-29-152"} 1 3475.34765625 0.0 3531.5546875 3475.34765625 3509.6588541666665 33
stats: session 41 66003.33292682927 17594.13222828082 93998.204 526.141 33884.16459036144 747
stats: users_count 0 877
stats: finish_users_count 41 788
stats: request 106 17007.57958490565 5100.980152846559 35959.775 0.451 7644.497647758463 3279
stats: connect 0 0 0 51.43 0.811 3.547324971493728 877
stats: page 106 17007.57958490565 5100.980152846559 35959.775 0.451 7644.497647758463 3279
stats: 302 53 1215
stats: 200 41 1391
stats: size_rcv 170354 4682066
stats: newphase 0 4
stats: 502 0 683
stats: size_sent 38831 1971076
stats: connected -36 94
stats: 500 12 96
# stats: dump at 1512496836
stats: users 1 237
stats: {load,"tsung_controller@ip-172-31-29-152"} 1 0.0 0.0 0.0 0.0 0.0 34
stats: {recvpackets,"tsung_controller@ip-172-31-29-152"} 1 448.0 0.0 783 124 412.75757575757575 33
stats: {sentpackets,"tsung_controller@ip-172-31-29-152"} 1 457.0 0.0 916 132 447.1212121212121 33
stats: {cpu,"tsung_controller@ip-172-31-29-152"} 1 1.2 0.0 2.710843373493976 0.1004016064257028 0.761243000860207 34
stats: {freemem,"tsung_controller@ip-172-31-29-152"} 1 3475.015625 0.0 3531.5546875 3475.015625 3508.649701286765 34
stats: session 88 54888.116329545475 10348.991175081033 93998.204 526.141 35555.33959263959 788
stats: users_count 0 877
stats: finish_users_count 88 876
stats: request 122 6296.672614754099 4895.370859433677 35959.775 0.451 7937.699031905465 3385
stats: connect 0 0 0 51.43 0.811 3.547324971493728 877
stats: page 122 6296.672614754099 4895.370859433677 35959.775 0.451 7937.699031905465 3385
stats: 302 93 1308
stats: 200 29 1420
stats: size_rcv 112648 4794714
stats: newphase 0 4
stats: 502 0 683
stats: size_sent 47536 2018612
stats: connected -93 1
stats: 500 0 96
# stats: dump at 1512496844
stats: users 0 237
stats: {load,"tsung_controller@ip-172-31-29-152"} 1 0.0 0.0 0.0 0.0 0.0 35
stats: {recvpackets,"tsung_controller@ip-172-31-29-152"} 1 222.0 0.0 783 124 413.79411764705884 34
stats: {sentpackets,"tsung_controller@ip-172-31-29-152"} 1 289.0 0.0 916 132 447.4117647058824 34
stats: {cpu,"tsung_controller@ip-172-31-29-152"} 1 0.2008032128514056 0.0 2.710843373493976 0.1004016064257028 0.7737789151213439 35
stats: {freemem,"tsung_controller@ip-172-31-29-152"} 1 3482.8671875 0.0 3531.5546875 3475.015625 3507.6887276785715 35
stats: session 1 52442.606 0.0 93998.204 526.141 37497.445018264836 876
stats: users_count 0 877
stats: finish_users_count 1 877
stats: request 1 346.505 0.0 35959.775 0.451 7880.611714285714 3507
stats: connect 0 0 0 51.43 0.811 3.547324971493728 877
stats: page 1 346.505 0.0 35959.775 0.451 7880.611714285714 3507
stats: 302 1 1309
stats: 200 0 1420
stats: size_rcv 144 4794858
stats: newphase 0 4
stats: 502 0 683
stats: size_sent 937 2019549
stats: connected -1 0
stats: 500 0 96
EndMonitor:{1512,496844,423901}
