
=INFO REPORT==== 5-Dec-2017::17:54:46 ===
    ts_config_server:(5:<0.102.0>) Config server started, logdir is "/home/ec2-user/.tsung/log/20171205-1754"
 
=INFO REPORT==== 5-Dec-2017::17:54:46 ===
              ts_mon:(5:<0.83.0>) starting monitor, global 

=INFO REPORT==== 5-Dec-2017::17:54:46 ===
           ts_config:(5:<0.102.0>) Reading config file: create_order_opt.xml

=INFO REPORT==== 5-Dec-2017::17:54:46 ===
      ts_config_http:(4:<0.102.0>) Get user agent: 100 "Mozilla/5.0 (Windows; U; Windows NT 5.2; fr-FR; rv:1.7.8) Gecko/20050511\n      Firefox/1.0.4" 

=INFO REPORT==== 5-Dec-2017::17:54:46 ===
           ts_config:(5:<0.102.0>) Session name for id 1 is "http-example"

=INFO REPORT==== 5-Dec-2017::17:54:46 ===
    ts_config_server:(4:<0.102.0>) SYSINFO:Tsung version: 1.7.0

=INFO REPORT==== 5-Dec-2017::17:54:46 ===
    ts_config_server:(4:<0.102.0>) SYSINFO:Erlang version: Erlang/OTP 20 [erts-9.1] [source] [64-bit] [smp:1:1] [ds:1:1:10] [async-threads:8] [hipe] [kernel-poll:true]


=INFO REPORT==== 5-Dec-2017::17:54:46 ===
    ts_config_server:(4:<0.102.0>) SYSINFO:System architecture x86_64-unknown-linux-gnu

=INFO REPORT==== 5-Dec-2017::17:54:46 ===
    ts_config_server:(4:<0.102.0>) SYSINFO:Current path: /usr/local/lib/tsung/tsung-1.7.0/ebin/tsung.beam

=INFO REPORT==== 5-Dec-2017::17:54:46 ===
              ts_mon:(5:<0.103.0>) Activate clients with text backend

=INFO REPORT==== 5-Dec-2017::17:54:46 ===
              ts_mon:(5:<0.103.0>) Starting tsung clients on hosts: [localhost]

=INFO REPORT==== 5-Dec-2017::17:54:46 ===
    ts_config_server:(5:<0.102.0>) Start a launcher on the controller beam localhost

=INFO REPORT==== 5-Dec-2017::17:54:46 ===
  ts_launcher_static:(5:<0.154.0>) Launch msg receive ("localhost")

=INFO REPORT==== 5-Dec-2017::17:54:46 ===
         ts_launcher:(5:<0.155.0>) Launch msg receive ("localhost")

=INFO REPORT==== 5-Dec-2017::17:54:46 ===
    ts_config_server:(5:<0.102.0>) New arrival phase 1 for client "localhost" (last ? true): will start 60 users

=INFO REPORT==== 5-Dec-2017::17:54:46 ===
    ts_config_server:(5:<0.102.0>) New arrival phase 2 for client "localhost" (last ? true): will start 120 users

=INFO REPORT==== 5-Dec-2017::17:54:46 ===
    ts_config_server:(5:<0.102.0>) New arrival phase 3 for client "localhost" (last ? true): will start 180 users

=INFO REPORT==== 5-Dec-2017::17:54:46 ===
    ts_config_server:(5:<0.102.0>) New arrival phase 4 for client "localhost" (last ? true): will start 240 users

=INFO REPORT==== 5-Dec-2017::17:54:46 ===
    ts_config_server:(5:<0.102.0>) New arrival phase 5 for client "localhost" (last ? true): will start 300 users

=INFO REPORT==== 5-Dec-2017::17:54:46 ===
         ts_launcher:(5:<0.155.0>) Expected duration of first phase: 60.0 sec (60 users) 

=INFO REPORT==== 5-Dec-2017::17:54:46 ===
         ts_launcher:(5:<0.155.0>) Activate launcher (60 users) in 1086 msec 

=INFO REPORT==== 5-Dec-2017::17:55:43 ===
         ts_launcher:(4:<0.155.0>) Need to wait 4.148 sec before changing phase, going to sleep

=INFO REPORT==== 5-Dec-2017::17:55:47 ===
         ts_launcher:(5:<0.155.0>) Waking up

=INFO REPORT==== 5-Dec-2017::17:55:47 ===
         ts_launcher:(5:<0.155.0>) Start a new arrival phase (120 users, 0.002); expected duration=60.0 sec

=INFO REPORT==== 5-Dec-2017::17:56:48 ===
         ts_launcher:(5:<0.155.0>) Phase duration exceeded, but not all users were launched (12 users, 10.0% of phase)

=INFO REPORT==== 5-Dec-2017::17:56:48 ===
         ts_launcher:(5:<0.155.0>) Start a new arrival phase (180 users, 0.003); expected duration=60.0 sec

=INFO REPORT==== 5-Dec-2017::17:57:43 ===
         ts_launcher:(4:<0.155.0>) Need to wait 4.873 sec before changing phase, going to sleep

=INFO REPORT==== 5-Dec-2017::17:57:48 ===
         ts_launcher:(5:<0.155.0>) Waking up

=INFO REPORT==== 5-Dec-2017::17:57:48 ===
         ts_launcher:(5:<0.155.0>) Start a new arrival phase (240 users, 0.004); expected duration=60.0 sec

=INFO REPORT==== 5-Dec-2017::17:58:48 ===
         ts_launcher:(5:<0.155.0>) Phase duration exceeded, but not all users were launched (10 users, 4.2% of phase)

=INFO REPORT==== 5-Dec-2017::17:58:48 ===
         ts_launcher:(5:<0.155.0>) Start a new arrival phase (300 users, 0.005); expected duration=60.0 sec

=INFO REPORT==== 5-Dec-2017::17:59:48 ===
         ts_launcher:(5:<0.155.0>) Phase duration exceeded, but not all users were launched (1 users, 0.3% of phase)

=INFO REPORT==== 5-Dec-2017::17:59:48 ===
         ts_launcher:(5:<0.155.0>) This was the last phase, wait for connected users to finish their session

=INFO REPORT==== 5-Dec-2017::18:00:43 ===
     ts_launcher_mgr:(5:<0.149.0>) No more active users 'tsung_controller@ip-172-31-29-152' "3150"
