# stats: dump at 1512497376
stats: users 12 12
stats: {cpu,"tsung_controller@ip-172-31-25-97"} 1 4.529782863849766 0 4.529782863849766 4.529782863849766 0 0
stats: {load,"tsung_controller@ip-172-31-25-97"} 1 0.01171875 0 0.01171875 0.01171875 0 0
stats: {freemem,"tsung_controller@ip-172-31-25-97"} 1 3536.55078125 0 3536.55078125 3536.55078125 0 0
stats: users_count 12 12
stats: finish_users_count 0 0
stats: request 13 578.1650000000001 568.8495682830796 1899.009 8.994 0 0
stats: connect 11 5.6859090909090915 10.538365678488942 38.491 1.142 0 0
stats: page 13 578.1650000000001 568.8495682830796 1899.009 8.994 0 0
stats: 302 4 4
stats: 200 9 9
stats: size_rcv 21457 21457
stats: size_sent 8126 8126
stats: connected 11 11
# stats: dump at 1512497386
stats: users 18 18
stats: {recvpackets,"tsung_controller@ip-172-31-25-97"} 1 3087 0 3087 3087 0 0
stats: {sentpackets,"tsung_controller@ip-172-31-25-97"} 1 1159 0 1159 1159 0 0
stats: {cpu,"tsung_controller@ip-172-31-25-97"} 1 1.3902681231380336 0.0 4.529782863849766 1.3902681231380336 4.529782863849766 1
stats: {load,"tsung_controller@ip-172-31-25-97"} 1 0.0 0.0 0.01171875 0.0 0.01171875 1
stats: {freemem,"tsung_controller@ip-172-31-25-97"} 1 3534.79296875 0.0 3536.55078125 3534.79296875 3536.55078125 1
stats: users_count 6 18
stats: finish_users_count 0 0
stats: request 19 3191.519526315789 2268.8258074557643 8736.131 8.994 578.1650000000001 13
stats: connect 6 2.655666666666667 2.285809751974609 38.491 1.142 5.6859090909090915 11
stats: page 19 3191.519526315789 2268.8258074557643 8736.131 8.994 578.1650000000001 13
stats: 302 8 12
stats: 200 11 20
stats: size_rcv 6481999 6503456
stats: size_sent 14919 23045
stats: connected 6 17
# stats: dump at 1512497396
stats: users 20 21
stats: {recvpackets,"tsung_controller@ip-172-31-25-97"} 1 1558.0 0.0 3087 1558 3087.0 1
stats: {sentpackets,"tsung_controller@ip-172-31-25-97"} 1 743.0 0.0 1159 743 1159.0 1
stats: {cpu,"tsung_controller@ip-172-31-25-97"} 1 0.8 0.0 4.529782863849766 0.8 2.9600254934939 2
stats: {load,"tsung_controller@ip-172-31-25-97"} 1 0.0 0.0 0.01171875 0.0 0.005859375 2
stats: {freemem,"tsung_controller@ip-172-31-25-97"} 1 3533.73046875 0.0 3536.55078125 3533.73046875 3535.671875 2
stats: session 5 22369.1818 3226.698392260448 28204.084 19290.67 0 0
stats: users_count 7 25
stats: finish_users_count 5 5
stats: request 24 6074.773791666666 3653.032901512784 14497.642 8.994 2129.8442499999996 32
stats: connect 8 3.6197500000000002 3.373941343221604 38.491 1.142 4.616411764705883 17
stats: page 24 6074.773791666666 3653.032901512784 14497.642 8.994 2129.8442499999996 32
stats: 302 5 17
stats: 200 10 30
stats: size_rcv 8650867 15154323
stats: size_sent 15081 38126
stats: connected 3 20
stats: 500 9 9
# stats: dump at 1512497406
stats: users 21 23
stats: {recvpackets,"tsung_controller@ip-172-31-25-97"} 1 10567.0 0.0 10567 1558 2322.5 2
stats: {sentpackets,"tsung_controller@ip-172-31-25-97"} 1 4376.0 0.0 4376 743 951.0 2
stats: {cpu,"tsung_controller@ip-172-31-25-97"} 1 2.6052104208416833 0.0 4.529782863849766 0.8 2.2400169956625997 3
stats: {load,"tsung_controller@ip-172-31-25-97"} 1 0.0 0.0 0.01171875 0.0 0.00390625 3
stats: {freemem,"tsung_controller@ip-172-31-25-97"} 1 3532.0390625 0.0 3536.55078125 3532.0390625 3535.0247395833335 3
stats: session 8 26378.829625000002 4451.24332675116 32599.872 18641.478 22369.1818 5
stats: users_count 9 34
stats: finish_users_count 8 13
stats: request 33 4703.02596969697 3251.4946479619457 14497.642 8.994 3820.528339285713 56
stats: connect 9 4.768666666666666 3.873660944263335 38.491 1.142 4.29748 25
stats: page 33 4703.02596969697 3251.4946479619457 14497.642 8.994 3820.528339285713 56
stats: 302 7 24
stats: 200 17 47
stats: size_rcv 15130501 30284824
stats: size_sent 21850 59976
stats: connected 2 22
stats: 500 9 18
# stats: dump at 1512497416
stats: users 17 23
stats: {recvpackets,"tsung_controller@ip-172-31-25-97"} 1 9115.0 0.0 10567 1558 5070.666666666667 3
stats: {sentpackets,"tsung_controller@ip-172-31-25-97"} 1 4060.0 0.0 4376 743 2092.6666666666665 3
stats: {cpu,"tsung_controller@ip-172-31-25-97"} 1 3.0 0.0 4.529782863849766 0.8 2.3313153519573704 4
stats: {load,"tsung_controller@ip-172-31-25-97"} 1 0.0 0.0 0.01171875 0.0 0.0029296875 4
stats: {freemem,"tsung_controller@ip-172-31-25-97"} 1 3531.78515625 0.0 3536.55078125 3531.78515625 3534.2783203125 4
stats: session 8 25012.435125 4407.620066798505 32599.872 16260.219 24836.657384615384 13
stats: users_count 4 38
stats: finish_users_count 8 21
stats: request 28 5126.388642857143 3508.4442109965435 14497.642 8.994 4147.746561797751 89
stats: connect 4 4.25725 2.816155391220449 38.491 1.142 4.422205882352942 34
stats: page 28 5126.388642857143 3508.4442109965435 14497.642 8.994 4147.746561797751 89
stats: 302 6 30
stats: 200 10 57
stats: size_rcv 10822220 41107044
stats: size_sent 17038 77014
stats: connected -5 17
stats: 500 12 30
# stats: dump at 1512497426
stats: users 17 23
stats: {recvpackets,"tsung_controller@ip-172-31-25-97"} 1 7565.0 0.0 10567 1558 6081.75 4
stats: {sentpackets,"tsung_controller@ip-172-31-25-97"} 1 2573.0 0.0 4376 743 2584.5 4
stats: {cpu,"tsung_controller@ip-172-31-25-97"} 1 1.7017017017017018 0.0 4.529782863849766 0.8 2.4650522815658964 5
stats: {load,"tsung_controller@ip-172-31-25-97"} 1 0.0 0.0 0.01171875 0.0 0.00234375 5
stats: {freemem,"tsung_controller@ip-172-31-25-97"} 1 3530.60546875 0.0 3536.55078125 3530.60546875 3533.7796875 5
stats: session 8 25889.137625 8398.388759656298 43779.856 16260.219 24903.620333333332 21
stats: users_count 8 46
stats: finish_users_count 8 29
stats: request 31 4673.528903225807 3640.0041325668167 14497.642 8.994 4381.951504273503 117
stats: connect 8 2.268875 1.2622423932727818 38.491 1.142 4.404842105263159 38
stats: page 31 4673.528903225807 3640.0041325668167 14497.642 8.994 4381.951504273503 117
stats: 302 5 35
stats: 200 16 73
stats: size_rcv 15151069 56258113
stats: size_sent 20961 97975
stats: connected 1 18
stats: 500 11 41
# stats: dump at 1512497436
stats: users 22 23
stats: {recvpackets,"tsung_controller@ip-172-31-25-97"} 1 9189.0 0.0 10567 1558 6378.4 5
stats: {sentpackets,"tsung_controller@ip-172-31-25-97"} 1 3840.0 0.0 4376 743 2582.2 5
stats: {cpu,"tsung_controller@ip-172-31-25-97"} 1 2.404809619238477 0.0 4.529782863849766 0.8 2.337827184921864 6
stats: {load,"tsung_controller@ip-172-31-25-97"} 1 0.0 0.0 0.01171875 0.0 0.001953125 6
stats: {freemem,"tsung_controller@ip-172-31-25-97"} 1 3531.0703125 0.0 3536.55078125 3530.60546875 3533.2506510416665 6
stats: session 7 25225.74457142857 3801.08962487506 43779.856 16260.219 25175.487172413796 29
stats: users_count 12 58
stats: finish_users_count 7 36
stats: request 31 4533.548419354841 3665.2592743423884 14497.642 8.994 4443.025148648648 148
stats: connect 12 4.941833333333333 7.906177951801714 38.491 1.142 4.0333695652173915 46
stats: page 31 4533.548419354841 3665.2592743423884 14497.642 8.994 4443.025148648648 148
stats: 302 4 39
stats: 200 17 90
stats: size_rcv 13008986 69267099
stats: newphase 1 1
stats: size_sent 16087 114062
stats: connected 4 22
stats: 500 9 50
# stats: dump at 1512497446
stats: users 38 38
stats: {recvpackets,"tsung_controller@ip-172-31-25-97"} 1 10112.0 0.0 10567 1558 6846.833333333333 6
stats: {sentpackets,"tsung_controller@ip-172-31-25-97"} 1 4618.0 0.0 4618 743 2791.8333333333335 6
stats: {cpu,"tsung_controller@ip-172-31-25-97"} 1 5.876494023904383 0.0 5.876494023904383 0.8 2.3473961041099516 7
stats: {load,"tsung_controller@ip-172-31-25-97"} 1 0.0 0.0 0.01171875 0.0 0.0016741071428571428 7
stats: {freemem,"tsung_controller@ip-172-31-25-97"} 1 3530.421875 0.0 3536.55078125 3530.421875 3532.9391741071427 7
stats: session 6 23597.05516666667 4210.847463986848 43779.856 16260.219 25185.259444444448 36
stats: users_count 22 80
stats: finish_users_count 6 42
stats: request 54 3838.223333333334 3224.0363351348533 14497.642 8.994 4458.702363128491 179
stats: connect 21 3.4020952380952383 2.538979733311749 38.491 1.142 4.221327586206897 58
stats: page 54 3838.223333333334 3224.0363351348533 14497.642 8.994 4458.702363128491 179
stats: 302 8 47
stats: 200 27 117
stats: size_rcv 13055314 82322413
stats: newphase 0 1
stats: size_sent 29775 143837
stats: connected 15 37
stats: 500 19 69
# stats: dump at 1512497456
stats: users 45 46
stats: {recvpackets,"tsung_controller@ip-172-31-25-97"} 1 8471.0 0.0 10567 1558 7313.285714285715 7
stats: {sentpackets,"tsung_controller@ip-172-31-25-97"} 1 3964.0 0.0 4618 743 3052.714285714286 7
stats: {cpu,"tsung_controller@ip-172-31-25-97"} 1 3.1904287138584246 0.0 5.876494023904383 0.8 2.7885333440842555 8
stats: {load,"tsung_controller@ip-172-31-25-97"} 1 0.0 0.0 0.01171875 0.0 0.00146484375 8
stats: {freemem,"tsung_controller@ip-172-31-25-97"} 1 3527.59375 0.0 3536.55078125 3527.59375 3532.62451171875 8
stats: session 12 21875.988166666666 4306.817473626279 43779.856 15884.264 24958.37311904762 42
stats: users_count 19 99
stats: finish_users_count 12 54
stats: request 62 4344.6938064516125 3266.41922223 14497.642 8.994 4314.900356223176 233
stats: connect 18 4.008500000000001 2.587814012078749 38.491 1.142 4.003556962025317 79
stats: page 62 4344.6938064516125 3266.41922223 14497.642 8.994 4314.900356223176 233
stats: 302 10 57
stats: 200 23 140
stats: size_rcv 10907759 93230172
stats: newphase 0 1
stats: size_sent 41244 185081
stats: connected 6 43
stats: 500 29 98
# stats: dump at 1512497466
stats: users 52 53
stats: {recvpackets,"tsung_controller@ip-172-31-25-97"} 1 6272.0 0.0 10567 1558 7458.0 8
stats: {sentpackets,"tsung_controller@ip-172-31-25-97"} 1 2262.0 0.0 4618 743 3166.625 8
stats: {cpu,"tsung_controller@ip-172-31-25-97"} 1 2.197802197802198 0.0 5.876494023904383 0.8 2.833188385170274 9
stats: {load,"tsung_controller@ip-172-31-25-97"} 1 0.0 0.0 0.01171875 0.0 0.0013020833333333333 9
stats: {freemem,"tsung_controller@ip-172-31-25-97"} 1 3526.01953125 0.0 3536.55078125 3526.01953125 3532.0655381944443 9
stats: session 16 25293.12775 5548.829279464527 43779.856 15457.465 24273.398685185188 54
stats: users_count 23 122
stats: finish_users_count 16 70
stats: request 66 4315.518287878788 3098.8739808443756 14497.642 8.994 4321.162030508474 295
stats: connect 25 4.110319999999999 3.037980483413282 38.491 1.142 4.004474226804124 97
stats: page 66 4315.518287878788 3098.8739808443756 14497.642 8.994 4321.162030508474 295
stats: 302 10 67
stats: 200 22 162
stats: size_rcv 8756108 101986280
stats: newphase 0 1
stats: size_sent 46704 231785
stats: connected 9 52
stats: 500 34 132
# stats: dump at 1512497476
stats: users 53 58
stats: {recvpackets,"tsung_controller@ip-172-31-25-97"} 1 6303.0 0.0 10567 1558 7326.222222222223 9
stats: {sentpackets,"tsung_controller@ip-172-31-25-97"} 1 2944.0 0.0 4618 743 3066.1111111111113 9
stats: {cpu,"tsung_controller@ip-172-31-25-97"} 1 2.3046092184368736 0.0 5.876494023904383 0.8 2.7696497664334663 10
stats: {load,"tsung_controller@ip-172-31-25-97"} 1 0.0 0.0 0.01171875 0.0 0.001171875 10
stats: {freemem,"tsung_controller@ip-172-31-25-97"} 1 3525.63671875 0.0 3536.55078125 3525.63671875 3531.4609375 10
stats: session 23 23598.80969565217 4946.517682826333 43779.856 13995.886 24506.479614285716 70
stats: users_count 24 146
stats: finish_users_count 23 93
stats: request 99 4809.490808080806 2916.708620739098 14497.642 8.994 4320.130210526315 361
stats: connect 23 4.117043478260869 2.878439650956156 38.491 1.142 4.026163934426229 122
stats: page 99 4809.490808080806 2916.708620739098 14497.642 8.994 4320.130210526315 361
stats: 302 10 77
stats: 200 34 196
stats: size_rcv 10993636 112979916
stats: newphase 0 1
stats: size_sent 56008 287793
stats: connected 1 53
stats: 500 55 187
# stats: dump at 1512497486
stats: users 62 63
stats: {recvpackets,"tsung_controller@ip-172-31-25-97"} 1 7956.0 0.0 10567 1558 7223.9 10
stats: {sentpackets,"tsung_controller@ip-172-31-25-97"} 1 3890.0 0.0 4618 743 3053.9 10
stats: {cpu,"tsung_controller@ip-172-31-25-97"} 1 4.990019960079841 0.0 5.876494023904383 0.8 2.727373352979231 11
stats: {load,"tsung_controller@ip-172-31-25-97"} 1 0.0 0.0 0.01171875 0.0 0.001065340909090909 11
stats: {freemem,"tsung_controller@ip-172-31-25-97"} 1 3525.05078125 0.0 3536.55078125 3525.05078125 3530.931463068182 11
stats: session 13 25834.34584615384 4150.3253161666335 43779.856 13995.886 24282.00210752688 93
stats: users_count 22 168
stats: finish_users_count 13 106
stats: request 69 6021.317942028985 3147.226844278055 14695.09 8.994 4425.44912173913 460
stats: connect 23 4.733913043478262 4.1748737852626565 38.491 1.142 4.040579310344827 145
stats: page 69 6021.317942028985 3147.226844278055 14695.09 8.994 4425.44912173913 460
stats: 302 9 86
stats: 200 24 220
stats: size_rcv 8776324 121756240
stats: newphase 0 1
stats: size_sent 42410 330203
stats: connected 9 62
stats: 500 36 223
# stats: dump at 1512497496
stats: users 71 72
stats: {recvpackets,"tsung_controller@ip-172-31-25-97"} 1 7921.0 0.0 10567 1558 7290.454545454545 11
stats: {sentpackets,"tsung_controller@ip-172-31-25-97"} 1 3906.0 0.0 4618 743 3129.909090909091 11
stats: {cpu,"tsung_controller@ip-172-31-25-97"} 1 4.990019960079841 0.0 5.876494023904383 0.8 2.9159272369042815 12
stats: {load,"tsung_controller@ip-172-31-25-97"} 1 0.0 0.0 0.01171875 0.0 9.765625e-4 12
stats: {freemem,"tsung_controller@ip-172-31-25-97"} 1 3522.99609375 0.0 3536.55078125 3522.99609375 3530.44140625 12
stats: session 16 26426.503125000003 4564.262375979275 43779.856 13995.886 24472.38388679245 106
stats: users_count 25 193
stats: finish_users_count 16 122
stats: request 82 6286.68807317073 3181.8556870337393 15462.295 8.994 4633.6059243856325 529
stats: connect 25 6.047040000000001 6.709103746283851 38.491 1.142 4.1355 168
stats: page 82 6286.68807317073 3181.8556870337393 15462.295 8.994 4633.6059243856325 529
stats: 302 11 97
stats: 200 24 244
stats: size_rcv 10959779 132716019
stats: newphase 1 2
stats: size_sent 50215 380418
stats: connected 9 71
stats: 500 47 270
# stats: dump at 1512497506
stats: users 83 84
stats: {recvpackets,"tsung_controller@ip-172-31-25-97"} 1 6342.0 0.0 10567 1558 7343.0 12
stats: {sentpackets,"tsung_controller@ip-172-31-25-97"} 1 3064.0 0.0 4618 743 3194.5833333333335 12
stats: {cpu,"tsung_controller@ip-172-31-25-97"} 1 2.9791459781529297 0.0 5.876494023904383 0.8 3.0754728309947095 13
stats: {load,"tsung_controller@ip-172-31-25-97"} 1 0.0 0.0 0.01171875 0.0 9.014423076923077e-4 13
stats: {freemem,"tsung_controller@ip-172-31-25-97"} 1 3519.66796875 0.0 3536.55078125 3519.66796875 3529.868689903846 13
stats: session 17 32203.36929411765 5041.623571884753 44209.134 13995.886 24728.66181967213 122
stats: users_count 29 222
stats: finish_users_count 17 139
stats: request 79 6394.9029367088615 3041.340161854423 15462.295 8.994 4855.459829787233 611
stats: connect 29 3.478689655172413 2.924840344637143 38.491 1.142 4.383108808290157 193
stats: page 79 6394.9029367088615 3041.340161854423 15462.295 8.994 4855.459829787233 611
stats: 302 6 103
stats: 200 32 276
stats: size_rcv 10973191 143689210
stats: newphase 0 2
stats: size_sent 55685 436103
stats: connected 13 84
stats: 500 41 311
# stats: dump at 1512497516
stats: users 96 98
stats: {recvpackets,"tsung_controller@ip-172-31-25-97"} 1 8215.0 0.0 10567 1558 7266.0 13
stats: {sentpackets,"tsung_controller@ip-172-31-25-97"} 1 2959.0 0.0 4618 743 3184.5384615384614 13
stats: {cpu,"tsung_controller@ip-172-31-25-97"} 1 3.3763654419066533 0.0 5.876494023904383 0.8 3.068592341506011 14
stats: {load,"tsung_controller@ip-172-31-25-97"} 1 0.0 0.0 0.01171875 0.0 8.370535714285714e-4 14
stats: {freemem,"tsung_controller@ip-172-31-25-97"} 1 3517.62109375 0.0 3536.55078125 3517.62109375 3529.140066964286 14
stats: session 21 34072.21580952381 5724.24135869424 49322.348 13995.886 25642.83467625899 139
stats: users_count 34 256
stats: finish_users_count 21 160
stats: request 89 7926.171157303371 2674.460663656863 15462.295 8.994 5031.714910144927 690
stats: connect 34 2.9043235294117653 2.43391362068907 38.491 1.142 4.2649639639639645 222
stats: page 89 7926.171157303371 2674.460663656863 15462.295 8.994 5031.714910144927 690
stats: 302 6 109
stats: 200 33 309
stats: size_rcv 13162214 156851424
stats: newphase 0 2
stats: size_sent 54126 490229
stats: connected 12 96
stats: 500 50 361
# stats: dump at 1512497526
stats: users 110 113
stats: {recvpackets,"tsung_controller@ip-172-31-25-97"} 1 9168.0 0.0 10567 1558 7333.785714285715 14
stats: {sentpackets,"tsung_controller@ip-172-31-25-97"} 1 4085.0 0.0 4618 743 3168.4285714285716 14
stats: {cpu,"tsung_controller@ip-172-31-25-97"} 1 5.278884462151394 0.0 5.876494023904383 0.8 3.089110548199387 15
stats: {load,"tsung_controller@ip-172-31-25-97"} 1 0.0 0.0 0.01171875 0.0 7.8125e-4 15
stats: {freemem,"tsung_controller@ip-172-31-25-97"} 1 3516.7265625 0.0 3536.55078125 3516.7265625 3528.372135416667 15
stats: session 15 37745.771199999996 5008.663911841576 49322.348 13995.886 26749.190949999997 160
stats: users_count 29 285
stats: finish_users_count 15 175
stats: request 76 9407.07305263157 3102.018837493789 18289.902 8.994 5362.403749679075 779
stats: connect 29 4.258827586206899 3.341507682313949 38.491 1.142 4.084253906250001 256
stats: page 76 9407.07305263157 3102.018837493789 18289.902 8.994 5362.403749679075 779
stats: 302 3 112
stats: 200 33 342
stats: size_rcv 10979049 167830473
stats: newphase 0 2
stats: size_sent 51510 541739
stats: connected 14 110
stats: 500 40 401
# stats: dump at 1512497536
stats: users 130 130
stats: {recvpackets,"tsung_controller@ip-172-31-25-97"} 1 9596.0 0.0 10567 1558 7456.066666666667 15
stats: {sentpackets,"tsung_controller@ip-172-31-25-97"} 1 4420.0 0.0 4618 743 3229.5333333333333 15
stats: {cpu,"tsung_controller@ip-172-31-25-97"} 1 5.858987090367428 0.0 5.876494023904383 0.8 3.2259714178213876 16
stats: {load,"tsung_controller@ip-172-31-25-97"} 1 0.0 0.0 0.01171875 0.0 7.32421875e-4 16
stats: {freemem,"tsung_controller@ip-172-31-25-97"} 1 3515.98828125 0.0 3536.55078125 3515.98828125 3527.644287109375 16
stats: session 14 38871.81307142858 3957.565787098272 49322.348 13995.886 27691.754971428567 175
stats: users_count 34 319
stats: finish_users_count 14 189
stats: request 76 11559.699171052636 2674.311363725698 18289.902 8.994 5721.929909941519 855
stats: connect 32 3.62084375 2.5544348825789114 38.491 1.142 4.10201754385965 285
stats: page 76 11559.699171052636 2674.311363725698 18289.902 8.994 5721.929909941519 855
stats: 302 5 117
stats: 200 23 365
stats: size_rcv 10975660 178806133
stats: newphase 0 2
stats: size_sent 49052 590791
stats: connected 18 128
stats: 500 48 449
# stats: dump at 1512497546
stats: users 142 147
stats: {recvpackets,"tsung_controller@ip-172-31-25-97"} 1 8958.0 0.0 10567 1558 7589.8125 16
stats: {sentpackets,"tsung_controller@ip-172-31-25-97"} 1 4026.0 0.0 4618 743 3303.9375 16
stats: {cpu,"tsung_controller@ip-172-31-25-97"} 1 5.841584158415842 0.0 5.876494023904383 0.8 3.380854692677037 17
stats: {load,"tsung_controller@ip-172-31-25-97"} 1 0.0 0.0 0.01171875 0.0 6.893382352941177e-4 17
stats: {freemem,"tsung_controller@ip-172-31-25-97"} 1 3515.234375 0.0 3536.55078125 3515.234375 3526.9586397058824 17
stats: session 17 43595.088058823516 3749.255886131754 51619.405 13995.886 28519.90742328042 189
stats: users_count 29 348
stats: finish_users_count 17 206
stats: request 89 12946.779258426965 2756.4403835918547 19841.627 8.994 6198.482502685283 931
stats: connect 30 2.9952333333333327 2.2800526848201454 38.491 1.142 4.053444794952682 317
stats: page 89 12946.779258426965 2756.4403835918547 19841.627 8.994 6198.482502685283 931
stats: 302 9 126
stats: 200 38 403
stats: size_rcv 13168562 191974695
stats: newphase 0 2
stats: size_sent 49655 640446
stats: connected 14 142
stats: 500 42 491
# stats: dump at 1512497556
stats: users 159 159
stats: {recvpackets,"tsung_controller@ip-172-31-25-97"} 1 6997.0 0.0 10567 1558 7670.294117647059 17
stats: {sentpackets,"tsung_controller@ip-172-31-25-97"} 1 3227.0 0.0 4618 743 3346.4117647058824 17
stats: {cpu,"tsung_controller@ip-172-31-25-97"} 1 2.888446215139442 0.0 5.876494023904383 0.8 3.517561885218081 18
stats: {load,"tsung_controller@ip-172-31-25-97"} 1 0.0 0.0 0.01171875 0.0 6.510416666666666e-4 18
stats: {freemem,"tsung_controller@ip-172-31-25-97"} 1 3512.05078125 0.0 3536.55078125 3512.05078125 3526.3072916666665 18
stats: session 11 50098.71599999999 4550.888934740034 58747.302 13995.886 29763.975728155336 206
stats: users_count 28 376
stats: finish_users_count 11 217
stats: request 82 13344.736292682928 3273.0628467176653 22474.086 8.994 6787.304474509803 1020
stats: connect 28 4.271214285714287 5.868621372283655 38.491 1.142 3.9619567723342946 347
stats: page 82 13344.736292682928 3273.0628467176653 22474.086 8.994 6787.304474509803 1020
stats: 302 8 134
stats: 200 35 438
stats: size_rcv 8822326 200797021
stats: newphase 1 3
stats: size_sent 63780 704226
stats: connected 16 158
stats: 500 39 530
# stats: dump at 1512497566
stats: users 178 184
stats: {recvpackets,"tsung_controller@ip-172-31-25-97"} 1 7608.0 0.0 10567 1558 7632.888888888889 18
stats: {sentpackets,"tsung_controller@ip-172-31-25-97"} 1 3074.0 0.0 4618 743 3339.777777777778 18
stats: {cpu,"tsung_controller@ip-172-31-25-97"} 1 3.090727816550349 0.0 5.876494023904383 0.8 3.4844505341613106 19
stats: {load,"tsung_controller@ip-172-31-25-97"} 1 0.0 0.0 0.01171875 0.0 6.167763157894736e-4 19
stats: {freemem,"tsung_controller@ip-172-31-25-97"} 1 3509.328125 0.0 3536.55078125 3509.328125 3525.556949013158 19
stats: session 22 52798.07254545456 4600.683271965279 61022.771 13995.886 30794.76901382488 217
stats: users_count 41 417
stats: finish_users_count 22 239
stats: request 93 14542.811645161293 4674.224474489206 22786.528 1.057 7275.244047186932 1102
stats: connect 42 3.1380238095238093 2.2749273194888926 38.491 1.142 3.985048000000001 375
stats: page 93 14542.811645161293 4674.224474489206 22786.528 1.057 7275.244047186932 1102
stats: 302 3 137
stats: 200 23 461
stats: size_rcv 13173750 213970771
stats: newphase 0 3
stats: 502 7 7
stats: size_sent 51760 755986
stats: connected 20 178
stats: 500 60 590
# stats: dump at 1512497576
stats: users 204 204
stats: {recvpackets,"tsung_controller@ip-172-31-25-97"} 1 9819.0 0.0 10567 1558 7631.578947368421 19
stats: {sentpackets,"tsung_controller@ip-172-31-25-97"} 1 4367.0 0.0 4618 743 3325.7894736842104 19
stats: {cpu,"tsung_controller@ip-172-31-25-97"} 1 5.5721393034825875 0.0 5.876494023904383 0.8 3.4647643982807628 20
stats: {load,"tsung_controller@ip-172-31-25-97"} 1 0.0 0.0 0.01171875 0.0 5.859375e-4 20
stats: {freemem,"tsung_controller@ip-172-31-25-97"} 1 3508.45703125 0.0 3536.55078125 3508.45703125 3524.7455078125 20
stats: session 17 57178.922529411764 3320.8061792405 62892.959 13995.886 32820.17770711297 239
stats: users_count 43 460
stats: finish_users_count 17 256
stats: request 79 16704.329746835436 2682.045559045679 23948.157 1.057 7840.837174058578 1195
stats: connect 43 4.717976744186046 3.749842424524195 38.491 1.142 3.8997362110311755 417
stats: page 79 16704.329746835436 2682.045559045679 23948.157 1.057 7840.837174058578 1195
stats: 302 9 146
stats: 200 32 493
stats: size_rcv 8819356 222790127
stats: newphase 0 3
stats: 502 0 7
stats: size_sent 58270 814256
stats: connected 26 204
stats: 500 38 628
# stats: dump at 1512497586
stats: users 213 214
stats: {recvpackets,"tsung_controller@ip-172-31-25-97"} 1 6601.0 0.0 10567 1558 7740.95 20
stats: {sentpackets,"tsung_controller@ip-172-31-25-97"} 1 3359.0 0.0 4618 743 3377.85 20
stats: {cpu,"tsung_controller@ip-172-31-25-97"} 1 7.41106719367589 0.0 7.41106719367589 0.8 3.5651155842427547 21
stats: {load,"tsung_controller@ip-172-31-25-97"} 1 0.1484375 0.0 0.1484375 0.0 5.580357142857143e-4 21
stats: {freemem,"tsung_controller@ip-172-31-25-97"} 1 3507.4375 0.0 3536.55078125 3507.4375 3523.9698660714284 21
stats: session 27 53756.70162962962 14734.677285884947 71577.288 13995.886 34437.75060546875 256
stats: users_count 36 496
stats: finish_users_count 27 283
stats: request 145 10837.582758620685 9266.748223304037 24763.002 0.886 8390.457200156985 1274
stats: connect 36 3.761305555555556 2.69263248739804 38.491 1.142 3.976223913043479 460
stats: page 145 10837.582758620685 9266.748223304037 24763.002 0.886 8390.457200156985 1274
stats: 302 3 149
stats: 200 41 534
stats: size_rcv 13210398 236000525
stats: newphase 0 3
stats: 502 59 66
stats: size_sent 83244 897500
stats: connected 9 213
stats: 500 42 670
# stats: dump at 1512497596
stats: users 223 223
stats: {recvpackets,"tsung_controller@ip-172-31-25-97"} 1 11117.0 0.0 11117 1558 7686.666666666667 21
stats: {sentpackets,"tsung_controller@ip-172-31-25-97"} 1 3838.0 0.0 4618 743 3376.9523809523807 21
stats: {cpu,"tsung_controller@ip-172-31-25-97"} 1 4.079601990049751 0.0 7.41106719367589 0.8 3.7399315664897155 22
stats: {load,"tsung_controller@ip-172-31-25-97"} 1 0.12109375 0.0 0.1484375 0.0 0.007279829545454545 22
stats: {freemem,"tsung_controller@ip-172-31-25-97"} 1 3506.35546875 0.0 3536.55078125 3506.35546875 3523.2183948863635 22
stats: session 27 48759.77429629631 22352.70033156304 74794.426 1326.015 36280.90140989399 283
stats: users_count 37 533
stats: finish_users_count 27 310
stats: request 171 10180.27669590643 10307.198620710533 28715.901 0.869 8640.515837209301 1419
stats: connect 36 4.5891111111111105 3.355307617771662 38.491 1.142 3.9606250000000007 496
stats: page 171 10180.27669590643 10307.198620710533 28715.901 0.869 8640.515837209301 1419
stats: 302 8 157
stats: 200 40 574
stats: size_rcv 11042194 247042719
stats: newphase 0 3
stats: 502 85 151
stats: size_sent 93984 991484
stats: connected 9 222
stats: 500 39 709
# stats: dump at 1512497606
stats: users 212 235
stats: {recvpackets,"tsung_controller@ip-172-31-25-97"} 1 6530.0 0.0 11117 1558 7842.590909090909 22
stats: {sentpackets,"tsung_controller@ip-172-31-25-97"} 1 2759.0 0.0 4618 743 3397.909090909091 22
stats: {cpu,"tsung_controller@ip-172-31-25-97"} 1 3.758654797230465 0.0 7.41106719367589 0.8 3.754699845774934 23
stats: {load,"tsung_controller@ip-172-31-25-97"} 1 0.1015625 0.0 0.1484375 0.0 0.012228260869565218 23
stats: {freemem,"tsung_controller@ip-172-31-25-97"} 1 3503.5390625 0.0 3536.55078125 3503.5390625 3522.4852241847825 23
stats: session 42 48708.21597619046 22301.0294600828 78663.461 1326.015 37367.77098387096 310
stats: users_count 31 564
stats: finish_users_count 42 352
stats: request 158 11138.661221518996 11600.193141058038 31134.905 0.869 8806.112759748426 1590
stats: connect 31 4.7947096774193545 3.61667004384356 38.491 1.142 4.003154135338346 532
stats: page 158 11138.661221518996 11600.193141058038 31134.905 0.869 8806.112759748426 1590
stats: 302 7 164
stats: 200 24 598
stats: size_rcv 13189290 260232009
stats: newphase 0 3
stats: 502 81 232
stats: size_sent 62411 1053895
stats: connected -5 217
stats: 500 45 754
# stats: dump at 1512497616
stats: users 227 235
stats: {recvpackets,"tsung_controller@ip-172-31-25-97"} 1 8009.0 0.0 11117 1558 7785.521739130435 23
stats: {sentpackets,"tsung_controller@ip-172-31-25-97"} 1 3808.0 0.0 4618 743 3370.1304347826085 23
stats: {cpu,"tsung_controller@ip-172-31-25-97"} 1 4.261645193260654 0.0 7.41106719367589 0.8 3.754864635418915 24
stats: {load,"tsung_controller@ip-172-31-25-97"} 1 0.08984375 0.0 0.1484375 0.0 0.015950520833333332 24
stats: {freemem,"tsung_controller@ip-172-31-25-97"} 1 3498.9375 0.0 3536.55078125 3498.9375 3521.69580078125 24
stats: session 40 47677.535299999996 23985.871721055744 82730.031 1326.015 38720.89226136363 352
stats: users_count 55 619
stats: finish_users_count 40 392
stats: request 169 10826.642337278103 12031.926699875294 31134.905 0.869 9016.949520022883 1748
stats: connect 54 5.0544259259259245 7.5672695149029625 54.982 1.142 4.0467388987566615 563
stats: page 169 10826.642337278103 12031.926699875294 31134.905 0.869 9016.949520022883 1748
stats: 302 10 174
stats: 200 17 615
stats: size_rcv 8845169 269077178
stats: newphase 1 4
stats: 502 92 324
stats: size_sent 96178 1150073
stats: connected 8 225
stats: 500 50 804
# stats: dump at 1512497626
stats: users 215 240
stats: {recvpackets,"tsung_controller@ip-172-31-25-97"} 1 6675.0 0.0 11117 1558 7794.833333333333 24
stats: {sentpackets,"tsung_controller@ip-172-31-25-97"} 1 3444.0 0.0 4618 743 3388.375 24
stats: {cpu,"tsung_controller@ip-172-31-25-97"} 1 6.974459724950884 0.0 7.41106719367589 0.8 3.775135857732584 25
stats: {load,"tsung_controller@ip-172-31-25-97"} 1 0.0703125 0.0 0.1484375 0.0 0.01890625 25
stats: {freemem,"tsung_controller@ip-172-31-25-97"} 1 3497.453125 0.0 3536.55078125 3497.453125 3520.78546875 25
stats: session 64 51051.096203124995 24887.397947800968 93897.868 1326.015 39634.83542857142 392
stats: users_count 52 671
stats: finish_users_count 64 456
stats: request 221 9895.979076923082 12475.241920117725 33477.44 0.869 9176.489471048513 1917
stats: connect 47 4.271106382978725 3.214655543799118 54.982 1.142 4.134931928687196 617
stats: page 221 9895.979076923082 12475.241920117725 33477.44 0.869 9176.489471048513 1917
stats: 302 9 183
stats: 200 28 643
stats: size_rcv 11053940 280131118
stats: newphase 0 4
stats: 502 134 458
stats: size_sent 90448 1240521
stats: connected -11 214
stats: 500 50 854
# stats: dump at 1512497636
stats: users 213 240
stats: {recvpackets,"tsung_controller@ip-172-31-25-97"} 1 9674.0 0.0 11117 1558 7750.04 25
stats: {sentpackets,"tsung_controller@ip-172-31-25-97"} 1 3713.0 0.0 4618 743 3390.6 25
stats: {cpu,"tsung_controller@ip-172-31-25-97"} 1 5.138339920948617 0.0 7.41106719367589 0.8 3.898186775702519 26
stats: {load,"tsung_controller@ip-172-31-25-97"} 1 0.140625 0.0 0.1484375 0.0 0.02088341346153846 26
stats: {freemem,"tsung_controller@ip-172-31-25-97"} 1 3496.34375 0.0 3536.55078125 3496.34375 3519.8880709134614 26
stats: session 43 43981.266953488375 26618.500205102224 93901.877 1326.015 41237.11764254385 456
stats: users_count 41 712
stats: finish_users_count 43 499
stats: request 172 10069.525511627911 11327.378491052988 34488.651 0.869 9250.861408793266 2138
stats: connect 47 3.4124893617021277 2.4517464194337015 54.982 1.142 4.14457078313253 664
stats: page 172 10069.525511627911 11327.378491052988 34488.651 0.869 9250.861408793266 2138
stats: 302 7 190
stats: 200 26 669
stats: size_rcv 8266396 288397514
stats: newphase 0 4
stats: 502 93 551
stats: size_sent 103364 1343885
stats: connected -1 213
stats: 500 47 901
# stats: dump at 1512497646
stats: users 207 240
stats: {recvpackets,"tsung_controller@ip-172-31-25-97"} 1 5066.0 0.0 11117 1558 7824.038461538462 26
stats: {sentpackets,"tsung_controller@ip-172-31-25-97"} 1 2139.0 0.0 4618 743 3403.0 26
stats: {cpu,"tsung_controller@ip-172-31-25-97"} 1 3.8537549407114624 0.0 7.41106719367589 0.8 3.944118373674596 27
stats: {load,"tsung_controller@ip-172-31-25-97"} 1 0.12109375 0.0 0.1484375 0.0 0.02531828703703704 27
stats: {freemem,"tsung_controller@ip-172-31-25-97"} 1 3495.97265625 0.0 3536.55078125 3495.97265625 3519.016059027778 27
stats: session 61 43926.9270327869 26240.820831417586 93901.877 393.948 41473.58742284568 499
stats: users_count 55 767
stats: finish_users_count 61 560
stats: request 251 9422.021167330686 11413.785493835703 34488.651 0.869 9311.818216450218 2310
stats: connect 53 4.0832452830188695 3.123354116944833 54.982 1.142 4.096177215189874 711
stats: page 251 9422.021167330686 11413.785493835703 34488.651 0.869 9311.818216450218 2310
stats: 302 3 193
stats: 200 42 711
stats: size_rcv 16065433 304462947
stats: newphase 0 4
stats: 502 146 697
stats: size_sent 109865 1453750
stats: connected -8 205
stats: 500 59 960
# stats: dump at 1512497656
stats: users 202 240
stats: {recvpackets,"tsung_controller@ip-172-31-25-97"} 1 11294.0 0.0 11294 1558 7721.888888888889 27
stats: {sentpackets,"tsung_controller@ip-172-31-25-97"} 1 5309.0 0.0 5309 743 3356.185185185185 27
stats: {cpu,"tsung_controller@ip-172-31-25-97"} 1 5.561072492552134 0.0 7.41106719367589 0.8 3.9408911082116274 28
stats: {load,"tsung_controller@ip-172-31-25-97"} 1 0.1015625 0.0 0.1484375 0.0 0.028738839285714284 28
stats: {freemem,"tsung_controller@ip-172-31-25-97"} 1 3495.8125 0.0 3536.55078125 3495.8125 3518.1930803571427 28
stats: session 49 46862.466775510205 29559.521374085805 107611.72 393.948 41740.826201785705 560
stats: users_count 44 811
stats: finish_users_count 49 609
stats: request 199 8361.063261306525 10100.536550704855 34488.651 0.869 9322.619052323313 2561
stats: connect 47 3.3916170212765953 2.584238186054735 54.982 1.142 4.095280104712043 764
stats: page 199 8361.063261306525 10100.536550704855 34488.651 0.869 9322.619052323313 2561
stats: 302 8 201
stats: 200 27 738
stats: size_rcv 11056605 315519552
stats: newphase 0 4
stats: 502 117 814
stats: size_sent 86968 1540718
stats: connected -3 202
stats: 500 47 1007
# stats: dump at 1512497666
stats: users 201 240
stats: {recvpackets,"tsung_controller@ip-172-31-25-97"} 1 8095.0 0.0 11294 1558 7849.464285714285 28
stats: {sentpackets,"tsung_controller@ip-172-31-25-97"} 1 3960.0 0.0 5309 743 3425.9285714285716 28
stats: {cpu,"tsung_controller@ip-172-31-25-97"} 1 4.369414101290963 0.0 7.41106719367589 0.8 3.9967594318095756 29
stats: {load,"tsung_controller@ip-172-31-25-97"} 1 0.16015625 0.0 0.16015625 0.0 0.03125 29
stats: {freemem,"tsung_controller@ip-172-31-25-97"} 1 3495.453125 0.0 3536.55078125 3495.453125 3517.4213362068967 29
stats: session 40 46500.497249999986 28999.184616162398 107611.72 393.948 42152.91222495894 609
stats: users_count 39 850
stats: finish_users_count 40 649
stats: request 156 10691.754153846146 10897.042154322506 34488.651 0.869 9253.289486231884 2760
stats: connect 37 3.6724324324324322 2.7977339724444423 54.982 1.142 4.054500616522813 811
stats: page 156 10691.754153846146 10897.042154322506 34488.651 0.869 9253.289486231884 2760
stats: 302 8 209
stats: 200 24 762
stats: size_rcv 8867685 324387237
stats: newphase 0 4
stats: 502 77 891
stats: size_sent 79996 1620714
stats: connected -3 199
stats: 500 47 1054
# stats: dump at 1512497676
stats: users 187 240
stats: {recvpackets,"tsung_controller@ip-172-31-25-97"} 1 8145.0 0.0 11294 1558 7857.931034482759 29
stats: {sentpackets,"tsung_controller@ip-172-31-25-97"} 1 3975.0 0.0 5309 743 3444.344827586207 29
stats: {cpu,"tsung_controller@ip-172-31-25-97"} 1 6.896551724137931 0.0 7.41106719367589 0.8 4.009181254125622 30
stats: {load,"tsung_controller@ip-172-31-25-97"} 1 0.12890625 0.0 0.16015625 0.0 0.035546875 30
stats: {freemem,"tsung_controller@ip-172-31-25-97"} 1 3495.2109375 0.0 3536.55078125 3495.2109375 3516.6890625 30
stats: session 22 51316.404818181814 21378.34147629796 107611.72 393.948 42420.86815870569 649
stats: users_count 8 858
stats: finish_users_count 22 671
stats: request 82 21068.711158536586 2709.4824916248876 34488.651 0.869 9330.244386145405 2916
stats: connect 10 10.558900000000001 14.131801438245585 54.982 1.142 4.037830188679247 848
stats: page 82 21068.711158536586 2709.4824916248876 34488.651 0.869 9330.244386145405 2916
stats: 302 3 212
stats: 200 27 789
stats: size_rcv 13208622 337595859
stats: newphase 0 4
stats: 502 0 891
stats: size_sent 49787 1670501
stats: connected -12 187
stats: 500 52 1106
# stats: dump at 1512497686
stats: users 160 240
stats: {recvpackets,"tsung_controller@ip-172-31-25-97"} 1 9331.0 0.0 11294 1558 7867.5 30
stats: {sentpackets,"tsung_controller@ip-172-31-25-97"} 1 3218.0 0.0 5309 743 3462.0333333333333 30
stats: {cpu,"tsung_controller@ip-172-31-25-97"} 1 2.6 0.0 7.41106719367589 0.8 4.102322237029245 31
stats: {load,"tsung_controller@ip-172-31-25-97"} 1 0.109375 0.0 0.16015625 0.0 0.038558467741935484 31
stats: {freemem,"tsung_controller@ip-172-31-25-97"} 1 3495.21875 0.0 3536.55078125 3495.2109375 3515.9962197580644 31
stats: session 27 67871.65640740741 27348.859969977464 118252.704 393.948 42712.525098360646 671
stats: users_count 0 858
stats: finish_users_count 27 698
stats: request 97 19987.418381443294 7013.372179918256 34488.651 0.869 9651.30985490327 2998
stats: connect 0 0 0 54.982 1.142 4.113833333333335 858
stats: page 97 19987.418381443294 7013.372179918256 34488.651 0.869 9651.30985490327 2998
stats: 302 4 216
stats: 200 31 820
stats: size_rcv 13224046 350819905
stats: newphase 0 4
stats: 502 8 899
stats: size_sent 41831 1712332
stats: connected -26 161
stats: 500 54 1160
# stats: dump at 1512497696
stats: users 133 240
stats: {recvpackets,"tsung_controller@ip-172-31-25-97"} 1 7873.0 0.0 11294 1558 7914.709677419355 31
stats: {sentpackets,"tsung_controller@ip-172-31-25-97"} 1 3132.0 0.0 5309 743 3454.1612903225805 31
stats: {cpu,"tsung_controller@ip-172-31-25-97"} 1 2.3880597014925375 0.0 7.41106719367589 0.8 4.055374667122082 32
stats: {load,"tsung_controller@ip-172-31-25-97"} 1 0.1015625 0.0 0.16015625 0.0 0.040771484375 32
stats: {freemem,"tsung_controller@ip-172-31-25-97"} 1 3495.10546875 0.0 3536.55078125 3495.10546875 3515.346923828125 32
stats: session 27 62922.86088888889 17439.711608489182 118252.704 393.948 43685.72931805157 698
stats: users_count 0 858
stats: finish_users_count 27 725
stats: request 73 21276.54078082193 3840.551382336379 34488.651 0.869 9975.252513085623 3095
stats: connect 0 0 0 54.982 1.142 4.113833333333335 858
stats: page 73 21276.54078082193 3840.551382336379 34488.651 0.869 9975.252513085623 3095
stats: 302 9 225
stats: 200 7 827
stats: size_rcv 8824386 359644291
stats: newphase 0 4
stats: 502 0 899
stats: size_sent 41400 1753732
stats: connected -28 133
stats: 500 57 1217
# stats: dump at 1512497706
stats: users 106 240
stats: {recvpackets,"tsung_controller@ip-172-31-25-97"} 1 6224.0 0.0 11294 1558 7913.40625 32
stats: {sentpackets,"tsung_controller@ip-172-31-25-97"} 1 2774.0 0.0 5309 743 3444.09375 32
stats: {cpu,"tsung_controller@ip-172-31-25-97"} 1 2.4826216484607744 0.0 7.41106719367589 0.8 4.004849971193914 33
stats: {load,"tsung_controller@ip-172-31-25-97"} 1 0.078125 0.0 0.16015625 0.0 0.04261363636363636 33
stats: {freemem,"tsung_controller@ip-172-31-25-97"} 1 3495.11328125 0.0 3536.55078125 3495.10546875 3514.733546401515 33
stats: session 27 73206.11470370369 16608.993166484543 118252.704 393.948 44402.14663172413 725
stats: users_count 0 858
stats: finish_users_count 27 752
stats: request 79 20673.16654430379 3218.116191137005 34488.651 0.869 10235.667299558083 3168
stats: connect 0 0 0 54.982 1.142 4.113833333333335 858
stats: page 79 20673.16654430379 3218.116191137005 34488.651 0.869 10235.667299558083 3168
stats: 302 2 227
stats: 200 7 834
stats: size_rcv 15379366 375023657
stats: newphase 0 4
stats: 502 0 899
stats: size_sent 31148 1784880
stats: connected -24 109
stats: 500 70 1287
# stats: dump at 1512497716
stats: users 73 240
stats: {recvpackets,"tsung_controller@ip-172-31-25-97"} 1 10837.0 0.0 11294 1558 7862.212121212121 33
stats: {sentpackets,"tsung_controller@ip-172-31-25-97"} 1 4852.0 0.0 5309 743 3423.787878787879 33
stats: {cpu,"tsung_controller@ip-172-31-25-97"} 1 3.306613226452906 0.0 7.41106719367589 0.8 3.9600785499370565 34
stats: {load,"tsung_controller@ip-172-31-25-97"} 1 0.0703125 0.0 0.16015625 0.0 0.043658088235294115 34
stats: {freemem,"tsung_controller@ip-172-31-25-97"} 1 3495.03515625 0.0 3536.55078125 3495.03515625 3514.1564797794117 34
stats: session 33 72277.07903030301 13838.120472695835 118252.704 393.948 45436.3316555851 752
stats: users_count 0 858
stats: finish_users_count 33 785
stats: request 66 17001.15796969697 5356.450713272701 34488.651 0.869 10489.613231290425 3247
stats: connect 0 0 0 54.982 1.142 4.113833333333335 858
stats: page 66 17001.15796969697 5356.450713272701 34488.651 0.869 10489.613231290425 3247
stats: 302 6 233
stats: 200 4 838
stats: size_rcv 8820023 383843680
stats: newphase 0 4
stats: 502 0 899
stats: size_sent 33098 1817978
stats: connected -36 73
stats: 500 56 1343
# stats: dump at 1512497726
stats: users 19 240
stats: {recvpackets,"tsung_controller@ip-172-31-25-97"} 1 7194.0 0.0 11294 1558 7949.705882352941 34
stats: {sentpackets,"tsung_controller@ip-172-31-25-97"} 1 2643.0 0.0 5309 743 3465.794117647059 34
stats: {cpu,"tsung_controller@ip-172-31-25-97"} 1 2.3833167825223436 0.0 7.41106719367589 0.8 3.9414081121232236 35
stats: {load,"tsung_controller@ip-172-31-25-97"} 1 0.05859375 0.0 0.16015625 0.0 0.04441964285714286 35
stats: {freemem,"tsung_controller@ip-172-31-25-97"} 1 3494.83203125 0.0 3536.55078125 3494.83203125 3513.61015625 35
stats: session 54 69865.07464814813 9485.38381613066 118252.704 393.948 46564.668806369424 785
stats: users_count 0 858
stats: finish_users_count 54 839
stats: request 97 10125.733020618556 6274.057839661925 34488.651 0.869 10619.333108361005 3313
stats: connect 0 0 0 54.982 1.142 4.113833333333335 858
stats: page 97 10125.733020618556 6274.057839661925 34488.651 0.869 10619.333108361005 3313
stats: 302 0 233
stats: 200 6 844
stats: size_rcv 13241283 397084963
stats: newphase 0 4
stats: 502 0 899
stats: size_sent 36877 1854855
stats: connected -54 19
stats: 500 91 1434
# stats: dump at 1512497733
stats: users 0 240
stats: {recvpackets,"tsung_controller@ip-172-31-25-97"} 1 11551.0 0.0 11551 1558 7928.114285714286 35
stats: {sentpackets,"tsung_controller@ip-172-31-25-97"} 1 4404.0 0.0 5309 743 3442.285714285714 35
stats: {cpu,"tsung_controller@ip-172-31-25-97"} 1 3.6926147704590817 0.0 7.41106719367589 0.8 3.898127797412088 36
stats: {load,"tsung_controller@ip-172-31-25-97"} 1 0.05078125 0.0 0.16015625 0.0 0.04481336805555555 36
stats: {freemem,"tsung_controller@ip-172-31-25-97"} 1 3494.81640625 0.0 3536.55078125 3494.81640625 3513.0885416666665 36
stats: session 19 66703.60310526314 8426.858543079572 118252.704 393.948 48064.33735876042 839
stats: users_count 0 858
stats: finish_users_count 19 858
stats: request 22 5299.975772727271 7514.664970363137 34488.651 0.869 10605.292284750734 3410
stats: connect 0 0 0 54.982 1.142 4.113833333333335 858
stats: page 22 5299.975772727271 7514.664970363137 34488.651 0.869 10605.292284750734 3410
stats: 302 10 243
stats: 200 3 847
stats: size_rcv 6552833 403637796
stats: newphase 0 4
stats: 502 0 899
stats: size_sent 8495 1863350
stats: connected -19 0
stats: 500 9 1443
EndMonitor:{1512,497733,259885}
