# stats: dump at 1512350899
stats: users 40 40
stats: {cpu,"tsung_controller@ip-172-31-20-155"} 1 0.2500632104226346 0 0.2500632104226346 0.2500632104226346 0 0
stats: {freemem,"tsung_controller@ip-172-31-20-155"} 1 3539.91015625 0 3539.91015625 3539.91015625 0 0
stats: {load,"tsung_controller@ip-172-31-20-155"} 1 0.0703125 0 0.0703125 0.0703125 0 0
stats: users_count 40 40
stats: finish_users_count 0 0
stats: request 77 410.6061688311687 509.99417658489386 2356.121 5.886 0 0
stats: connect 40 2.406525000000001 2.370426332830236 8.413 0.867 0 0
stats: page 77 410.6061688311687 509.99417658489386 2356.121 5.886 0 0
stats: 302 9 9
stats: 200 68 68
stats: size_rcv 201670 201670
stats: size_sent 48137 48137
stats: connected 40 40
# stats: dump at 1512350909
stats: users 91 91
stats: {cpu,"tsung_controller@ip-172-31-20-155"} 1 0.5030181086519114 0.0 0.5030181086519114 0.2500632104226346 0.2500632104226346 1
stats: {freemem,"tsung_controller@ip-172-31-20-155"} 1 3535.20703125 0.0 3539.91015625 3535.20703125 3539.91015625 1
stats: {load,"tsung_controller@ip-172-31-20-155"} 1 0.05859375 0.0 0.0703125 0.05859375 0.0703125 1
stats: {recvpackets,"tsung_controller@ip-172-31-20-155"} 1 500 0 500 500 0 0
stats: {sentpackets,"tsung_controller@ip-172-31-20-155"} 1 513 0 513 513 0 0
stats: users_count 51 91
stats: finish_users_count 0 0
stats: request 111 2425.3188738738754 1558.0125978650958 7483.755 5.886 410.6061688311687 77
stats: connect 48 4.549375 3.3876238699677095 11.982 0.827 2.406525000000001 40
stats: page 109 2362.2803577981667 1484.2745381681161 7187.078 5.886 410.6061688311687 77
stats: 302 26 35
stats: 200 85 153
stats: size_rcv 259620 461290
stats: size_sent 90916 139053
stats: connected 48 88
# stats: dump at 1512350919
stats: users 146 146
stats: {cpu,"tsung_controller@ip-172-31-20-155"} 1 0.6036217303822937 0.0 0.6036217303822937 0.2500632104226346 0.376540659537273 2
stats: {freemem,"tsung_controller@ip-172-31-20-155"} 1 3525.58984375 0.0 3539.91015625 3525.58984375 3537.55859375 2
stats: {load,"tsung_controller@ip-172-31-20-155"} 1 0.05078125 0.0 0.0703125 0.05078125 0.064453125 2
stats: {recvpackets,"tsung_controller@ip-172-31-20-155"} 1 666.0 0.0 666 500 500.0 1
stats: {sentpackets,"tsung_controller@ip-172-31-20-155"} 1 662.0 0.0 662 513 513.0 1
stats: users_count 55 146
stats: finish_users_count 0 0
stats: request 137 4510.785131386861 1243.4181157982077 7483.755 5.886 1600.143989361703 188
stats: connect 57 3.7158070175438582 3.2443513905269135 11.982 0.827 3.5753522727272737 88
stats: page 133 4584.201090225565 1591.6459572677509 12964.849 5.886 1554.3292150537643 186
stats: 302 43 78
stats: 200 94 247
stats: size_rcv 294554 755844
stats: size_sent 112336 251389
stats: connected 57 145
# stats: dump at 1512350929
stats: users 189 189
stats: {cpu,"tsung_controller@ip-172-31-20-155"} 1 0.5035246727089627 0.0 0.6036217303822937 0.2500632104226346 0.45223434981894656 3
stats: {freemem,"tsung_controller@ip-172-31-20-155"} 1 3514.5546875 0.0 3539.91015625 3514.5546875 3533.5690104166665 3
stats: {load,"tsung_controller@ip-172-31-20-155"} 1 0.0390625 0.0 0.0703125 0.0390625 0.059895833333333336 3
stats: {recvpackets,"tsung_controller@ip-172-31-20-155"} 1 779.0 0.0 779 500 583.0 2
stats: {sentpackets,"tsung_controller@ip-172-31-20-155"} 1 757.0 0.0 757 513 587.5 2
stats: users_count 43 189
stats: finish_users_count 0 0
stats: request 163 6404.754852760737 1438.64721896249 10258.75 5.886 2827.091178461539 325
stats: connect 42 2.7160952380952375 1.999437763943176 11.982 0.825 3.6305655172413793 145
stats: page 149 6427.014838926176 1990.1468987876917 17724.613 5.886 2817.567332288402 319
stats: 302 53 131
stats: 200 110 357
stats: size_rcv 353515 1109359
stats: newphase 1 1
stats: size_sent 123481 374870
stats: connected 42 187
# stats: dump at 1512350939
stats: users 244 244
stats: {cpu,"tsung_controller@ip-172-31-20-155"} 1 0.5040322580645161 0.0 0.6036217303822937 0.2500632104226346 0.4650569305414506 4
stats: {freemem,"tsung_controller@ip-172-31-20-155"} 1 3501.921875 0.0 3539.91015625 3501.921875 3528.8154296875 4
stats: {load,"tsung_controller@ip-172-31-20-155"} 1 0.0390625 0.0 0.0703125 0.0390625 0.0546875 4
stats: {recvpackets,"tsung_controller@ip-172-31-20-155"} 1 814.0 0.0 814 500 648.3333333333334 3
stats: {sentpackets,"tsung_controller@ip-172-31-20-155"} 1 779.0 0.0 779 513 644.0 3
stats: users_count 55 244
stats: finish_users_count 0 0
stats: request 240 5875.168383333335 4490.1492919729435 12745.567 0.488 4022.08949590164 488
stats: connect 54 4.230277777777777 3.6777120575699045 13.258 0.754 3.4251764705882355 187
stats: page 208 6581.322884615385 4935.523639868982 21123.093 0.513 3966.7290384615394 468
stats: 302 53 184
stats: 200 102 459
stats: size_rcv 360354 1469713
stats: newphase 0 1
stats: 502 85 85
stats: size_sent 175897 550767
stats: connected 54 241
# stats: dump at 1512350949
stats: users 289 289
stats: {cpu,"tsung_controller@ip-172-31-20-155"} 1 0.8048289738430584 0.0 0.8048289738430584 0.2500632104226346 0.47285199604606365 5
stats: {freemem,"tsung_controller@ip-172-31-20-155"} 1 3497.42578125 0.0 3539.91015625 3497.42578125 3523.43671875 5
stats: {load,"tsung_controller@ip-172-31-20-155"} 1 0.03125 0.0 0.0703125 0.03125 0.0515625 5
stats: {recvpackets,"tsung_controller@ip-172-31-20-155"} 1 890.0 0.0 890 500 689.75 4
stats: {sentpackets,"tsung_controller@ip-172-31-20-155"} 1 916.0 0.0 916 513 677.75 4
stats: session 6 50531.218 4230.064398647498 53805.93 43575.854 0 0
stats: users_count 51 295
stats: finish_users_count 6 6
stats: request 457 4049.618908096282 5506.965621369031 14473.529 0.473 4632.994623626375 728
stats: connect 53 4.403773584905659 3.724580648252898 13.258 0.754 3.6055726141078837 241
stats: page 377 5044.013294429704 6340.265778228214 24801.943 0.506 4771.219452662723 676
stats: 302 57 241
stats: 200 104 563
stats: size_rcv 436815 1906528
stats: newphase 0 1
stats: 502 295 380
stats: size_sent 257556 808323
stats: connected 47 288
stats: 500 1 1
# stats: dump at 1512350959
stats: users 279 292
stats: {cpu,"tsung_controller@ip-172-31-20-155"} 1 0.7070707070707071 0.0 0.8048289738430584 0.2500632104226346 0.5281814923455628 6
stats: {freemem,"tsung_controller@ip-172-31-20-155"} 1 3493.69921875 0.0 3539.91015625 3493.69921875 3519.1015625 6
stats: {load,"tsung_controller@ip-172-31-20-155"} 1 0.01953125 0.0 0.0703125 0.01953125 0.048177083333333336 6
stats: {recvpackets,"tsung_controller@ip-172-31-20-155"} 1 1196.0 0.0 1196 500 729.8 5
stats: {sentpackets,"tsung_controller@ip-172-31-20-155"} 1 1359.0 0.0 1359 513 725.4 5
stats: session 15 53357.48573333333 7727.69020570387 62857.839 36811.94 50531.218 6
stats: users_count 5 300
stats: finish_users_count 15 21
stats: request 385 4622.040618181815 5889.404390222638 16134.225 0.45 4408.013440506331 1185
stats: connect 6 1.5433333333333332 1.1107911094750846 13.258 0.754 3.7494659863945574 294
stats: page 315 5274.1855079365 6564.713898229204 25506.858 0.505 4868.886383665716 1053
stats: 302 44 285
stats: 200 99 662
stats: size_rcv 405315 2311843
stats: newphase 0 1
stats: 502 236 616
stats: size_sent 292629 1100952
stats: connected -9 279
stats: 500 6 7
# stats: dump at 1512350969
stats: users 247 292
stats: {cpu,"tsung_controller@ip-172-31-20-155"} 1 0.6054490413723511 0.0 0.8048289738430584 0.2500632104226346 0.5537370944491549 7
stats: {freemem,"tsung_controller@ip-172-31-20-155"} 1 3484.3828125 0.0 3539.91015625 3484.3828125 3515.47265625 7
stats: {load,"tsung_controller@ip-172-31-20-155"} 1 0.01953125 0.0 0.0703125 0.01953125 0.04408482142857143 7
stats: {recvpackets,"tsung_controller@ip-172-31-20-155"} 1 1071.0 0.0 1196 500 807.5 6
stats: {sentpackets,"tsung_controller@ip-172-31-20-155"} 1 1194.0 0.0 1359 513 831.0 6
stats: session 32 61261.43159375001 12400.584522637164 77390.972 19613.905 52549.98066666667 21
stats: users_count 0 300
stats: finish_users_count 32 53
stats: request 592 4206.610103040542 5418.940536046733 16134.225 0.45 4460.497812101912 1570
stats: connect 0 0 0 13.258 0.754 3.705343333333333 300
stats: page 418 5544.435473684213 6355.518719751826 26557.547 0.483 4962.211839912278 1368
stats: 302 46 331
stats: 200 145 807
stats: size_rcv 667750 2979593
stats: newphase 0 1
stats: 502 364 980
stats: size_sent 343200 1444152
stats: connected -28 251
stats: 500 33 40
stats: 404 4 4
# stats: dump at 1512350979
stats: users 208 292
stats: {cpu,"tsung_controller@ip-172-31-20-155"} 1 0.8064516129032258 0.0 0.8064516129032258 0.2500632104226346 0.5602010878145544 8
stats: {freemem,"tsung_controller@ip-172-31-20-155"} 1 3481.125 0.0 3539.91015625 3481.125 3511.58642578125 8
stats: {load,"tsung_controller@ip-172-31-20-155"} 1 0.01953125 0.0 0.0703125 0.01953125 0.041015625 8
stats: {recvpackets,"tsung_controller@ip-172-31-20-155"} 1 1313.0 0.0 1313 500 845.1428571428571 7
stats: {sentpackets,"tsung_controller@ip-172-31-20-155"} 1 1455.0 0.0 1455 513 882.8571428571429 7
stats: session 39 63186.28723076922 13440.730380044934 86311.901 19613.905 57809.724622641515 53
stats: users_count 0 300
stats: finish_users_count 39 92
stats: request 505 4424.039190099011 2870.754729718758 16134.225 0.45 4390.978143385755 2162
stats: connect 0 0 0 13.258 0.754 3.705343333333333 300
stats: page 316 7324.915696202533 5572.691390079962 26557.547 0.483 5098.476945688688 1786
stats: 302 78 409
stats: 200 166 973
stats: size_rcv 845779 3825372
stats: newphase 0 1
stats: 502 110 1090
stats: size_sent 302081 1746233
stats: connected -42 209
stats: 500 126 166
stats: 404 25 29
# stats: dump at 1512350989
stats: users 76 292
stats: {cpu,"tsung_controller@ip-172-31-20-155"} 1 1.2060301507537687 0.0 1.2060301507537687 0.2500632104226346 0.5875622572688513 9
stats: {freemem,"tsung_controller@ip-172-31-20-155"} 1 3478.46875 0.0 3539.91015625 3478.46875 3508.2018229166665 9
stats: {load,"tsung_controller@ip-172-31-20-155"} 1 0.01171875 0.0 0.0703125 0.01171875 0.038628472222222224 9
stats: {recvpackets,"tsung_controller@ip-172-31-20-155"} 1 1753.0 0.0 1753 500 903.625 8
stats: {sentpackets,"tsung_controller@ip-172-31-20-155"} 1 1590.0 0.0 1590 513 954.375 8
stats: session 132 61282.04459090907 14184.333325816302 96225.858 19613.905 60088.91964130435 92
stats: users_count 0 300
stats: finish_users_count 132 224
stats: request 756 898.3011693121707 738.5432097210604 16134.225 0.45 4397.238296587928 2667
stats: connect 0 0 0 13.258 0.754 3.705343333333333 300
stats: page 494 1996.1198319838031 2153.3877862136083 26557.547 0.483 5433.1841983824925 2102
stats: 302 134 543
stats: 200 281 1254
stats: size_rcv 1449550 5274922
stats: newphase 0 1
stats: 502 0 1090
stats: size_sent 377207 2123440
stats: connected -131 78
stats: 500 200 366
stats: 404 141 170
# stats: dump at 1512350999
stats: users 7 292
stats: {cpu,"tsung_controller@ip-172-31-20-155"} 1 1.6112789526686808 0.0 1.6112789526686808 0.2500632104226346 0.649409046617343 10
stats: {freemem,"tsung_controller@ip-172-31-20-155"} 1 3479.38671875 0.0 3539.91015625 3478.46875 3505.228515625 10
stats: {load,"tsung_controller@ip-172-31-20-155"} 1 0.01171875 0.0 0.0703125 0.01171875 0.0359375 10
stats: {recvpackets,"tsung_controller@ip-172-31-20-155"} 1 2448.0 0.0 2448 500 998.0 9
stats: {sentpackets,"tsung_controller@ip-172-31-20-155"} 1 2120.0 0.0 2120 513 1025.0 9
stats: session 69 58413.31107246375 12104.535681080932 96225.858 19613.905 60792.01112946427 224
stats: users_count 0 300
stats: finish_users_count 69 293
stats: request 174 13.318505747126443 14.470342578198581 16134.225 0.45 3624.4669065147546 3423
stats: connect 0 0 0 13.258 0.754 3.705343333333333 300
stats: page 102 22.79105882352941 22.3998547132121 26557.547 0.483 4779.135740369798 2596
stats: 302 15 558
stats: 200 96 1350
stats: size_rcv 369546 5644468
stats: newphase 0 1
stats: 502 0 1090
stats: size_sent 108609 2232049
stats: connected -71 7
stats: 500 6 372
stats: 404 57 227
# stats: dump at 1512351009
stats: users 0 292
stats: {cpu,"tsung_controller@ip-172-31-20-155"} 1 0.6006006006006006 0.0 1.6112789526686808 0.2500632104226346 0.7368517653492828 11
stats: {freemem,"tsung_controller@ip-172-31-20-155"} 1 3494.2734375 0.0 3539.91015625 3478.46875 3502.8792613636365 11
stats: {load,"tsung_controller@ip-172-31-20-155"} 1 0.01171875 0.0 0.0703125 0.01171875 0.033735795454545456 11
stats: {recvpackets,"tsung_controller@ip-172-31-20-155"} 1 470.0 0.0 2448 470 1143.0 10
stats: {sentpackets,"tsung_controller@ip-172-31-20-155"} 1 542.0 0.0 2120 513 1134.5 10
stats: session 7 70232.39028571428 15635.023008820532 96225.858 19613.905 60231.83944368599 293
stats: users_count 0 300
stats: finish_users_count 7 300
stats: request 3 9.994333333333334 6.129457253478665 16134.225 0.45 3449.7824968028926 3597
stats: connect 0 0 0 13.258 0.754 3.705343333333333 300
stats: page 2 15.0455 2.4455000000000005 26557.547 0.483 4599.318409933283 2698
stats: 302 0 558
stats: 200 2 1352
stats: size_rcv 6386 5650854
stats: newphase 0 1
stats: 502 0 1090
stats: size_sent 1946 2233995
stats: connected -7 0
stats: 500 0 372
stats: 404 1 228
# stats: dump at 1512351010
stats: users 0 292
stats: {cpu,"tsung_controller@ip-172-31-20-155"} 1 0.0 0.0 1.6112789526686808 0.0 0.725497501620226 12
stats: {freemem,"tsung_controller@ip-172-31-20-155"} 1 3495.1796875 0.0 3539.91015625 3478.46875 3502.162109375 12
stats: {load,"tsung_controller@ip-172-31-20-155"} 1 0.01171875 0.0 0.0703125 0.01171875 0.031901041666666664 12
stats: {recvpackets,"tsung_controller@ip-172-31-20-155"} 1 7.0 0.0 2448 7 1081.8181818181818 11
stats: {sentpackets,"tsung_controller@ip-172-31-20-155"} 1 13.0 0.0 2120 13 1080.6363636363637 11
stats: session 0 0 0 96225.858 19613.905 60465.185629999985 300
stats: users_count 0 300
stats: finish_users_count 0 300
stats: request 0 0 0 16134.225 0.45 3446.9160066666677 3600
stats: connect 0 0 0 13.258 0.754 3.705343333333333 300
stats: page 0 0 0 26557.547 0.483 4595.922652222221 2700
stats: 302 0 558
stats: 200 0 1352
stats: size_rcv 0 5650854
stats: newphase 0 1
stats: 502 0 1090
stats: size_sent 0 2233995
stats: connected 0 0
stats: 500 0 372
stats: 404 0 228
EndMonitor:{1512,351010,411403}
