# stats: dump at 1512199585
stats: users 50 51
stats: {freemem,"tsung_controller@ip-172-31-21-147"} 1 3540.61328125 0 3540.61328125 3540.61328125 0 0
stats: {load,"tsung_controller@ip-172-31-21-147"} 1 0.0 0 0.0 0.0 0 0
stats: {cpu,"tsung_controller@ip-172-31-21-147"} 1 0.5313626842108496 0 0.5313626842108496 0.5313626842108496 0 0
stats: session 3 7581.417666666667 1161.4368241347538 8797.102 6017.026 0 0
stats: users_count 53 53
stats: finish_users_count 3 3
stats: request 86 1308.8924651162795 917.951655261609 3700.368 184.704 0 0
stats: connect 48 4.843583333333334 5.258770483017447 33.689 1.16 0 0
stats: page 42 2223.446880952381 1359.3828886836886 4457.317 345.582 0 0
stats: 302 2 2
stats: 200 84 84
stats: size_rcv 187764 187764
stats: size_sent 61735 61735
stats: connected 46 46
# stats: dump at 1512199595
stats: users 69 69
stats: {freemem,"tsung_controller@ip-172-31-21-147"} 1 3534.69140625 0.0 3540.61328125 3534.69140625 3540.61328125 1
stats: {load,"tsung_controller@ip-172-31-21-147"} 1 0.0 0.0 0.0 0.0 0.0 1
stats: {recvpackets,"tsung_controller@ip-172-31-21-147"} 1 619 0 619 619 0 0
stats: {sentpackets,"tsung_controller@ip-172-31-21-147"} 1 571 0 571 571 0 0
stats: {cpu,"tsung_controller@ip-172-31-21-147"} 1 1.2 0.0 1.2 0.5313626842108496 0.5313626842108496 1
stats: session 18 11732.648944444443 2307.6877052035943 15960.034 6017.026 7581.417666666667 3
stats: users_count 37 90
stats: finish_users_count 18 21
stats: request 112 3757.9121071428576 2005.1369580956987 7492.931 184.704 1308.8924651162795 86
stats: connect 41 3.3502682926829266 2.4436184986702454 33.689 1.154 4.843583333333334 48
stats: page 79 4897.494354430382 2365.0097729076742 8978.297 345.582 2223.446880952381 42
stats: 302 17 19
stats: 200 91 175
stats: size_rcv 208980 396744
stats: size_sent 63063 124798
stats: connected 22 68
stats: 500 4 4
# stats: dump at 1512199605
stats: users 88 88
stats: {freemem,"tsung_controller@ip-172-31-21-147"} 1 3530.2734375 0.0 3540.61328125 3530.2734375 3537.65234375 2
stats: {load,"tsung_controller@ip-172-31-21-147"} 1 0.0 0.0 0.0 0.0 0.0 2
stats: {recvpackets,"tsung_controller@ip-172-31-21-147"} 1 583.0 0.0 619 583 619.0 1
stats: {sentpackets,"tsung_controller@ip-172-31-21-147"} 1 527.0 0.0 571 527 571.0 1
stats: {cpu,"tsung_controller@ip-172-31-21-147"} 1 0.8008008008008007 0.0 1.2 0.5313626842108496 0.8656813421054248 2
stats: session 22 17690.446954545463 1779.2379770144285 20935.733 6017.026 11139.615904761904 21
stats: users_count 41 131
stats: finish_users_count 22 43
stats: request 116 5356.892120689652 2297.492244055868 8741.347 184.704 2694.1965050505055 198
stats: connect 40 4.181874999999999 3.542381043786086 33.689 1.154 4.155651685393258 89
stats: page 81 7244.947222222222 2998.3975128794596 11258.266 345.582 3969.3125867768613 121
stats: 302 19 38
stats: 200 94 269
stats: size_rcv 215149 611893
stats: size_sent 68746 193544
stats: connected 19 87
stats: 500 3 7
# stats: dump at 1512199615
stats: users 64 89
stats: {freemem,"tsung_controller@ip-172-31-21-147"} 1 3526.94921875 0.0 3540.61328125 3526.94921875 3535.1927083333335 3
stats: {load,"tsung_controller@ip-172-31-21-147"} 1 0.0 0.0 0.0 0.0 0.0 3
stats: {recvpackets,"tsung_controller@ip-172-31-21-147"} 1 634.0 0.0 634 583 601.0 2
stats: {sentpackets,"tsung_controller@ip-172-31-21-147"} 1 570.0 0.0 571 527 549.0 2
stats: {cpu,"tsung_controller@ip-172-31-21-147"} 1 0.7028112449799196 0.0 1.2 0.5313626842108496 0.8440544950038834 3
stats: session 29 23140.000103448274 2042.588177463977 27755.501 6017.026 14491.203883720935 43
stats: users_count 5 136
stats: finish_users_count 29 72
stats: request 109 6465.264357798163 2275.9729097292534 9523.846 184.704 3677.8674968152864 314
stats: connect 7 2.9735714285714283 1.6920681223320309 33.689 1.154 4.1637829457364335 129
stats: page 85 8434.53362352941 3294.1664532285627 13567.74 345.582 5282.809643564357 202
stats: 302 29 67
stats: 200 80 349
stats: size_rcv 178736 790629
stats: size_sent 52134 245678
stats: connected -22 65
stats: 500 0 7
# stats: dump at 1512199625
stats: users 3 89
stats: {freemem,"tsung_controller@ip-172-31-21-147"} 1 3525.984375 0.0 3540.61328125 3525.984375 3533.1318359375 4
stats: {load,"tsung_controller@ip-172-31-21-147"} 1 0.0 0.0 0.0 0.0 0.0 4
stats: {recvpackets,"tsung_controller@ip-172-31-21-147"} 1 421.0 0.0 634 421 612.0 3
stats: {sentpackets,"tsung_controller@ip-172-31-21-147"} 1 332.0 0.0 571 332 556.0 3
stats: {cpu,"tsung_controller@ip-172-31-21-147"} 1 0.4012036108324975 0.0 1.2 0.4012036108324975 0.8087436824978924 4
stats: session 61 21743.560934426234 3740.3925925875037 29710.282 6017.026 17974.746805555555 72
stats: users_count 0 136
stats: finish_users_count 61 133
stats: request 118 4791.569152542371 3688.77364953546 10654.316 12.563 4396.13288179669 423
stats: connect 0 0 0 33.689 1.154 4.10252205882353 136
stats: page 118 5431.618754237288 4677.982271550843 14427.787 12.563 6216.247059233449 287
stats: 302 60 127
stats: 200 53 402
stats: size_rcv 122196 912825
stats: size_sent 34941 280619
stats: connected -62 3
stats: 500 5 12
# stats: dump at 1512199635
stats: users 0 89
stats: {freemem,"tsung_controller@ip-172-31-21-147"} 1 3525.96875 0.0 3540.61328125 3525.96875 3531.70234375 5
stats: {load,"tsung_controller@ip-172-31-21-147"} 1 0.0 0.0 0.0 0.0 0.0 5
stats: {recvpackets,"tsung_controller@ip-172-31-21-147"} 1 305.0 0.0 634 305 564.25 4
stats: {sentpackets,"tsung_controller@ip-172-31-21-147"} 1 306.0 0.0 571 306 500.0 4
stats: {cpu,"tsung_controller@ip-172-31-21-147"} 1 0.2008032128514056 0.0 1.2 0.2008032128514056 0.7272356681648134 5
stats: session 3 26866.704999999998 4235.527371414883 31946.062 6017.026 19703.30065413534 133
stats: users_count 0 136
stats: finish_users_count 3 136
stats: request 3 19.348666666666663 3.4092885214106237 10654.316 12.563 4482.383306839186 541
stats: connect 0 0 0 33.689 1.154 4.10252205882353 136
stats: page 3 19.348666666666663 3.4092885214106237 14427.787 12.563 5987.639306172839 405
stats: 302 3 130
stats: 200 0 402
stats: size_rcv 441 913266
stats: size_sent 1989 282608
stats: connected -3 0
stats: 500 0 12
# stats: dump at 1512199637
stats: users 0 89
stats: {freemem,"tsung_controller@ip-172-31-21-147"} 1 3526.1015625 0.0 3540.61328125 3525.96875 3530.7467447916665 6
stats: {load,"tsung_controller@ip-172-31-21-147"} 1 0.0 0.0 0.0 0.0 0.0 6
stats: {recvpackets,"tsung_controller@ip-172-31-21-147"} 1 11.0 0.0 634 11 512.4 5
stats: {sentpackets,"tsung_controller@ip-172-31-21-147"} 1 14.0 0.0 571 14 461.2 5
stats: {cpu,"tsung_controller@ip-172-31-21-147"} 1 0.0 0.0 1.2 0.0 0.6394969256125788 6
stats: session 0 0 0 31946.062 6017.026 19861.316926470587 136
stats: users_count 0 136
stats: finish_users_count 0 136
stats: request 0 0 0 10654.316 12.563 4457.770983455882 544
stats: connect 0 0 0 33.689 1.154 4.10252205882353 136
stats: page 0 0 0 14427.787 12.563 5943.75481617647 408
stats: 302 0 130
stats: 200 0 402
stats: size_rcv 0 913266
stats: size_sent 0 282608
stats: connected 0 0
stats: 500 0 12
EndMonitor:{1512,199637,614194}
