# stats: dump at 1512354402
stats: users 51 51
stats: {load,"tsung_controller@ip-172-31-19-213"} 1 0.05859375 0 0.05859375 0.05859375 0 0
stats: {cpu,"tsung_controller@ip-172-31-19-213"} 1 2.3606858542559706 0 2.3606858542559706 2.3606858542559706 0 0
stats: {freemem,"tsung_controller@ip-172-31-19-213"} 1 3539.5390625 0 3539.5390625 3539.5390625 0 0
stats: users_count 51 51
stats: finish_users_count 0 0
stats: request 157 27.443866242038222 47.20653312366157 353.714 1.06 0 0
stats: connect 49 2.1942244897959187 7.066442915655413 51.002 0.832 0 0
stats: page 146 29.518171232876707 48.84040465980696 353.714 1.06 0 0
stats: 302 7 7
stats: 200 23 23
stats: size_rcv 144726 144726
stats: 502 122 122
stats: size_sent 66282 66282
stats: connected 49 49
stats: 500 5 5
# stats: dump at 1512354412
stats: users 86 87
stats: {load,"tsung_controller@ip-172-31-19-213"} 1 0.05078125 0.0 0.05859375 0.05078125 0.05859375 1
stats: {recvpackets,"tsung_controller@ip-172-31-19-213"} 1 478 0 478 478 0 0
stats: {sentpackets,"tsung_controller@ip-172-31-19-213"} 1 648 0 648 648 0 0
stats: {cpu,"tsung_controller@ip-172-31-19-213"} 1 0.7028112449799196 0.0 2.3606858542559706 0.7028112449799196 2.3606858542559706 1
stats: {freemem,"tsung_controller@ip-172-31-19-213"} 1 3533.6640625 0.0 3539.5390625 3533.6640625 3539.5390625 1
stats: session 16 13058.5866875 2687.3892394885024 17968.863 8360.894 0 0
stats: users_count 51 102
stats: finish_users_count 16 16
stats: request 463 29.245060475162017 61.362270552490436 672.591 0.854 27.443866242038222 157
stats: connect 49 1.0249387755102046 0.5270613335398322 51.002 0.77 2.1942244897959187 49
stats: page 377 35.93355968169762 68.28465245514676 672.591 1.048 29.518171232876707 146
stats: 302 20 27
stats: 200 38 61
stats: size_rcv 365191 509917
stats: 502 368 490
stats: size_sent 218257 284539
stats: connected 37 86
stats: 500 34 39
stats: 404 3 3
# stats: dump at 1512354422
stats: users 90 96
stats: {load,"tsung_controller@ip-172-31-19-213"} 1 0.0390625 0.0 0.05859375 0.0390625 0.0546875 2
stats: {recvpackets,"tsung_controller@ip-172-31-19-213"} 1 816.0 0.0 816 478 478.0 1
stats: {sentpackets,"tsung_controller@ip-172-31-19-213"} 1 1204.0 0.0 1204 648 648.0 1
stats: {cpu,"tsung_controller@ip-172-31-19-213"} 1 1.0050251256281406 0.0 2.3606858542559706 0.7028112449799196 1.531748549617945 2
stats: {freemem,"tsung_controller@ip-172-31-19-213"} 1 3524.99609375 0.0 3539.5390625 3524.99609375 3536.6015625 2
stats: session 39 17471.90769230769 4033.145748158563 25029.931 8360.894 13058.5866875 16
stats: users_count 43 145
stats: finish_users_count 39 55
stats: request 564 20.187445035460993 28.442954819622596 672.591 0.838 28.78895161290325 620
stats: connect 45 0.9563555555555557 0.12849594123387806 51.002 0.77 1.6095816326530616 98
stats: page 420 27.134578571428595 32.90597868250312 672.591 1.042 34.14264818355641 523
stats: 302 21 48
stats: 200 44 105
stats: size_rcv 453823 963740
stats: 502 435 925
stats: size_sent 259645 544184
stats: connected 4 90
stats: 500 53 92
stats: 404 11 14
# stats: dump at 1512354432
stats: users 99 99
stats: {load,"tsung_controller@ip-172-31-19-213"} 1 0.109375 0.0 0.109375 0.0390625 0.049479166666666664 3
stats: {recvpackets,"tsung_controller@ip-172-31-19-213"} 1 951.0 0.0 951 478 647.0 2
stats: {sentpackets,"tsung_controller@ip-172-31-19-213"} 1 1446.0 0.0 1446 648 926.0 2
stats: {cpu,"tsung_controller@ip-172-31-19-213"} 1 1.0070493454179255 0.0 2.3606858542559706 0.7028112449799196 1.3561740749546771 3
stats: {freemem,"tsung_controller@ip-172-31-19-213"} 1 3520.21484375 0.0 3539.5390625 3520.21484375 3532.7330729166665 3
stats: session 50 20632.27857999999 4470.632659428149 34444.857 8360.894 16188.032490909089 55
stats: users_count 59 204
stats: finish_users_count 50 105
stats: request 574 22.829078397212545 35.017917883237004 672.591 0.838 24.691612331081092 1184
stats: connect 57 1.1217894736842111 0.5251186912396061 51.002 0.77 1.4040209790209792 143
stats: page 432 30.336273148148127 40.30246692304079 672.591 0.937 31.02134464475081 943
stats: 302 24 72
stats: 200 53 158
stats: size_rcv 466421 1430161
stats: 502 447 1372
stats: newphase 1 1
stats: size_sent 253849 798033
stats: connected 5 95
stats: 500 38 130
stats: 404 12 26
# stats: dump at 1512354442
stats: users 96 109
stats: {load,"tsung_controller@ip-172-31-19-213"} 1 0.08984375 0.0 0.109375 0.0390625 0.064453125 4
stats: {recvpackets,"tsung_controller@ip-172-31-19-213"} 1 1016.0 0.0 1016 478 748.3333333333334 3
stats: {sentpackets,"tsung_controller@ip-172-31-19-213"} 1 1556.0 0.0 1556 648 1099.3333333333333 3
stats: {cpu,"tsung_controller@ip-172-31-19-213"} 1 0.9090909090909091 0.0 2.3606858542559706 0.7028112449799196 1.2688928925704892 4
stats: {freemem,"tsung_controller@ip-172-31-19-213"} 1 3518.3515625 0.0 3539.5390625 3518.3515625 3529.603515625 4
stats: session 48 18559.363729166653 5143.16706981598 36314.944 8360.894 18304.340152380948 105
stats: users_count 45 249
stats: finish_users_count 48 153
stats: request 622 22.358491961414824 34.455882358768825 672.591 0.808 24.08348122866895 1758
stats: connect 48 1.1917291666666665 1.0413614434076057 51.002 0.77 1.3235850000000005 200
stats: page 474 29.36687552742618 39.087897188941795 672.591 0.937 30.806107636363638 1375
stats: 302 21 93
stats: 200 51 209
stats: size_rcv 490882 1921043
stats: 502 490 1862
stats: newphase 0 1
stats: size_sent 294326 1092359
stats: connected 2 97
stats: 500 50 180
stats: 404 10 36
# stats: dump at 1512354452
stats: users 93 109
stats: {load,"tsung_controller@ip-172-31-19-213"} 1 0.078125 0.0 0.109375 0.0390625 0.06953125 5
stats: {recvpackets,"tsung_controller@ip-172-31-19-213"} 1 1068.0 0.0 1068 478 815.25 4
stats: {sentpackets,"tsung_controller@ip-172-31-19-213"} 1 1634.0 0.0 1634 648 1213.5 4
stats: {cpu,"tsung_controller@ip-172-31-19-213"} 1 1.0080645161290323 0.0 2.3606858542559706 0.7028112449799196 1.1969324958745733 5
stats: {freemem,"tsung_controller@ip-172-31-19-213"} 1 3516.89453125 0.0 3539.5390625 3516.89453125 3527.353125 5
stats: session 48 18123.32556249999 5559.066202337328 36314.944 6945.666 18384.3475490196 153
stats: users_count 45 294
stats: finish_users_count 48 201
stats: request 594 18.262402356902378 25.45643657100624 672.591 0.808 23.632664705882366 2380
stats: connect 42 1.0770952380952379 0.5813631685847049 51.002 0.722 1.2980645161290325 248
stats: page 433 25.10208545034641 29.418568134514583 672.591 0.882 30.43715359653868 1849
stats: 302 16 109
stats: 200 50 259
stats: size_rcv 499350 2420393
stats: 502 448 2310
stats: newphase 0 1
stats: size_sent 262938 1355297
stats: connected -8 89
stats: 500 66 246
stats: 404 14 50
# stats: dump at 1512354462
stats: users 44 109
stats: {load,"tsung_controller@ip-172-31-19-213"} 1 0.0703125 0.0 0.109375 0.0390625 0.07096354166666667 6
stats: {recvpackets,"tsung_controller@ip-172-31-19-213"} 1 987.0 0.0 1068 478 865.8 5
stats: {sentpackets,"tsung_controller@ip-172-31-19-213"} 1 1496.0 0.0 1634 648 1297.6 5
stats: {cpu,"tsung_controller@ip-172-31-19-213"} 1 1.2048192771084338 0.0 2.3606858542559706 0.7028112449799196 1.1654544992503164 6
stats: {freemem,"tsung_controller@ip-172-31-19-213"} 1 3516.14453125 0.0 3539.5390625 3516.14453125 3525.6100260416665 6
stats: session 55 19309.264581818185 5279.704015409517 36314.944 6945.666 18322.0139402985 201
stats: users_count 6 300
stats: finish_users_count 55 256
stats: request 446 20.240320627802692 29.087857150424036 672.591 0.802 22.56005682582382 2974
stats: connect 10 5.3665 13.310725639498397 51.002 0.722 1.2660620689655175 290
stats: page 307 29.43888599348534 34.8982306858103 672.591 0.882 29.42484662576688 2282
stats: 302 25 134
stats: 200 33 292
stats: size_rcv 347924 2768317
stats: 502 344 2654
stats: newphase 0 1
stats: size_sent 226680 1581977
stats: connected -44 45
stats: 500 34 280
stats: 404 10 60
# stats: dump at 1512354472
stats: users 9 109
stats: {load,"tsung_controller@ip-172-31-19-213"} 1 0.05859375 0.0 0.109375 0.0390625 0.07087053571428571 7
stats: {recvpackets,"tsung_controller@ip-172-31-19-213"} 1 565.0 0.0 1068 478 886.0 6
stats: {sentpackets,"tsung_controller@ip-172-31-19-213"} 1 929.0 0.0 1634 648 1330.6666666666667 6
stats: {cpu,"tsung_controller@ip-172-31-19-213"} 1 0.7021063189568706 0.0 2.3606858542559706 0.7021063189568706 1.1710780389443334 7
stats: {freemem,"tsung_controller@ip-172-31-19-213"} 1 3522.8046875 0.0 3539.5390625 3516.14453125 3524.2578125 7
stats: session 35 21945.352514285714 6564.380331624351 38058.996 6945.666 18534.118570312494 256
stats: users_count 0 300
stats: finish_users_count 35 291
stats: request 152 17.63327631578948 21.179141776384043 672.591 0.802 22.25754152046785 3420
stats: connect 0 0 0 51.002 0.722 1.4027433333333337 300
stats: page 94 28.56358510638298 27.816952405999658 672.591 0.882 29.426511394360762 2589
stats: 302 3 137
stats: 200 11 303
stats: size_rcv 127150 2895467
stats: 502 114 2768
stats: newphase 0 1
stats: size_sent 78404 1660381
stats: connected -35 10
stats: 500 20 300
stats: 404 4 64
# stats: dump at 1512354482
stats: users 2 109
stats: {load,"tsung_controller@ip-172-31-19-213"} 1 0.05078125 0.0 0.109375 0.0390625 0.0693359375 8
stats: {recvpackets,"tsung_controller@ip-172-31-19-213"} 1 220.0 0.0 1068 220 840.1428571428571 7
stats: {sentpackets,"tsung_controller@ip-172-31-19-213"} 1 358.0 0.0 1634 358 1273.2857142857142 7
stats: {cpu,"tsung_controller@ip-172-31-19-213"} 1 0.30060120240480964 0.0 2.3606858542559706 0.30060120240480964 1.1124565739459005 8
stats: {freemem,"tsung_controller@ip-172-31-19-213"} 1 3522.9296875 0.0 3539.5390625 3516.14453125 3524.076171875 8
stats: session 7 25525.10457142857 4503.563417707419 38058.996 6945.666 18944.404439862537 291
stats: users_count 0 300
stats: finish_users_count 7 298
stats: request 25 11.63404 10.180515116554762 672.591 0.802 22.060764277715577 3572
stats: connect 0 0 0 51.002 0.722 1.4027433333333337 300
stats: page 15 19.453933333333335 14.392110076782423 672.591 0.882 29.39627841967947 2683
stats: 302 0 137
stats: 200 2 305
stats: size_rcv 20246 2915713
stats: 502 19 2787
stats: newphase 0 1
stats: size_sent 13325 1673706
stats: connected -8 2
stats: 500 2 302
stats: 404 2 66
# stats: dump at 1512354489
stats: users 0 109
stats: {load,"tsung_controller@ip-172-31-19-213"} 1 0.0390625 0.0 0.109375 0.0390625 0.06727430555555555 9
stats: {recvpackets,"tsung_controller@ip-172-31-19-213"} 1 48.0 0.0 1068 48 762.625 8
stats: {sentpackets,"tsung_controller@ip-172-31-19-213"} 1 70.0 0.0 1634 70 1158.875 8
stats: {cpu,"tsung_controller@ip-172-31-19-213"} 1 0.1 0.0 2.3606858542559706 0.1 1.022250421552446 9
stats: {freemem,"tsung_controller@ip-172-31-19-213"} 1 3522.81640625 0.0 3539.5390625 3516.14453125 3523.948784722222 9
stats: session 2 39088.994999999995 2986.975000000004 42075.97 6945.666 19098.984644295295 298
stats: users_count 0 300
stats: finish_users_count 2 300
stats: request 3 17.79133333333333 9.403951450793912 672.591 0.802 21.988296080066736 3597
stats: connect 0 0 0 51.002 0.722 1.4027433333333337 300
stats: page 2 26.743 21.8 672.591 0.882 29.341002223869534 2698
stats: 302 0 137
stats: 200 0 305
stats: size_rcv 2551 2918264
stats: 502 2 2789
stats: newphase 0 1
stats: size_sent 1622 1675328
stats: connected -2 0
stats: 500 1 303
stats: 404 0 66
EndMonitor:{1512,354489,427258}
