# stats: dump at 1512498073
stats: users 6 6
stats: {cpu,"tsung_controller@ip-172-31-25-97"} 1 2.878209022850611 0 2.878209022850611 2.878209022850611 0 0
stats: {load,"tsung_controller@ip-172-31-25-97"} 1 0.16015625 0 0.16015625 0.16015625 0 0
stats: {freemem,"tsung_controller@ip-172-31-25-97"} 1 3530.06640625 0 3530.06640625 3530.06640625 0 0
stats: session 2 4532.7029999999995 1765.7430000000002 6298.446 2766.96 0 0
stats: users_count 8 8
stats: finish_users_count 2 2
stats: request 15 135.7912 190.36571508028086 596.999 8.913 0 0
stats: connect 7 8.350285714285715 17.68161437938359 51.661 1.073 0 0
stats: page 15 135.7912 190.36571508028086 596.999 8.913 0 0
stats: 302 6 6
stats: 200 9 9
stats: size_rcv 25236 25236
stats: size_sent 7950 7950
stats: connected 5 5
# stats: dump at 1512498083
stats: users 9 9
stats: {recvpackets,"tsung_controller@ip-172-31-25-97"} 1 112 0 112 112 0 0
stats: {sentpackets,"tsung_controller@ip-172-31-25-97"} 1 116 0 116 116 0 0
stats: {cpu,"tsung_controller@ip-172-31-25-97"} 1 0.5005005005005005 0.0 2.878209022850611 0.5005005005005005 2.878209022850611 1
stats: {load,"tsung_controller@ip-172-31-25-97"} 1 0.12890625 0.0 0.16015625 0.12890625 0.16015625 1
stats: {freemem,"tsung_controller@ip-172-31-25-97"} 1 3530.2734375 0.0 3530.2734375 3530.06640625 3530.06640625 1
stats: session 8 7249.9175 3422.776791012635 13778.461 2766.96 4532.7029999999995 2
stats: users_count 11 19
stats: finish_users_count 8 10
stats: request 33 117.96696969696973 126.67302638073204 596.999 8.913 135.7912 15
stats: connect 11 2.4929090909090905 2.535452100784375 51.661 1.015 8.350285714285715 7
stats: page 33 117.96696969696973 126.67302638073204 596.999 8.913 135.7912 15
stats: 302 15 21
stats: 200 18 27
stats: size_rcv 55508 80744
stats: size_sent 22252 30202
stats: connected 3 8
# stats: dump at 1512498093
stats: users 16 19
stats: {recvpackets,"tsung_controller@ip-172-31-25-97"} 1 341.0 0.0 341 112 112.0 1
stats: {sentpackets,"tsung_controller@ip-172-31-25-97"} 1 493.0 0.0 493 116 116.0 1
stats: {cpu,"tsung_controller@ip-172-31-25-97"} 1 2.3976023976023977 0.0 2.878209022850611 0.5005005005005005 1.6893547616755558 2
stats: {load,"tsung_controller@ip-172-31-25-97"} 1 0.109375 0.0 0.16015625 0.109375 0.14453125 2
stats: {freemem,"tsung_controller@ip-172-31-25-97"} 1 3529.04296875 0.0 3530.2734375 3529.04296875 3530.169921875 2
stats: session 13 5019.165923076924 2100.4126927464467 13778.461 2165.034 6706.4746 10
stats: users_count 20 39
stats: finish_users_count 13 23
stats: request 76 433.46817105263176 406.88618404230704 1802.975 7.902 123.53704166666667 48
stats: connect 19 3.3600000000000008 2.955275301095172 51.661 1.015 4.770777777777777 18
stats: page 76 433.46817105263176 406.88618404230704 1802.975 7.902 123.53704166666667 48
stats: 302 36 57
stats: 200 40 67
stats: size_rcv 122730 203474
stats: size_sent 45230 75432
stats: connected 6 14
# stats: dump at 1512498103
stats: users 6 19
stats: {recvpackets,"tsung_controller@ip-172-31-25-97"} 1 288.0 0.0 341 112 226.5 2
stats: {sentpackets,"tsung_controller@ip-172-31-25-97"} 1 304.0 0.0 493 116 304.5 2
stats: {cpu,"tsung_controller@ip-172-31-25-97"} 1 0.5015045135406219 0.0 2.878209022850611 0.5005005005005005 1.925437306984503 3
stats: {load,"tsung_controller@ip-172-31-25-97"} 1 0.1015625 0.0 0.16015625 0.1015625 0.1328125 3
stats: {freemem,"tsung_controller@ip-172-31-25-97"} 1 3527.86328125 0.0 3530.2734375 3527.86328125 3529.7942708333335 3
stats: session 21 7940.40838095238 3293.008315486203 14414.268 2009.889 5752.778391304348 23
stats: users_count 11 50
stats: finish_users_count 21 44
stats: request 59 336.14408474576277 409.0795636951237 1802.975 7.902 313.49483064516136 124
stats: connect 11 1.7405454545454548 1.9039944310287333 51.661 1.015 4.046324324324324 37
stats: page 59 336.14408474576277 409.0795636951237 1802.975 7.902 313.49483064516136 124
stats: 302 32 89
stats: 200 27 94
stats: size_rcv 86906 290380
stats: size_sent 35167 110599
stats: connected -9 5
# stats: dump at 1512498113
stats: users 9 19
stats: {recvpackets,"tsung_controller@ip-172-31-25-97"} 1 224.0 0.0 341 112 247.0 3
stats: {sentpackets,"tsung_controller@ip-172-31-25-97"} 1 244.0 0.0 493 116 304.3333333333333 3
stats: {cpu,"tsung_controller@ip-172-31-25-97"} 1 0.5005005005005005 0.0 2.878209022850611 0.5005005005005005 1.5694541086235327 4
stats: {load,"tsung_controller@ip-172-31-25-97"} 1 0.078125 0.0 0.16015625 0.078125 0.125 4
stats: {freemem,"tsung_controller@ip-172-31-25-97"} 1 3527.9921875 0.0 3530.2734375 3527.86328125 3529.3115234375 4
stats: session 5 7250.3106 5366.967747881353 16923.375 2009.889 6796.874522727271 44
stats: users_count 8 58
stats: finish_users_count 5 49
stats: request 31 164.99983870967742 162.64890881243937 1802.975 7.902 320.797049180328 183
stats: connect 9 1.6462222222222223 1.1362512220042593 51.661 1.015 3.517916666666667 48
stats: page 31 164.99983870967742 162.64890881243937 1802.975 7.902 320.797049180328 183
stats: 302 15 104
stats: 200 16 110
stats: size_rcv 48632 339012
stats: size_sent 18022 128621
stats: connected 3 8
# stats: dump at 1512498123
stats: users 0 19
stats: {recvpackets,"tsung_controller@ip-172-31-25-97"} 1 220.0 0.0 341 112 241.25 4
stats: {sentpackets,"tsung_controller@ip-172-31-25-97"} 1 330.0 0.0 493 116 289.25 4
stats: {cpu,"tsung_controller@ip-172-31-25-97"} 1 2.3023023023023024 0.0 2.878209022850611 0.5005005005005005 1.3556633869989263 5
stats: {load,"tsung_controller@ip-172-31-25-97"} 1 0.0703125 0.0 0.16015625 0.0703125 0.115625 5
stats: {freemem,"tsung_controller@ip-172-31-25-97"} 1 3527.45703125 0.0 3530.2734375 3527.45703125 3529.04765625 5
stats: session 11 8292.11790909091 3690.0820793800153 16923.375 1661.052 6843.1435102040805 49
stats: users_count 2 60
stats: finish_users_count 11 60
stats: request 26 180.15215384615388 209.5078330073553 1802.975 7.321 298.2282943925235 214
stats: connect 3 1.892666666666667 0.8849483349639998 51.661 1.015 3.222385964912281 57
stats: page 26 180.15215384615388 209.5078330073553 1802.975 7.321 298.2282943925235 214
stats: 302 16 120
stats: 200 10 120
stats: size_rcv 33774 372786
stats: size_sent 18791 147412
stats: connected -8 0
# stats: dump at 1512498133
stats: users 9 19
stats: {recvpackets,"tsung_controller@ip-172-31-25-97"} 1 71.0 0.0 341 71 237.0 5
stats: {sentpackets,"tsung_controller@ip-172-31-25-97"} 1 76.0 0.0 493 76 297.4 5
stats: {cpu,"tsung_controller@ip-172-31-25-97"} 1 0.20020020020020018 0.0 2.878209022850611 0.20020020020020018 1.5134365395494889 6
stats: {load,"tsung_controller@ip-172-31-25-97"} 1 0.05859375 0.0 0.16015625 0.05859375 0.10807291666666667 6
stats: {freemem,"tsung_controller@ip-172-31-25-97"} 1 3527.359375 0.0 3530.2734375 3527.359375 3528.7825520833335 6
stats: session 1 3610.582 0.0 16923.375 1661.052 7108.788816666666 60
stats: users_count 10 70
stats: finish_users_count 1 61
stats: request 16 138.15493749999996 138.77094528956195 1802.975 7.321 285.4367125000001 240
stats: connect 9 4.673666666666666 8.195132715351363 51.661 1.015 3.1559000000000004 60
stats: page 16 138.15493749999996 138.77094528956195 1802.975 7.321 285.4367125000001 240
stats: 302 5 125
stats: 200 11 131
stats: size_rcv 30102 402888
stats: newphase 1 1
stats: size_sent 7409 154821
stats: connected 8 8
# stats: dump at 1512498143
stats: users 12 25
stats: {recvpackets,"tsung_controller@ip-172-31-25-97"} 1 165.0 0.0 341 71 209.33333333333334 6
stats: {sentpackets,"tsung_controller@ip-172-31-25-97"} 1 175.0 0.0 493 76 260.5 6
stats: {cpu,"tsung_controller@ip-172-31-25-97"} 1 0.40040040040040037 0.0 2.878209022850611 0.20020020020020018 1.3258313482138762 7
stats: {load,"tsung_controller@ip-172-31-25-97"} 1 0.05078125 0.0 0.16015625 0.05078125 0.10100446428571429 7
stats: {freemem,"tsung_controller@ip-172-31-25-97"} 1 3527.24609375 0.0 3530.2734375 3527.24609375 3528.5792410714284 7
stats: session 18 7834.116333333334 2329.9246699817477 16923.375 1661.052 7051.441163934425 61
stats: users_count 21 91
stats: finish_users_count 18 79
stats: request 83 882.133036144578 647.2801515969791 3106.055 7.321 276.23160156250015 256
stats: connect 22 3.448409090909091 2.89084551423802 51.661 1.015 3.3538695652173915 69
stats: page 83 882.133036144578 647.2801515969791 3106.055 7.321 276.23160156250015 256
stats: 302 41 166
stats: 200 42 173
stats: size_rcv 129282 532170
stats: newphase 0 1
stats: size_sent 50386 205207
stats: connected 6 14
# stats: dump at 1512498153
stats: users 15 25
stats: {recvpackets,"tsung_controller@ip-172-31-25-97"} 1 348.0 0.0 348 71 203.0 7
stats: {sentpackets,"tsung_controller@ip-172-31-25-97"} 1 361.0 0.0 493 76 248.28571428571428 7
stats: {cpu,"tsung_controller@ip-172-31-25-97"} 1 0.30181086519114686 0.0 2.878209022850611 0.20020020020020018 1.2101524797371916 8
stats: {load,"tsung_controller@ip-172-31-25-97"} 1 0.0390625 0.0 0.16015625 0.0390625 0.0947265625 8
stats: {freemem,"tsung_controller@ip-172-31-25-97"} 1 3524.47265625 0.0 3530.2734375 3524.47265625 3528.41259765625 8
stats: session 16 8353.837937500002 4041.6152299207747 17025.707 1661.052 7229.772215189873 79
stats: users_count 19 110
stats: finish_users_count 16 95
stats: request 67 287.69443283582086 310.64047139222345 3106.055 7.321 424.57915044247784 339
stats: connect 17 1.9231176470588234 1.7393858917091447 51.661 1.015 3.376725274725275 91
stats: page 67 287.69443283582086 310.64047139222345 3106.055 7.321 424.57915044247784 339
stats: 302 33 199
stats: 200 34 207
stats: size_rcv 105496 637666
stats: newphase 0 1
stats: size_sent 42153 247360
stats: connected -1 13
# stats: dump at 1512498163
stats: users 18 25
stats: {recvpackets,"tsung_controller@ip-172-31-25-97"} 1 267.0 0.0 348 71 221.125 8
stats: {sentpackets,"tsung_controller@ip-172-31-25-97"} 1 284.0 0.0 493 76 262.375 8
stats: {cpu,"tsung_controller@ip-172-31-25-97"} 1 0.4012036108324975 0.0 2.878209022850611 0.20020020020020018 1.10922563367652 9
stats: {load,"tsung_controller@ip-172-31-25-97"} 1 0.03125 0.0 0.16015625 0.03125 0.08854166666666667 9
stats: {freemem,"tsung_controller@ip-172-31-25-97"} 1 3523.75390625 0.0 3530.2734375 3523.75390625 3527.9748263888887 9
stats: session 19 7915.602421052631 4378.626459949973 20438.747 1661.052 7419.088547368421 95
stats: users_count 22 132
stats: finish_users_count 19 114
stats: request 83 485.6626506024098 473.4977828882441 3106.055 7.321 401.9898004926108 406
stats: connect 23 4.0310434782608695 3.22013247740255 51.661 0.952 3.1479166666666667 108
stats: page 83 485.6626506024098 473.4977828882441 3106.055 7.321 401.9898004926108 406
stats: 302 39 238
stats: 200 44 251
stats: size_rcv 134994 772660
stats: newphase 0 1
stats: size_sent 51179 298539
stats: connected 5 18
# stats: dump at 1512498173
stats: users 16 25
stats: {recvpackets,"tsung_controller@ip-172-31-25-97"} 1 472.0 0.0 472 71 226.22222222222223 9
stats: {sentpackets,"tsung_controller@ip-172-31-25-97"} 1 584.0 0.0 584 76 264.77777777777777 9
stats: {cpu,"tsung_controller@ip-172-31-25-97"} 1 2.2977022977022976 0.0 2.878209022850611 0.20020020020020018 1.038423431392118 10
stats: {load,"tsung_controller@ip-172-31-25-97"} 1 0.03125 0.0 0.16015625 0.03125 0.0828125 10
stats: {freemem,"tsung_controller@ip-172-31-25-97"} 1 3523.171875 0.0 3530.2734375 3523.171875 3527.552734375 10
stats: session 23 7300.735999999999 2302.998117542076 20438.747 1661.052 7501.840859649123 114
stats: users_count 21 153
stats: finish_users_count 23 137
stats: request 87 388.73080459770125 364.3874081807835 3106.055 7.321 416.1919406952965 489
stats: connect 22 2.4048181818181815 2.3425587920508795 51.661 0.952 3.302969465648855 131
stats: page 87 388.73080459770125 364.3874081807835 3106.055 7.321 416.1919406952965 489
stats: 302 43 281
stats: 200 44 295
stats: size_rcv 136524 909184
stats: newphase 0 1
stats: size_sent 49877 348416
stats: connected -1 17
# stats: dump at 1512498183
stats: users 9 25
stats: {recvpackets,"tsung_controller@ip-172-31-25-97"} 1 389.0 0.0 472 71 250.8 10
stats: {sentpackets,"tsung_controller@ip-172-31-25-97"} 1 408.0 0.0 584 76 296.7 10
stats: {cpu,"tsung_controller@ip-172-31-25-97"} 1 0.6036217303822937 0.0 2.878209022850611 0.20020020020020018 1.152903328329407 11
stats: {load,"tsung_controller@ip-172-31-25-97"} 1 0.01953125 0.0 0.16015625 0.01953125 0.078125 11
stats: {freemem,"tsung_controller@ip-172-31-25-97"} 1 3523.05859375 0.0 3530.2734375 3523.05859375 3527.154474431818 11
stats: session 21 6338.677000000001 1863.280806263971 20438.747 1661.052 7468.078729927007 137
stats: users_count 14 167
stats: finish_users_count 21 158
stats: request 70 408.27397142857126 386.78932515599206 3106.055 7.321 412.04416493055555 576
stats: connect 13 2.4336153846153845 2.4853402038743275 51.661 0.952 3.1738235294117647 153
stats: page 70 408.27397142857126 386.78932515599206 3106.055 7.321 412.04416493055555 576
stats: 302 41 322
stats: 200 29 324
stats: size_rcv 94044 1003228
stats: newphase 0 1
stats: size_sent 46767 395183
stats: connected -9 8
# stats: dump at 1512498193
stats: users 23 25
stats: {recvpackets,"tsung_controller@ip-172-31-25-97"} 1 272.0 0.0 472 71 263.3636363636364 11
stats: {sentpackets,"tsung_controller@ip-172-31-25-97"} 1 288.0 0.0 584 76 306.8181818181818 11
stats: {cpu,"tsung_controller@ip-172-31-25-97"} 1 0.2012072434607646 0.0 2.878209022850611 0.20020020020020018 1.1071298618338143 12
stats: {load,"tsung_controller@ip-172-31-25-97"} 1 0.01953125 0.0 0.16015625 0.01953125 0.0732421875 12
stats: {freemem,"tsung_controller@ip-172-31-25-97"} 1 3523.06640625 0.0 3530.2734375 3523.05859375 3526.8131510416665 12
stats: session 9 8228.373777777777 4426.4521976334945 20438.747 1661.052 7317.9683734177215 158
stats: users_count 23 190
stats: finish_users_count 9 167
stats: request 62 347.74509677419337 422.84589964890745 3106.055 7.173 411.6356300309598 646
stats: connect 24 3.18725 5.547252287168846 51.661 0.816 3.1158554216867467 166
stats: page 62 347.74509677419337 422.84589964890745 3106.055 7.173 411.6356300309598 646
stats: 302 25 347
stats: 200 37 361
stats: size_rcv 108172 1111400
stats: newphase 1 2
stats: size_sent 35651 430834
stats: connected 15 23
# stats: dump at 1512498203
stats: users 38 38
stats: {recvpackets,"tsung_controller@ip-172-31-25-97"} 1 378.0 0.0 472 71 264.0833333333333 12
stats: {sentpackets,"tsung_controller@ip-172-31-25-97"} 1 480.0 0.0 584 76 305.25 12
stats: {cpu,"tsung_controller@ip-172-31-25-97"} 1 2.3069207622868606 0.0 2.878209022850611 0.20020020020020018 1.0374435065743488 13
stats: {load,"tsung_controller@ip-172-31-25-97"} 1 0.01953125 0.0 0.16015625 0.01953125 0.06911057692307693 13
stats: {freemem,"tsung_controller@ip-172-31-25-97"} 1 3522.80078125 0.0 3530.2734375 3522.80078125 3526.524939903846 13
stats: session 13 10053.569769230768 3303.058529811707 20438.747 1661.052 7367.032137724552 167
stats: users_count 28 218
stats: finish_users_count 13 180
stats: request 88 1250.1885795454555 992.1245432334581 4910.621 7.173 406.04069632768363 708
stats: connect 26 2.7577307692307693 1.9844633368261304 51.661 0.816 3.1248736842105265 190
stats: page 88 1250.1885795454555 992.1245432334581 4910.621 7.173 406.04069632768363 708
stats: 302 38 385
stats: 200 50 411
stats: size_rcv 155324 1266724
stats: newphase 0 2
stats: size_sent 64057 494891
stats: connected 13 36
# stats: dump at 1512498213
stats: users 51 53
stats: {recvpackets,"tsung_controller@ip-172-31-25-97"} 1 531.0 0.0 531 71 272.84615384615387 13
stats: {sentpackets,"tsung_controller@ip-172-31-25-97"} 1 614.0 0.0 614 76 318.6923076923077 13
stats: {cpu,"tsung_controller@ip-172-31-25-97"} 1 2.4072216649949847 0.0 2.878209022850611 0.20020020020020018 1.1281204534109568 14
stats: {load,"tsung_controller@ip-172-31-25-97"} 1 0.01171875 0.0 0.16015625 0.01171875 0.06556919642857142 14
stats: {freemem,"tsung_controller@ip-172-31-25-97"} 1 3518.828125 0.0 3530.2734375 3518.828125 3526.2589285714284 14
stats: session 16 16471.286812500002 1919.9120304611033 20438.747 1661.052 7561.059855555555 180
stats: users_count 29 247
stats: finish_users_count 16 196
stats: request 94 2601.541170212766 2640.8518261130585 11306.658 7.173 499.36357788944736 796
stats: connect 31 2.9273548387096775 2.4810764904591003 51.661 0.816 3.080680555555556 216
stats: page 94 2601.541170212766 2640.8518261130585 11306.658 7.173 499.36357788944736 796
stats: 302 41 426
stats: 200 53 464
stats: size_rcv 157762 1424486
stats: newphase 0 2
stats: size_sent 60348 555239
stats: connected 16 52
# stats: dump at 1512498223
stats: users 63 63
stats: {recvpackets,"tsung_controller@ip-172-31-25-97"} 1 450.0 0.0 531 71 291.28571428571433 14
stats: {sentpackets,"tsung_controller@ip-172-31-25-97"} 1 468.0 0.0 614 76 339.7857142857143 14
stats: {cpu,"tsung_controller@ip-172-31-25-97"} 1 0.6024096385542169 0.0 2.878209022850611 0.20020020020020018 1.2133938675165585 15
stats: {load,"tsung_controller@ip-172-31-25-97"} 1 0.01171875 0.0 0.16015625 0.01171875 0.06197916666666667 15
stats: {freemem,"tsung_controller@ip-172-31-25-97"} 1 3516.390625 0.0 3530.2734375 3516.390625 3525.7635416666667 15
stats: session 21 19703.80719047619 4898.182536006329 30839.106 1661.052 8288.42532142857 196
stats: users_count 33 280
stats: finish_users_count 21 217
stats: request 102 3480.375392156863 2971.9287875114337 11306.658 7.173 721.3913235955058 890
stats: connect 33 2.9624848484848476 2.7624500886341234 51.661 0.737 3.061437246963563 247
stats: page 102 3480.375392156863 2971.9287875114337 11306.658 7.173 721.3913235955058 890
stats: 302 46 472
stats: 200 56 520
stats: size_rcv 171510 1595996
stats: newphase 0 2
stats: size_sent 62708 617947
stats: connected 11 63
# stats: dump at 1512498233
stats: users 73 73
stats: {recvpackets,"tsung_controller@ip-172-31-25-97"} 1 457.0 0.0 531 71 301.86666666666673 15
stats: {sentpackets,"tsung_controller@ip-172-31-25-97"} 1 470.0 0.0 614 76 348.3333333333333 15
stats: {cpu,"tsung_controller@ip-172-31-25-97"} 1 0.7014028056112225 0.0 2.878209022850611 0.20020020020020018 1.1752073532064122 16
stats: {load,"tsung_controller@ip-172-31-25-97"} 1 0.01171875 0.0 0.16015625 0.01171875 0.058837890625 16
stats: {freemem,"tsung_controller@ip-172-31-25-97"} 1 3515.68359375 0.0 3530.2734375 3515.68359375 3525.177734375 16
stats: session 19 21198.50984210526 2446.1759019882275 30839.106 1661.052 9393.139695852533 217
stats: users_count 29 309
stats: finish_users_count 19 236
stats: request 84 5200.7250833333355 3379.1505595630947 12817.424 7.173 1005.0771854838712 992
stats: connect 29 3.1088275862068953 3.309371875696775 51.661 0.737 3.049775 280
stats: page 84 5200.7250833333355 3379.1505595630947 12817.424 7.173 1005.0771854838712 992
stats: 302 42 514
stats: 200 42 562
stats: size_rcv 127606 1723602
stats: newphase 0 2
stats: size_sent 62257 680204
stats: connected 10 73
# stats: dump at 1512498243
stats: users 93 97
stats: {recvpackets,"tsung_controller@ip-172-31-25-97"} 1 489.0 0.0 531 71 311.56250000000006 16
stats: {sentpackets,"tsung_controller@ip-172-31-25-97"} 1 589.0 0.0 614 76 355.9375 16
stats: {cpu,"tsung_controller@ip-172-31-25-97"} 1 2.708124373119358 0.0 2.878209022850611 0.20020020020020018 1.1473364974655187 17
stats: {load,"tsung_controller@ip-172-31-25-97"} 1 0.01171875 0.0 0.16015625 0.01171875 0.05606617647058824 17
stats: {freemem,"tsung_controller@ip-172-31-25-97"} 1 3510.10546875 0.0 3530.2734375 3510.10546875 3524.619255514706 17
stats: session 21 25916.308857142853 3537.786881736194 33764.98 1661.052 10343.572038135591 236
stats: users_count 41 350
stats: finish_users_count 21 257
stats: request 104 6113.601480769232 3447.4277922573137 14126.577 7.173 1332.6184711895914 1076
stats: connect 41 3.434000000000001 3.2653688171774897 51.661 0.737 3.0553171521035596 309
stats: page 104 6113.601480769232 3447.4277922573137 14126.577 7.173 1332.6184711895914 1076
stats: 302 47 561
stats: 200 57 619
stats: size_rcv 170486 1894088
stats: newphase 0 2
stats: size_sent 66931 747135
stats: connected 20 93
# stats: dump at 1512498253
stats: users 111 111
stats: {recvpackets,"tsung_controller@ip-172-31-25-97"} 1 484.0 0.0 531 71 322.00000000000006 17
stats: {sentpackets,"tsung_controller@ip-172-31-25-97"} 1 514.0 0.0 614 76 369.6470588235294 17
stats: {cpu,"tsung_controller@ip-172-31-25-97"} 1 0.7035175879396985 0.0 2.878209022850611 0.20020020020020018 1.234046935001843 18
stats: {load,"tsung_controller@ip-172-31-25-97"} 1 0.0 0.0 0.16015625 0.0 0.05360243055555555 18
stats: {freemem,"tsung_controller@ip-172-31-25-97"} 1 3508.05078125 0.0 3530.2734375 3508.05078125 3523.812934027778 18
stats: session 17 28145.896823529416 2881.9974200316706 35592.243 1661.052 11616.05247859922 257
stats: users_count 35 385
stats: finish_users_count 17 274
stats: request 74 8071.1642297297285 3051.1232090747876 15056.905 7.173 1753.9932449152548 1180
stats: connect 34 4.803823529411764 8.745254048946936 52.617 0.737 3.099677142857143 350
stats: page 74 8071.1642297297285 3051.1232090747876 15056.905 7.173 1753.9932449152548 1180
stats: 302 38 599
stats: 200 36 655
stats: size_rcv 111088 2005176
stats: newphase 1 3
stats: size_sent 54596 801731
stats: connected 17 110
# stats: dump at 1512498263
stats: users 139 139
stats: {recvpackets,"tsung_controller@ip-172-31-25-97"} 1 508.0 0.0 531 71 331.00000000000006 18
stats: {sentpackets,"tsung_controller@ip-172-31-25-97"} 1 616.0 0.0 616 76 377.6666666666667 18
stats: {cpu,"tsung_controller@ip-172-31-25-97"} 1 2.7944111776447107 0.0 2.878209022850611 0.20020020020020018 1.206124337788046 19
stats: {load,"tsung_controller@ip-172-31-25-97"} 1 0.0 0.0 0.16015625 0.0 0.05078125 19
stats: {freemem,"tsung_controller@ip-172-31-25-97"} 1 3506.84765625 0.0 3530.2734375 3506.84765625 3522.9833470394738 19
stats: session 16 36625.08743750001 4537.8667119520205 51626.423 1661.052 12641.626762773723 274
stats: users_count 44 429
stats: finish_users_count 16 290
stats: request 119 8633.01689915967 3620.3142145847423 19409.373 7.173 2126.7768596491233 1254
stats: connect 45 3.9266444444444453 2.926448109952902 52.617 0.737 3.2505651041666663 384
stats: page 119 8633.01689915967 3620.3142145847423 19409.373 7.173 2126.7768596491233 1254
stats: 302 40 639
stats: 200 79 734
stats: size_rcv 229250 2234426
stats: newphase 0 3
stats: size_sent 87027 888758
stats: connected 29 139
# stats: dump at 1512498273
stats: users 164 164
stats: {recvpackets,"tsung_controller@ip-172-31-25-97"} 1 599.0 0.0 599 71 340.3157894736843 19
stats: {sentpackets,"tsung_controller@ip-172-31-25-97"} 1 627.0 0.0 627 76 390.2105263157895 19
stats: {cpu,"tsung_controller@ip-172-31-25-97"} 1 0.5050505050505051 0.0 2.878209022850611 0.20020020020020018 1.2855386797808792 20
stats: {load,"tsung_controller@ip-172-31-25-97"} 1 0.0 0.0 0.16015625 0.0 0.0482421875 20
stats: {freemem,"tsung_controller@ip-172-31-25-97"} 1 3502.85546875 0.0 3530.2734375 3502.85546875 3522.1765625 20
stats: session 15 36358.403999999995 2130.450344871682 51626.423 1661.052 13964.852179310346 290
stats: users_count 40 469
stats: finish_users_count 15 305
stats: request 77 10558.11145454545 2703.378858141211 19409.373 7.173 2690.6825877640213 1373
stats: connect 39 3.7063076923076923 2.853609285905745 52.617 0.737 3.3214825174825173 429
stats: page 77 10558.11145454545 2703.378858141211 19409.373 7.173 2690.6825877640213 1373
stats: 302 44 683
stats: 200 33 767
stats: size_rcv 98871 2333297
stats: newphase 0 3
stats: size_sent 50051 938809
stats: connected 24 163
# stats: dump at 1512498283
stats: users 186 188
stats: {recvpackets,"tsung_controller@ip-172-31-25-97"} 1 442.0 0.0 599 71 353.25000000000006 20
stats: {sentpackets,"tsung_controller@ip-172-31-25-97"} 1 549.0 0.0 627 76 402.05 20
stats: {cpu,"tsung_controller@ip-172-31-25-97"} 1 2.5100401606425704 0.0 2.878209022850611 0.20020020020020018 1.24837257622229 21
stats: {load,"tsung_controller@ip-172-31-25-97"} 1 0.0 0.0 0.16015625 0.0 0.04594494047619048 21
stats: {freemem,"tsung_controller@ip-172-31-25-97"} 1 3500.55078125 0.0 3530.2734375 3500.55078125 3521.2565104166665 21
stats: session 18 42616.85061111112 2698.4333074183187 51626.423 1661.052 15066.174400000002 305
stats: users_count 40 509
stats: finish_users_count 18 323
stats: request 97 13472.47922680413 5560.000117985533 22326.246 0.705 3108.4701896551733 1450
stats: connect 41 3.0036829268292684 2.9523512617294263 52.617 0.737 3.353551282051282 468
stats: page 97 13472.47922680413 5560.000117985533 22326.246 0.705 3108.4701896551733 1450
stats: 302 43 726
stats: 200 42 809
stats: size_rcv 130795 2464092
stats: newphase 0 3
stats: 502 12 12
stats: size_sent 54974 993783
stats: connected 23 186
# stats: dump at 1512498293
stats: users 206 213
stats: {recvpackets,"tsung_controller@ip-172-31-25-97"} 1 457.0 0.0 599 71 357.47619047619054 21
stats: {sentpackets,"tsung_controller@ip-172-31-25-97"} 1 492.0 0.0 627 76 409.04761904761904 21
stats: {cpu,"tsung_controller@ip-172-31-25-97"} 1 1.6016016016016015 0.0 2.878209022850611 0.20020020020020018 1.305721102786848 22
stats: {load,"tsung_controller@ip-172-31-25-97"} 1 0.0 0.0 0.16015625 0.0 0.043856534090909095 22
stats: {freemem,"tsung_controller@ip-172-31-25-97"} 1 3494.04296875 0.0 3530.2734375 3494.04296875 3520.315340909091 22
stats: session 22 44497.89954545455 9421.896545396263 56041.789 1661.052 16601.506201238393 323
stats: users_count 42 551
stats: finish_users_count 22 345
stats: request 135 13035.408162962967 6863.0169913859845 28642.682 0.525 3758.3143244990315 1547
stats: connect 42 3.5605238095238083 2.8871131588994308 52.617 0.737 3.325369351669941 509
stats: page 135 13035.408162962967 6863.0169913859845 28642.682 0.525 3758.3143244990315 1547
stats: 302 35 761
stats: 200 76 885
stats: size_rcv 229856 2693948
stats: newphase 0 3
stats: 502 24 36
stats: size_sent 80686 1074469
stats: connected 23 209
# stats: dump at 1512498303
stats: users 221 224
stats: {recvpackets,"tsung_controller@ip-172-31-25-97"} 1 746.0 0.0 746 71 362.00000000000006 22
stats: {sentpackets,"tsung_controller@ip-172-31-25-97"} 1 860.0 0.0 860 76 412.8181818181818 22
stats: {cpu,"tsung_controller@ip-172-31-25-97"} 1 1.9095477386934674 0.0 2.878209022850611 0.20020020020020018 1.318585472300533 23
stats: {load,"tsung_controller@ip-172-31-25-97"} 1 0.0 0.0 0.16015625 0.0 0.04194972826086957 23
stats: {freemem,"tsung_controller@ip-172-31-25-97"} 1 3493.546875 0.0 3530.2734375 3493.546875 3519.1730638586955 23
stats: session 24 47855.59799999999 13517.400855787952 61312.966 1661.052 18380.406646376814 345
stats: users_count 39 590
stats: finish_users_count 24 369
stats: request 112 11619.963714285715 8569.470080878613 28729.36 0.525 4502.908657550536 1682
stats: connect 39 3.518230769230769 3.2523705316200817 52.617 0.737 3.3432940108892923 551
stats: page 112 11619.963714285715 8569.470080878613 28729.36 0.525 4502.908657550536 1682
stats: 302 39 800
stats: 200 39 924
stats: size_rcv 130887 2824835
stats: newphase 0 3
stats: 502 34 70
stats: size_sent 80724 1155193
stats: connected 15 224
# stats: dump at 1512498313
stats: users 200 224
stats: {recvpackets,"tsung_controller@ip-172-31-25-97"} 1 440.0 0.0 746 71 378.69565217391306 23
stats: {sentpackets,"tsung_controller@ip-172-31-25-97"} 1 483.0 0.0 860 76 432.2608695652174 23
stats: {cpu,"tsung_controller@ip-172-31-25-97"} 1 0.8016032064128256 0.0 2.878209022850611 0.20020020020020018 1.3432089000669052 24
stats: {load,"tsung_controller@ip-172-31-25-97"} 1 0.0 0.0 0.16015625 0.0 0.040201822916666664 24
stats: {freemem,"tsung_controller@ip-172-31-25-97"} 1 3492.41015625 0.0 3530.2734375 3492.41015625 3518.1053059895835 24
stats: session 58 39819.82755172414 16301.04451020949 64307.528 1060.95 20297.49226287263 369
stats: users_count 37 627
stats: finish_users_count 58 427
stats: request 225 7371.802724444445 9285.245028159921 28729.36 0.485 4947.22870568562 1794
stats: connect 35 4.601542857142857 4.93118431641416 52.617 0.737 3.354857627118644 590
stats: page 225 7371.802724444445 9285.245028159921 28729.36 0.485 4947.22870568562 1794
stats: 302 40 840
stats: 200 46 970
stats: size_rcv 189716 3014551
stats: newphase 1 4
stats: 502 136 206
stats: size_sent 115621 1270814
stats: connected -24 200
stats: 500 3 3
# stats: dump at 1512498323
stats: users 223 224
stats: {recvpackets,"tsung_controller@ip-172-31-25-97"} 1 736.0 0.0 746 71 381.25 24
stats: {sentpackets,"tsung_controller@ip-172-31-25-97"} 1 916.0 0.0 916 76 434.375 24
stats: {cpu,"tsung_controller@ip-172-31-25-97"} 1 2.9145728643216082 0.0 2.9145728643216082 0.20020020020020018 1.321544672320742 25
stats: {load,"tsung_controller@ip-172-31-25-97"} 1 0.0 0.0 0.16015625 0.0 0.03859375 25
stats: {freemem,"tsung_controller@ip-172-31-25-97"} 1 3489.88671875 0.0 3530.2734375 3489.88671875 3517.0775 25
stats: session 29 57036.4035862069 13084.449500090794 70245.805 1060.95 22949.238039812648 427
stats: users_count 52 679
stats: finish_users_count 29 456
stats: request 151 15263.6693576159 9672.427181674686 28729.36 0.485 5217.426404655771 2019
stats: connect 51 3.2312549019607855 3.0355319386742194 52.617 0.737 3.424672 625
stats: page 151 15263.6693576159 9672.427181674686 28729.36 0.485 5217.426404655771 2019
stats: 302 45 885
stats: 200 62 1032
stats: size_rcv 203549 3218100
stats: newphase 0 4
stats: 502 40 246
stats: size_sent 90247 1361061
stats: connected 20 220
stats: 500 4 7
# stats: dump at 1512498333
stats: users 223 238
stats: {recvpackets,"tsung_controller@ip-172-31-25-97"} 1 660.0 0.0 746 71 395.44 25
stats: {sentpackets,"tsung_controller@ip-172-31-25-97"} 1 722.0 0.0 916 76 453.64 25
stats: {cpu,"tsung_controller@ip-172-31-25-97"} 1 0.8032128514056224 0.0 2.9145728643216082 0.20020020020020018 1.3828149873976985 26
stats: {load,"tsung_controller@ip-172-31-25-97"} 1 0.0 0.0 0.16015625 0.0 0.03710937500000001 26
stats: {freemem,"tsung_controller@ip-172-31-25-97"} 1 3489.16015625 0.0 3530.2734375 3489.16015625 3516.031700721154 26
stats: session 54 41961.741574074054 20838.352610075704 81023.143 1060.95 25117.062164473686 456
stats: users_count 54 733
stats: finish_users_count 54 510
stats: request 204 10108.042808823511 8995.006650246412 33596.009 0.46 5916.496766820278 2170
stats: connect 54 2.928314814814814 2.554036042148845 52.617 0.737 3.4100798816568045 676
stats: page 204 10108.042808823511 8995.006650246412 33596.009 0.46 5916.496766820278 2170
stats: 302 38 923
stats: 200 69 1101
stats: size_rcv 259566 3477666
stats: newphase 0 4
stats: 502 83 329
stats: size_sent 99129 1460190
stats: connected 3 223
stats: 500 14 21
# stats: dump at 1512498343
stats: users 208 238
stats: {recvpackets,"tsung_controller@ip-172-31-25-97"} 1 813.0 0.0 813 71 405.61538461538464 26
stats: {sentpackets,"tsung_controller@ip-172-31-25-97"} 1 941.0 0.0 941 76 463.96153846153845 26
stats: {cpu,"tsung_controller@ip-172-31-25-97"} 1 1.0060362173038229 0.0 2.9145728643216082 0.20020020020020018 1.3613482416202143 27
stats: {load,"tsung_controller@ip-172-31-25-97"} 1 0.0 0.0 0.16015625 0.0 0.03573495370370371 27
stats: {freemem,"tsung_controller@ip-172-31-25-97"} 1 3488.5390625 0.0 3530.2734375 3488.5390625 3515.0364583333335 27
stats: session 58 40273.10143103448 24260.860320441305 83770.816 1060.95 26900.616454901963 510
stats: users_count 43 776
stats: finish_users_count 58 568
stats: request 238 6909.382352941177 9184.395884066615 33596.009 0.434 6276.680167228306 2374
stats: connect 44 3.752636363636363 2.693735182122578 52.617 0.737 3.3744424657534244 730
stats: page 238 6909.382352941177 9184.395884066615 33596.009 0.434 6276.680167228306 2374
stats: 302 42 965
stats: 200 43 1144
stats: size_rcv 187487 3665153
stats: newphase 0 4
stats: 502 148 477
stats: size_sent 117870 1578060
stats: connected -15 208
stats: 500 5 26
# stats: dump at 1512498353
stats: users 216 238
stats: {recvpackets,"tsung_controller@ip-172-31-25-97"} 1 750.0 0.0 813 71 420.7037037037037 27
stats: {sentpackets,"tsung_controller@ip-172-31-25-97"} 1 969.0 0.0 969 76 481.6296296296296 27
stats: {cpu,"tsung_controller@ip-172-31-25-97"} 1 2.9116465863453818 0.0 2.9145728643216082 0.20020020020020018 1.3486585264660573 28
stats: {load,"tsung_controller@ip-172-31-25-97"} 1 0.0 0.0 0.16015625 0.0 0.03445870535714286 28
stats: {freemem,"tsung_controller@ip-172-31-25-97"} 1 3487.453125 0.0 3530.2734375 3487.453125 3514.0901227678573 28
stats: session 40 53512.847400000006 22443.1893714674 91667.391 1060.95 28266.11668133803 568
stats: users_count 48 824
stats: finish_users_count 40 608
stats: request 157 14216.124216560504 7863.329109582238 33596.009 0.434 6334.330672664625 2612
stats: connect 48 3.662125000000001 3.0315965927282718 52.617 0.737 3.395941860465116 774
stats: page 157 14216.124216560504 7863.329109582238 33596.009 0.434 6334.330672664625 2612
stats: 302 43 1008
stats: 200 72 1216
stats: size_rcv 253605 3918758
stats: newphase 0 4
stats: 502 29 506
stats: size_sent 94399 1672459
stats: connected 8 216
stats: 500 13 39
# stats: dump at 1512498363
stats: users 204 238
stats: {recvpackets,"tsung_controller@ip-172-31-25-97"} 1 666.0 0.0 813 71 432.4642857142857 28
stats: {sentpackets,"tsung_controller@ip-172-31-25-97"} 1 726.0 0.0 969 76 499.0357142857143 28
stats: {cpu,"tsung_controller@ip-172-31-25-97"} 1 1.0050251256281406 0.0 2.9145728643216082 0.20020020020020018 1.4025546664618962 29
stats: {load,"tsung_controller@ip-172-31-25-97"} 1 0.0 0.0 0.16015625 0.0 0.03327047413793104 29
stats: {freemem,"tsung_controller@ip-172-31-25-97"} 1 3486.97265625 0.0 3530.2734375 3486.97265625 3513.1716056034484 29
stats: session 58 40333.331982758624 22834.330588117686 91667.391 645.859 29927.08580756579 608
stats: users_count 46 870
stats: finish_users_count 58 666
stats: request 222 5895.687968468472 8189.606497504924 33596.009 0.434 6781.221819790539 2769
stats: connect 48 3.1935000000000002 2.872356066890037 52.617 0.737 3.411485401459854 822
stats: page 222 5895.687968468472 8189.606497504924 33596.009 0.434 6781.221819790539 2769
stats: 302 38 1046
stats: 200 38 1254
stats: size_rcv 174826 4093584
stats: newphase 0 4
stats: 502 141 647
stats: size_sent 105246 1777705
stats: connected -11 205
stats: 500 5 44
# stats: dump at 1512498373
stats: users 192 238
stats: {recvpackets,"tsung_controller@ip-172-31-25-97"} 1 628.0 0.0 813 71 440.51724137931035 29
stats: {sentpackets,"tsung_controller@ip-172-31-25-97"} 1 764.0 0.0 969 76 506.86206896551727 29
stats: {cpu,"tsung_controller@ip-172-31-25-97"} 1 1.0070493454179255 0.0 2.9145728643216082 0.20020020020020018 1.3893036817674376 30
stats: {load,"tsung_controller@ip-172-31-25-97"} 1 0.0 0.0 0.16015625 0.0 0.032161458333333344 30
stats: {freemem,"tsung_controller@ip-172-31-25-97"} 1 3486.609375 0.0 3530.2734375 3486.609375 3512.298307291667 30
stats: session 25 56137.28984000001 23004.848963648023 91667.391 645.859 30833.335474474472 666
stats: users_count 13 883
stats: finish_users_count 25 691
stats: request 109 17141.010871559625 5893.889356520891 33596.009 0.434 6715.495134737547 2991
stats: connect 13 4.250846153846154 3.0858315883592833 52.617 0.737 3.3994586206896553 870
stats: page 109 17141.010871559625 5893.889356520891 33596.009 0.434 6715.495134737547 2991
stats: 302 35 1081
stats: 200 51 1305
stats: size_rcv 178860 4272444
stats: newphase 0 4
stats: 502 10 657
stats: size_sent 77294 1854999
stats: connected -10 195
stats: 500 13 57
# stats: dump at 1512498383
stats: users 157 238
stats: {recvpackets,"tsung_controller@ip-172-31-25-97"} 1 429.0 0.0 813 71 446.76666666666665 30
stats: {sentpackets,"tsung_controller@ip-172-31-25-97"} 1 419.0 0.0 969 76 515.4333333333333 30
stats: {cpu,"tsung_controller@ip-172-31-25-97"} 1 0.5015045135406219 0.0 2.9145728643216082 0.20020020020020018 1.376972896723905 31
stats: {load,"tsung_controller@ip-172-31-25-97"} 1 0.0 0.0 0.16015625 0.0 0.03112399193548388 31
stats: {freemem,"tsung_controller@ip-172-31-25-97"} 1 3486.375 0.0 3530.2734375 3486.375 3511.4696320564517 31
stats: session 35 53183.96828571428 22241.58042487513 91667.391 645.859 31748.818628075252 691
stats: users_count 0 883
stats: finish_users_count 35 726
stats: request 127 15246.569866141735 7400.28519968446 33596.009 0.434 7082.069720322581 3100
stats: connect 0 0 0 52.617 0.737 3.4119932049830126 883
stats: page 127 15246.569866141735 7400.28519968446 33596.009 0.434 7082.069720322581 3100
stats: 302 40 1121
stats: 200 57 1362
stats: size_rcv 210419 4482863
stats: newphase 0 4
stats: 502 16 673
stats: size_sent 67945 1922944
stats: connected -37 158
stats: 500 14 71
# stats: dump at 1512498393
stats: users 137 238
stats: {recvpackets,"tsung_controller@ip-172-31-25-97"} 1 386.0 0.0 813 71 446.19354838709677 31
stats: {sentpackets,"tsung_controller@ip-172-31-25-97"} 1 396.0 0.0 969 76 512.3225806451612 31
stats: {cpu,"tsung_controller@ip-172-31-25-97"} 1 0.5020080321285141 0.0 2.9145728643216082 0.20020020020020018 1.3496145097494274 32
stats: {load,"tsung_controller@ip-172-31-25-97"} 1 0.0 0.0 0.16015625 0.0 0.03015136718750001 32
stats: {freemem,"tsung_controller@ip-172-31-25-97"} 1 3486.140625 0.0 3530.2734375 3486.140625 3510.6854248046875 32
stats: session 20 65142.20865000001 19748.92076723343 91900.33 645.859 32782.19361157025 726
stats: users_count 0 883
stats: finish_users_count 20 746
stats: request 63 19112.58330158729 3857.5469743701187 33596.009 0.434 7403.387203594671 3227
stats: connect 0 0 0 52.617 0.737 3.4119932049830126 883
stats: page 63 19112.58330158729 3857.5469743701187 33596.009 0.434 7403.387203594671 3227
stats: 302 41 1162
stats: 200 19 1381
stats: size_rcv 76351 4559214
stats: newphase 0 4
stats: 502 0 673
stats: size_sent 38370 1961314
stats: connected -17 141
stats: 500 3 74
# stats: dump at 1512498403
stats: users 92 238
stats: {recvpackets,"tsung_controller@ip-172-31-25-97"} 1 225.0 0.0 813 71 444.3125 32
stats: {sentpackets,"tsung_controller@ip-172-31-25-97"} 1 230.0 0.0 969 76 508.68749999999994 32
stats: {cpu,"tsung_controller@ip-172-31-25-97"} 1 0.4012036108324975 0.0 2.9145728643216082 0.20020020020020018 1.3239294649730362 33
stats: {load,"tsung_controller@ip-172-31-25-97"} 1 0.0 0.0 0.16015625 0.0 0.029237689393939403 33
stats: {freemem,"tsung_controller@ip-172-31-25-97"} 1 3485.90625 0.0 3530.2734375 3485.90625 3509.941642992424 33
stats: session 45 64769.448200000006 18279.901276235196 97255.789 645.859 33649.75433646113 746
stats: users_count 0 883
stats: finish_users_count 45 791
stats: request 131 17127.875717557254 5757.7317934312905 33596.009 0.434 7627.605852279636 3290
stats: connect 0 0 0 52.617 0.737 3.4119932049830126 883
stats: page 131 17127.875717557254 5757.7317934312905 33596.009 0.434 7627.605852279636 3290
stats: 302 57 1219
stats: 200 56 1437
stats: size_rcv 233650 4792864
stats: newphase 0 4
stats: 502 0 673
stats: size_sent 54721 2016035
stats: connected -48 93
stats: 500 18 92
# stats: dump at 1512498413
stats: users 0 238
stats: {recvpackets,"tsung_controller@ip-172-31-25-97"} 1 560.0 0.0 813 71 437.6666666666667 33
stats: {sentpackets,"tsung_controller@ip-172-31-25-97"} 1 653.0 0.0 969 76 500.24242424242425 33
stats: {cpu,"tsung_controller@ip-172-31-25-97"} 1 2.797202797202797 0.0 2.9145728643216082 0.20020020020020018 1.2967904692630203 34
stats: {load,"tsung_controller@ip-172-31-25-97"} 1 0.0 0.0 0.16015625 0.0 0.028377757352941187 34
stats: {freemem,"tsung_controller@ip-172-31-25-97"} 1 3485.66015625 0.0 3530.2734375 3485.66015625 3509.2347196691176 34
stats: session 92 57043.26719565221 9454.458964502059 97255.789 645.859 35420.15411378002 791
stats: users_count 0 883
stats: finish_users_count 92 883
stats: request 111 6204.008189189194 4470.1577000718025 33596.009 0.434 7991.398705933938 3421
stats: connect 0 0 0 52.617 0.737 3.4119932049830126 883
stats: page 111 6204.008189189194 4470.1577000718025 33596.009 0.434 7991.398705933938 3421
stats: 302 92 1311
stats: 200 18 1455
stats: size_rcv 76833 4869697
stats: newphase 0 4
stats: 502 0 673
stats: size_sent 37229 2053264
stats: connected -93 0
stats: 500 1 93
# stats: dump at 1512498416
stats: users 0 238
stats: {recvpackets,"tsung_controller@ip-172-31-25-97"} 1 324.0 0.0 813 71 441.2647058823529 34
stats: {sentpackets,"tsung_controller@ip-172-31-25-97"} 1 467.0 0.0 969 76 504.7352941176471 34
stats: {cpu,"tsung_controller@ip-172-31-25-97"} 1 2.3092369477911645 0.0 2.9145728643216082 0.20020020020020018 1.3396593929184426 35
stats: {load,"tsung_controller@ip-172-31-25-97"} 1 0.0 0.0 0.16015625 0.0 0.027566964285714295 35
stats: {freemem,"tsung_controller@ip-172-31-25-97"} 1 3497.73046875 0.0 3530.2734375 3485.66015625 3508.5611607142855 35
stats: session 0 0 0 97255.789 645.859 37673.07189807475 883
stats: users_count 0 883
stats: finish_users_count 0 883
stats: request 0 0 0 33596.009 0.434 7935.2264671574185 3532
stats: connect 0 0 0 52.617 0.737 3.4119932049830126 883
stats: page 0 0 0 33596.009 0.434 7935.2264671574185 3532
stats: 302 0 1311
stats: 200 0 1455
stats: size_rcv 0 4869697
stats: newphase 0 4
stats: 502 0 673
stats: size_sent 0 2053264
stats: connected 0 0
stats: 500 0 93
EndMonitor:{1512,498416,588868}
