# stats: dump at 1512180731
stats: users 0 10
stats: {cpu,"tsung_controller@ip-172-31-23-48"} 1 0.6971595284639536 0 0.6971595284639536 0.6971595284639536 0 0
stats: {load,"tsung_controller@ip-172-31-23-48"} 1 0.0 0 0.0 0.0 0 0
stats: {freemem,"tsung_controller@ip-172-31-23-48"} 1 3531.734375 0 3531.734375 3531.734375 0 0
stats: session 40 1011.0192499999997 361.5735005639067 1881.952 189.949 0 0
stats: users_count 40 40
stats: finish_users_count 40 40
stats: request 156 257.2669423076923 172.7261106362577 702.945 6.842 0 0
stats: connect 39 2.156358974358973 4.965473238929198 29.16 0.784 0 0
stats: page 39 1029.6945897435894 341.0639340522023 1879.966 229.87 0 0
stats: 302 39 39
stats: 200 78 78
stats: size_rcv 292383 292383
stats: size_sent 90480 90480
stats: connected 0 0
stats: 500 39 39
# stats: dump at 1512180741
stats: users 1 10
stats: {recvpackets,"tsung_controller@ip-172-31-23-48"} 1 900 0 900 900 0 0
stats: {sentpackets,"tsung_controller@ip-172-31-23-48"} 1 813 0 813 813 0 0
stats: {cpu,"tsung_controller@ip-172-31-23-48"} 1 2.21105527638191 0.0 2.21105527638191 0.6971595284639536 0.6971595284639536 1
stats: {load,"tsung_controller@ip-172-31-23-48"} 1 0.0 0.0 0.0 0.0 0.0 1
stats: {freemem,"tsung_controller@ip-172-31-23-48"} 1 3531.34765625 0.0 3531.734375 3531.34765625 3531.734375 1
stats: session 44 695.2057272727272 365.62672351490363 1881.952 189.288 1011.0192499999997 40
stats: users_count 45 85
stats: finish_users_count 44 84
stats: request 170 171.80802941176475 167.99328955297156 702.945 6.524 257.2669423076923 156
stats: connect 45 1.1875777777777776 0.23384719501692539 29.16 0.784 2.156358974358973 39
stats: page 42 695.165857142857 378.58100374723676 1879.966 187.394 1029.6945897435894 39
stats: 302 42 81
stats: 200 86 164
stats: size_rcv 319524 611907
stats: size_sent 99430 189910
stats: connected 3 3
stats: 500 42 81
# stats: dump at 1512180751
stats: users 1 11
stats: {recvpackets,"tsung_controller@ip-172-31-23-48"} 1 866.0 0.0 900 866 900.0 1
stats: {sentpackets,"tsung_controller@ip-172-31-23-48"} 1 740.0 0.0 813 740 813.0 1
stats: {cpu,"tsung_controller@ip-172-31-23-48"} 1 1.6080402010050252 0.0 2.21105527638191 0.6971595284639536 1.4541074024229317 2
stats: {load,"tsung_controller@ip-172-31-23-48"} 1 0.0 0.0 0.0 0.0 0.0 2
stats: {freemem,"tsung_controller@ip-172-31-23-48"} 1 3528.515625 0.0 3531.734375 3528.515625 3531.541015625 2
stats: session 48 1008.4572291666664 469.9922953337569 2012.556 189.131 845.5931190476189 84
stats: users_count 48 133
stats: finish_users_count 48 132
stats: request 199 249.16187437185945 201.40198425444433 831.123 6.524 212.7024785276074 326
stats: connect 48 1.1229999999999996 0.12217678448325055 29.16 0.784 1.6373690476190472 84
stats: page 50 992.2697000000001 462.8365209503784 2010.691 187.196 856.23524691358 81
stats: 302 50 131
stats: 200 99 263
stats: size_rcv 372525 984432
stats: size_sent 114904 304814
stats: connected -2 1
stats: 500 50 131
# stats: dump at 1512180761
stats: users 71 71
stats: {recvpackets,"tsung_controller@ip-172-31-23-48"} 1 921.0 0.0 921 866 883.0 2
stats: {sentpackets,"tsung_controller@ip-172-31-23-48"} 1 768.0 0.0 813 740 776.5 2
stats: {cpu,"tsung_controller@ip-172-31-23-48"} 1 1.8072289156626504 0.0 2.21105527638191 0.6971595284639536 1.5054183352836297 3
stats: {load,"tsung_controller@ip-172-31-23-48"} 1 0.0 0.0 0.0 0.0 0.0 3
stats: {freemem,"tsung_controller@ip-172-31-23-48"} 1 3521.46484375 0.0 3531.734375 3521.46484375 3530.5325520833335 3
stats: session 22 3366.947136363636 2101.5527784149012 6126.232 189.131 904.8164318181816 132
stats: users_count 92 225
stats: finish_users_count 22 154
stats: request 184 1082.0955815217392 928.9044922857139 3057.667 6.524 226.5223257142858 525
stats: connect 88 1.1387500000000008 0.27936288106722734 29.16 0.784 1.450325757575757 132
stats: page 23 3227.081652173913 2154.7340449803446 6124.325 187.196 908.1567938931296 131
stats: 302 50 181
stats: 200 111 374
stats: size_rcv 336248 1320680
stats: newphase 1 1
stats: size_sent 129848 434662
stats: connected 65 66
stats: 500 23 154
# stats: dump at 1512180771
stats: users 171 171
stats: {recvpackets,"tsung_controller@ip-172-31-23-48"} 1 1156.0 0.0 1156 866 895.6666666666666 3
stats: {sentpackets,"tsung_controller@ip-172-31-23-48"} 1 1035.0 0.0 1035 740 773.6666666666666 3
stats: {cpu,"tsung_controller@ip-172-31-23-48"} 1 1.0090817356205852 0.0 2.21105527638191 0.6971595284639536 1.5808709803783847 4
stats: {load,"tsung_controller@ip-172-31-23-48"} 1 0.0 0.0 0.0 0.0 0.0 4
stats: {freemem,"tsung_controller@ip-172-31-23-48"} 1 3520.79296875 0.0 3531.734375 3520.79296875 3528.265625 4
stats: session 26 9841.791192307692 1642.812527075982 13739.052 189.131 1256.5493896103894 154
stats: users_count 126 351
stats: finish_users_count 26 180
stats: request 207 3698.2946666666676 1015.7633627733469 6094.356 6.524 448.561083215797 709
stats: connect 127 1.0956929133858262 0.14792664237581776 29.16 0.781 1.3256954545454547 220
stats: page 25 9683.96084 1474.7752474783586 12399.721 187.196 1254.4897272727271 154
stats: 302 58 239
stats: 200 124 498
stats: size_rcv 376263 1696943
stats: newphase 0 1
stats: size_sent 152414 587076
stats: connected 102 168
stats: 500 25 179
# stats: dump at 1512180781
stats: users 168 183
stats: {recvpackets,"tsung_controller@ip-172-31-23-48"} 1 1236.0 0.0 1236 866 960.75 4
stats: {sentpackets,"tsung_controller@ip-172-31-23-48"} 1 1144.0 0.0 1144 740 839.0 4
stats: {cpu,"tsung_controller@ip-172-31-23-48"} 1 2.2222222222222223 0.0 2.2222222222222223 0.6971595284639536 1.4665131314268247 5
stats: {load,"tsung_controller@ip-172-31-23-48"} 1 0.0 0.0 0.0 0.0 0.0 5
stats: {freemem,"tsung_controller@ip-172-31-23-48"} 1 3505.1640625 0.0 3531.734375 3505.1640625 3526.77109375 5
stats: session 86 10712.419430232561 7093.099821593858 21210.76 4.588 2496.639872222222 180
stats: users_count 83 434
stats: finish_users_count 86 266
stats: request 358 4227.820960893856 3932.859026602587 9548.9 0.392 1182.9441091703059 916
stats: connect 83 1.1893253012048184 0.3582379941382354 29.16 0.781 1.241515850144092 347
stats: page 87 10745.25674712644 7059.575055661123 21208.735 2.665 2431.7901620111734 179
stats: 302 57 296
stats: 200 111 609
stats: size_rcv 402575 2099518
stats: newphase 0 1
stats: 502 162 162
stats: size_sent 180689 767765
stats: connected -4 164
stats: 500 28 207
# stats: dump at 1512180791
stats: users 211 211
stats: {recvpackets,"tsung_controller@ip-172-31-23-48"} 1 1340.0 0.0 1340 866 1015.8 5
stats: {sentpackets,"tsung_controller@ip-172-31-23-48"} 1 1212.0 0.0 1212 740 900.0 5
stats: {cpu,"tsung_controller@ip-172-31-23-48"} 1 1.3118062563067607 0.0 2.2222222222222223 0.6971595284639536 1.5924646465593912 6
stats: {load,"tsung_controller@ip-172-31-23-48"} 1 0.0 0.0 0.0 0.0 0.0 6
stats: {freemem,"tsung_controller@ip-172-31-23-48"} 1 3502.59765625 0.0 3531.734375 3502.59765625 3523.169921875 6
stats: session 140 9453.724864285714 10923.428211955728 28685.757 4.583 5152.869353383459 266
stats: users_count 183 617
stats: finish_users_count 140 406
stats: request 549 2923.0078342440825 4338.642802104246 12044.262 0.391 2038.5688445839878 1274
stats: connect 184 1.4953423913043495 3.771848422012442 51.463 0.762 1.231441860465116 430
stats: page 138 9175.46026811594 10756.726206434918 28309.356 2.598 5150.85630075188 266
stats: 302 61 357
stats: 200 88 697
stats: size_rcv 416642 2516160
stats: newphase 1 2
stats: 502 374 536
stats: size_sent 237818 1005583
stats: connected 46 210
stats: 500 26 233
# stats: dump at 1512180801
stats: users 203 223
stats: {recvpackets,"tsung_controller@ip-172-31-23-48"} 1 1967.0 0.0 1967 866 1069.8333333333333 6
stats: {sentpackets,"tsung_controller@ip-172-31-23-48"} 1 2098.0 0.0 2098 740 952.0 6
stats: {cpu,"tsung_controller@ip-172-31-23-48"} 1 1.6243654822335025 0.0 2.2222222222222223 0.6971595284639536 1.5523705908090155 7
stats: {load,"tsung_controller@ip-172-31-23-48"} 1 0.0 0.0 0.0 0.0 0.0 7
stats: {freemem,"tsung_controller@ip-172-31-23-48"} 1 3499.83984375 0.0 3531.734375 3499.83984375 3520.231026785714 7
stats: session 233 9863.70883690987 11211.481123179226 32711.922 4.303 6635.922977832513 406
stats: users_count 225 842
stats: finish_users_count 233 639
stats: request 886 2341.922814898422 3672.993477626026 12044.262 0.373 2304.9193686231492 1823
stats: connect 227 1.0282731277533046 0.449916551567953 51.463 0.688 1.3105260586319223 614
stats: page 227 10132.093171806173 11453.041584922352 32710.02 2.475 6525.597259900989 404
stats: 302 53 410
stats: 200 183 880
stats: size_rcv 741099 3257259
stats: newphase 0 2
stats: 502 614 1150
stats: size_sent 388716 1394299
stats: connected 0 210
stats: 500 36 269
# stats: dump at 1512180811
stats: users 196 223
stats: {recvpackets,"tsung_controller@ip-172-31-23-48"} 1 2525.0 0.0 2525 866 1198.0 7
stats: {sentpackets,"tsung_controller@ip-172-31-23-48"} 1 2604.0 0.0 2604 740 1115.7142857142858 7
stats: {cpu,"tsung_controller@ip-172-31-23-48"} 1 1.7258883248730965 0.0 2.2222222222222223 0.6971595284639536 1.5613699522370763 8
stats: {load,"tsung_controller@ip-172-31-23-48"} 1 0.0 0.0 0.0 0.0 0.0 8
stats: {freemem,"tsung_controller@ip-172-31-23-48"} 1 3498.62890625 0.0 3531.734375 3498.62890625 3517.68212890625 8
stats: session 197 9195.141370558375 11353.844938706612 36290.791 4.303 7812.877758998436 639
stats: users_count 190 1032
stats: finish_users_count 197 836
stats: request 816 2317.7400441176474 3789.744623614033 12044.262 0.373 2317.0216400885947 2709
stats: connect 184 1.0012282608695655 0.35819619360675337 51.463 0.688 1.234341260404281 841
stats: page 204 8978.054499999995 11051.332772158394 36288.88 2.475 7823.021304278924 631
stats: 302 57 467
stats: 200 149 1029
stats: size_rcv 613441 3870700
stats: newphase 0 2
stats: 502 586 1736
stats: size_sent 354479 1748778
stats: connected -20 190
stats: 500 24 293
# stats: dump at 1512180821
stats: users 173 241
stats: {recvpackets,"tsung_controller@ip-172-31-23-48"} 1 2108.0 0.0 2525 866 1363.875 8
stats: {sentpackets,"tsung_controller@ip-172-31-23-48"} 1 2162.0 0.0 2604 740 1301.75 8
stats: {cpu,"tsung_controller@ip-172-31-23-48"} 1 2.6078234704112337 0.0 2.6078234704112337 0.6971595284639536 1.5796497714188564 9
stats: {load,"tsung_controller@ip-172-31-23-48"} 1 0.0 0.0 0.0 0.0 0.0 9
stats: {freemem,"tsung_controller@ip-172-31-23-48"} 1 3497.07421875 0.0 3531.734375 3497.07421875 3515.5651041666665 9
stats: session 262 6202.91360305343 9813.895623502056 36444.277 3.962 8138.602557416268 836
stats: users_count 239 1271
stats: finish_users_count 262 1098
stats: request 1026 1575.9669376218296 3327.0497545723315 12044.262 0.373 2317.1879429787245 3525
stats: connect 242 30.363570247933904 108.38381322410248 627.867 0.688 1.1924946341463418 1025
stats: page 256 6202.511160156254 9860.252774087021 36442.282 2.475 8105.20905508982 835
stats: 302 54 521
stats: 200 120 1149
stats: size_rcv 615519 4486219
stats: newphase 1 3
stats: 502 837 2573
stats: size_sent 394018 2142796
stats: connected -14 176
stats: 500 15 308
# stats: dump at 1512180831
stats: users 185 241
stats: {recvpackets,"tsung_controller@ip-172-31-23-48"} 1 2874.0 0.0 2874 866 1446.5555555555557 9
stats: {sentpackets,"tsung_controller@ip-172-31-23-48"} 1 3177.0 0.0 3177 740 1397.3333333333333 9
stats: {cpu,"tsung_controller@ip-172-31-23-48"} 1 4.25531914893617 0.0 4.25531914893617 0.6971595284639536 1.682467141318094 10
stats: {load,"tsung_controller@ip-172-31-23-48"} 1 0.0 0.0 0.0 0.0 0.0 10
stats: {freemem,"tsung_controller@ip-172-31-23-48"} 1 3496.13671875 0.0 3531.734375 3496.13671875 3513.716015625 10
stats: session 262 9111.186030534342 11743.053421383604 38315.915 3.962 7676.716850637521 1098
stats: users_count 274 1545
stats: finish_users_count 262 1360
stats: request 958 2344.7161513569918 4289.296813156692 13114.722 0.373 2150.0834051856737 4551
stats: connect 271 0.9505498154981552 0.1497626791445105 627.867 0.688 6.764239147592742 1267
stats: page 246 9307.929902439022 12010.129491630889 38313.908 2.475 7658.746487626032 1091
stats: 302 55 576
stats: 200 146 1295
stats: size_rcv 664969 5151188
stats: newphase 0 3
stats: 502 728 3301
stats: size_sent 396966 2539762
stats: connected 25 201
stats: 500 29 337
# stats: dump at 1512180841
stats: users 238 247
stats: {recvpackets,"tsung_controller@ip-172-31-23-48"} 1 2938.0 0.0 2938 866 1589.3 10
stats: {sentpackets,"tsung_controller@ip-172-31-23-48"} 1 3160.0 0.0 3177 740 1575.3 10
stats: {cpu,"tsung_controller@ip-172-31-23-48"} 1 2.642276422764228 0.0 4.25531914893617 0.6971595284639536 1.9163627783742827 11
stats: {load,"tsung_controller@ip-172-31-23-48"} 1 0.0 0.0 0.0 0.0 0.0 11
stats: {freemem,"tsung_controller@ip-172-31-23-48"} 1 3495.75390625 0.0 3531.734375 3495.75390625 3512.1178977272725 11
stats: session 227 6822.642052863438 10328.633099480296 38493.526 3.962 7953.063119117644 1360
stats: users_count 280 1825
stats: finish_users_count 227 1587
stats: request 960 1580.059308333332 3046.4868661760897 13114.722 0.373 2183.929506262479 5509
stats: connect 281 0.9983380782918152 0.5106386305108266 627.867 0.688 5.739850455136544 1538
stats: page 239 6929.504138075306 10289.160017521379 38491.582 2.475 7962.186367988033 1337
stats: 302 55 631
stats: 200 145 1440
stats: size_rcv 641859 5793047
stats: newphase 0 3
stats: 502 746 4047
stats: size_sent 403869 2943631
stats: connected 42 243
stats: 500 14 351
# stats: dump at 1512180851
stats: users 147 247
stats: {recvpackets,"tsung_controller@ip-172-31-23-48"} 1 2.6e3 0.0 2938 866 1711.909090909091 11
stats: {sentpackets,"tsung_controller@ip-172-31-23-48"} 1 2847.0 0.0 3177 740 1719.3636363636363 11
stats: {cpu,"tsung_controller@ip-172-31-23-48"} 1 2.238046795523906 0.0 4.25531914893617 0.6971595284639536 1.9768555820734448 12
stats: {load,"tsung_controller@ip-172-31-23-48"} 1 0.0 0.0 0.0 0.0 0.0 12
stats: {freemem,"tsung_controller@ip-172-31-23-48"} 1 3495.5234375 0.0 3531.734375 3495.5234375 3510.7542317708335 12
stats: session 131 12106.03730534351 12373.284573277955 42373.874 3.962 7791.3708809073705 1587
stats: users_count 40 1865
stats: finish_users_count 131 1718
stats: request 632 3960.7554778481017 5103.832307146736 13792.005 0.373 2094.315131550471 6469
stats: connect 46 4.342869565217391 10.995621151382304 627.867 0.688 5.007379329301816 1819
stats: page 141 11418.441950354616 12030.805176836602 42371.938 2.475 7805.580369923857 1576
stats: 302 58 689
stats: 200 168 1608
stats: size_rcv 581224 6374271
stats: newphase 0 3
stats: 502 390 4437
stats: size_sent 289274 3232905
stats: connected -95 148
stats: 500 16 367
# stats: dump at 1512180861
stats: users 136 247
stats: {recvpackets,"tsung_controller@ip-172-31-23-48"} 1 1186.0 0.0 2938 866 1785.9166666666667 12
stats: {sentpackets,"tsung_controller@ip-172-31-23-48"} 1 1009.0 0.0 3177 740 1813.3333333333333 12
stats: {cpu,"tsung_controller@ip-172-31-23-48"} 1 1.2 0.0 4.25531914893617 0.6971595284639536 1.9969472138773265 13
stats: {load,"tsung_controller@ip-172-31-23-48"} 1 0.0 0.0 0.0 0.0 0.0 13
stats: {freemem,"tsung_controller@ip-172-31-23-48"} 1 3495.20703125 0.0 3531.734375 3495.20703125 3509.5826322115386 13
stats: session 11 37184.723999999995 2255.1225291397427 42373.874 3.962 8120.370474388823 1718
stats: users_count 0 1865
stats: finish_users_count 11 1729
stats: request 94 8383.584819148937 1738.39950663727 13792.005 0.373 2260.431213631882 7101
stats: connect 0 0 0 627.867 0.688 4.990989276139413 1865
stats: page 12 37062.33833333334 2195.742897505813 42371.938 2.475 8102.268478741992 1717
stats: 302 61 750
stats: 200 21 1629
stats: size_rcv 97033 6471304
stats: newphase 0 3
stats: 502 0 4437
stats: size_sent 55706 3288611
stats: connected -12 136
stats: 500 12 379
# stats: dump at 1512180868
stats: users 0 247
stats: {recvpackets,"tsung_controller@ip-172-31-23-48"} 1 266.0 0.0 2938 266 1739.7692307692307 13
stats: {sentpackets,"tsung_controller@ip-172-31-23-48"} 1 156.0 0.0 3177 156 1751.4615384615386 13
stats: {cpu,"tsung_controller@ip-172-31-23-48"} 1 0.3003003003003003 0.0 4.25531914893617 0.3003003003003003 1.9400224128860888 14
stats: {load,"tsung_controller@ip-172-31-23-48"} 1 0.0 0.0 0.0 0.0 0.0 14
stats: {freemem,"tsung_controller@ip-172-31-23-48"} 1 3495.0859375 0.0 3531.734375 3495.0859375 3508.5558035714284 14
stats: session 136 31031.518941176444 5060.907012344698 42373.874 3.962 8305.27960613071 1729
stats: users_count 0 1865
stats: finish_users_count 136 1865
stats: request 265 6552.499192452831 5538.856464518385 15068.988 0.373 2340.4279389854055 7195
stats: connect 0 0 0 627.867 0.688 4.990989276139413 1865
stats: page 136 31029.53884558825 5060.909636662479 42371.938 2.475 8303.26375824176 1729
stats: 302 29 779
stats: 200 100 1729
stats: size_rcv 575620 7046924
stats: newphase 0 3
stats: 502 0 4437
stats: size_sent 96876 3385487
stats: connected -136 0
stats: 500 136 515
EndMonitor:{1512,180868,618130}
