# stats: dump at 1512351504
stats: users 38 38
stats: {load,"tsung_controller@ip-172-31-29-41"} 1 0.0 0 0.0 0.0 0 0
stats: {freemem,"tsung_controller@ip-172-31-29-41"} 1 3540.67578125 0 3540.67578125 3540.67578125 0 0
stats: {cpu,"tsung_controller@ip-172-31-29-41"} 1 0.07320796826428444 0 0.07320796826428444 0.07320796826428444 0 0
stats: session 1 6749.895 0 6749.895 6749.895 0 0
stats: users_count 39 39
stats: finish_users_count 1 1
stats: request 103 51.179077669902895 83.38149567793273 375.605 5.623 0 0
stats: connect 38 1.9487894736842106 5.691788800118319 36.564 0.825 0 0
stats: page 99 53.25061616161612 84.68768273190105 375.605 5.623 0 0
stats: 302 24 24
stats: 200 78 78
stats: size_rcv 237086 237086
stats: size_sent 54460 54460
stats: connected 37 37
stats: 404 1 1
# stats: dump at 1512351514
stats: users 67 67
stats: {load,"tsung_controller@ip-172-31-29-41"} 1 0.0 0.0 0.0 0.0 0.0 1
stats: {freemem,"tsung_controller@ip-172-31-29-41"} 1 3530.29296875 0.0 3540.67578125 3530.29296875 3540.67578125 1
stats: {recvpackets,"tsung_controller@ip-172-31-29-41"} 1 607 0 607 607 0 0
stats: {sentpackets,"tsung_controller@ip-172-31-29-41"} 1 628 0 628 628 0 0
stats: {cpu,"tsung_controller@ip-172-31-29-41"} 1 0.6036217303822937 0.0 0.6036217303822937 0.07320796826428444 0.07320796826428444 1
stats: session 8 13737.544249999999 3286.231747930781 17776.948 6749.895 6749.895 1
stats: users_count 37 76
stats: finish_users_count 8 9
stats: request 363 72.75871074380163 113.87538448799299 670.216 2.215 51.179077669902895 103
stats: connect 37 0.9943783783783783 0.17616889183798715 36.564 0.721 1.9487894736842106 38
stats: page 294 89.53304761904761 123.71244998648113 670.216 5.585 53.25061616161612 99
stats: 302 144 168
stats: 200 209 287
stats: size_rcv 713042 950128
stats: size_sent 245321 299781
stats: connected 29 66
stats: 404 10 11
# stats: dump at 1512351524
stats: users 72 77
stats: {load,"tsung_controller@ip-172-31-29-41"} 1 0.0 0.0 0.0 0.0 0.0 2
stats: {freemem,"tsung_controller@ip-172-31-29-41"} 1 3519.71484375 0.0 3540.67578125 3519.71484375 3535.484375 2
stats: {recvpackets,"tsung_controller@ip-172-31-29-41"} 1 1315.0 0.0 1315 607 607.0 1
stats: {sentpackets,"tsung_controller@ip-172-31-29-41"} 1 1368.0 0.0 1368 628 628.0 1
stats: {cpu,"tsung_controller@ip-172-31-29-41"} 1 0.6066734074823054 0.0 0.6066734074823054 0.07320796826428444 0.3384148493232891 2
stats: session 32 16616.452562499995 3592.4226002711507 24381.866 6749.895 12961.138777777778 9
stats: users_count 37 113
stats: finish_users_count 32 41
stats: request 421 40.36698574821854 57.890594552308315 670.216 2.087 67.98896351931329 466
stats: connect 37 0.8935405405405403 0.12260783330969109 36.564 0.721 1.4779466666666667 75
stats: page 314 54.448735668789794 67.58149297655152 670.216 5.351 80.39319847328242 393
stats: 302 134 302
stats: 200 250 537
stats: size_rcv 851512 1801640
stats: size_sent 270154 569935
stats: connected 9 75
stats: 404 37 48
# stats: dump at 1512351534
stats: users 70 77
stats: {load,"tsung_controller@ip-172-31-29-41"} 1 0.0 0.0 0.0 0.0 0.0 3
stats: {freemem,"tsung_controller@ip-172-31-29-41"} 1 3518.0625 0.0 3540.67578125 3518.0625 3530.2278645833335 3
stats: {recvpackets,"tsung_controller@ip-172-31-29-41"} 1 1473.0 0.0 1473 607 961.0 2
stats: {sentpackets,"tsung_controller@ip-172-31-29-41"} 1 1579.0 0.0 1579 628 998.0 2
stats: {cpu,"tsung_controller@ip-172-31-29-41"} 1 0.906344410876133 0.0 0.906344410876133 0.07320796826428444 0.4278343687096278 3
stats: session 37 19644.477810810808 5867.907052223377 28734.323 6749.895 15814.066609756095 41
stats: users_count 35 148
stats: finish_users_count 37 78
stats: request 444 79.39472747747746 131.48181779185828 696.935 2.087 54.87864487034948 887
stats: connect 34 0.9163235294117649 0.09747570454107289 36.564 0.721 1.2848839285714284 112
stats: page 331 106.52580060422962 166.20258489023536 1060.523 5.351 68.87048090523336 707
stats: 302 156 458
stats: 200 253 790
stats: size_rcv 876695 2678335
stats: newphase 1 1
stats: size_sent 294025 863960
stats: connected -5 70
stats: 404 35 83
# stats: dump at 1512351544
stats: users 96 96
stats: {load,"tsung_controller@ip-172-31-29-41"} 1 0.0 0.0 0.0 0.0 0.0 4
stats: {freemem,"tsung_controller@ip-172-31-29-41"} 1 3516.25 0.0 3540.67578125 3516.25 3527.1865234375 4
stats: {recvpackets,"tsung_controller@ip-172-31-29-41"} 1 1556.0 0.0 1556 607 1131.6666666666667 3
stats: {sentpackets,"tsung_controller@ip-172-31-29-41"} 1 1668.0 0.0 1668 628 1191.6666666666667 3
stats: {cpu,"tsung_controller@ip-172-31-29-41"} 1 1.2072434607645874 0.0 1.2072434607645874 0.07320796826428444 0.5474618792512541 4
stats: session 35 18844.401685714278 5000.173890666266 29290.986 6749.895 17631.056538461533 78
stats: users_count 61 209
stats: finish_users_count 35 113
stats: request 461 106.10097613882864 187.92489722551582 1196.788 2.087 63.05681217129976 1331
stats: connect 57 0.9337719298245619 0.12214917792685134 36.564 0.715 1.1990547945205479 146
stats: page 363 134.63354820936638 213.9365886998626 1235.917 5.351 80.8781021194605 1038
stats: 302 144 602
stats: 200 282 1072
stats: size_rcv 951559 3629894
stats: newphase 0 1
stats: size_sent 298709 1162669
stats: connected 20 90
stats: 404 36 119
# stats: dump at 1512351554
stats: users 98 101
stats: {load,"tsung_controller@ip-172-31-29-41"} 1 0.0 0.0 0.0 0.0 0.0 5
stats: {freemem,"tsung_controller@ip-172-31-29-41"} 1 3507.72265625 0.0 3540.67578125 3507.72265625 3524.99921875 5
stats: {recvpackets,"tsung_controller@ip-172-31-29-41"} 1 1829.0 0.0 1829 607 1237.75 4
stats: {sentpackets,"tsung_controller@ip-172-31-29-41"} 1 1871.0 0.0 1871 628 1310.75 4
stats: {cpu,"tsung_controller@ip-172-31-29-41"} 1 1.1122345803842264 0.0 1.2072434607645874 0.07320796826428444 0.6794181955539208 5
stats: session 35 19059.12962857143 5592.506052115753 32046.935 6749.895 18006.87140707964 113
stats: users_count 37 246
stats: finish_users_count 35 148
stats: request 564 154.02581028368797 273.78329084626614 1666.339 2.052 74.13011551339285 1792
stats: connect 42 0.9373571428571426 0.11041648889730261 36.564 0.715 1.1245665024630542 203
stats: page 429 202.63390442890423 328.3371562298963 1884.0 5.351 94.80617273376158 1401
stats: 302 203 805
stats: 200 321 1393
stats: size_rcv 1111377 4741271
stats: newphase 0 1
stats: size_sent 371535 1534204
stats: connected 7 97
stats: 404 39 158
# stats: dump at 1512351564
stats: users 51 101
stats: {load,"tsung_controller@ip-172-31-29-41"} 1 0.0703125 0.0 0.0703125 0.0 0.0 6
stats: {freemem,"tsung_controller@ip-172-31-29-41"} 1 3507.2265625 0.0 3540.67578125 3507.2265625 3522.1197916666665 6
stats: {recvpackets,"tsung_controller@ip-172-31-29-41"} 1 2049.0 0.0 2049 607 1356.0 5
stats: {sentpackets,"tsung_controller@ip-172-31-29-41"} 1 2042.0 0.0 2042 628 1422.8 5
stats: {cpu,"tsung_controller@ip-172-31-29-41"} 1 1.710261569416499 0.0 1.710261569416499 0.07320796826428444 0.751554259692305 6
stats: session 54 18693.88112962964 5358.829312029418 34004.937 6749.895 18255.716256756754 148
stats: users_count 7 253
stats: finish_users_count 54 202
stats: request 478 32.69101673640165 55.78343285765637 1666.339 2.052 93.25624957555178 2356
stats: connect 8 3.5317499999999997 7.054168266883063 36.564 0.715 1.0924734693877551 245
stats: page 320 48.86983125000002 67.2570806146295 1884.0 5.351 120.08382131147535 1830
stats: 302 163 968
stats: 200 263 1656
stats: size_rcv 938363 5679634
stats: newphase 0 1
stats: size_sent 323887 1858091
stats: connected -45 52
stats: 404 52 210
# stats: dump at 1512351574
stats: users 12 101
stats: {load,"tsung_controller@ip-172-31-29-41"} 1 0.05859375 0.0 0.0703125 0.0 0.010044642857142858 7
stats: {freemem,"tsung_controller@ip-172-31-29-41"} 1 3505.765625 0.0 3540.67578125 3505.765625 3519.9921875 7
stats: {recvpackets,"tsung_controller@ip-172-31-29-41"} 1 1296.0 0.0 2049 607 1471.5 6
stats: {sentpackets,"tsung_controller@ip-172-31-29-41"} 1 1486.0 0.0 2042 628 1526.0 6
stats: {cpu,"tsung_controller@ip-172-31-29-41"} 1 0.8056394763343404 0.0 1.710261569416499 0.07320796826428444 0.8885124467957614 7
stats: session 39 22125.536282051282 5492.310119139202 36283.929 6749.895 18372.849440594062 202
stats: users_count 0 253
stats: finish_users_count 39 241
stats: request 147 14.776551020408165 17.22708681125451 1666.339 2.052 83.04094213126322 2834
stats: connect 0 0 0 36.564 0.715 1.169604743083004 253
stats: page 93 23.400215053763443 23.236950542926177 1884.0 5.351 109.48452976744181 2150
stats: 302 31 999
stats: 200 84 1740
stats: size_rcv 298942 5978576
stats: newphase 0 1
stats: size_sent 96884 1954975
stats: connected -40 12
stats: 404 32 242
# stats: dump at 1512351584
stats: users 4 101
stats: {load,"tsung_controller@ip-172-31-29-41"} 1 0.05078125 0.0 0.0703125 0.0 0.01611328125 8
stats: {freemem,"tsung_controller@ip-172-31-29-41"} 1 3510.47265625 0.0 3540.67578125 3505.765625 3518.2138671875 8
stats: {recvpackets,"tsung_controller@ip-172-31-29-41"} 1 348.0 0.0 2049 348 1446.4285714285713 7
stats: {sentpackets,"tsung_controller@ip-172-31-29-41"} 1 423.0 0.0 2042 423 1520.2857142857142 7
stats: {cpu,"tsung_controller@ip-172-31-29-41"} 1 0.3009027081243731 0.0 1.710261569416499 0.07320796826428444 0.8781533254880837 8
stats: session 8 29082.232375000003 4341.31612989546 36283.929 6749.895 18980.130713692946 241
stats: users_count 0 253
stats: finish_users_count 8 249
stats: request 53 17.517132075471704 21.286143385494682 1666.339 2.052 79.67466722576316 2981
stats: connect 0 0 0 36.564 0.715 1.169604743083004 253
stats: page 33 28.19254545454546 27.463922717554617 1884.0 5.351 105.91527374052603 2243
stats: 302 13 1012
stats: 200 30 1770
stats: size_rcv 107364 6085940
stats: newphase 0 1
stats: size_sent 35527 1990502
stats: connected -7 5
stats: 404 10 252
# stats: dump at 1512351592
stats: users 0 101
stats: {load,"tsung_controller@ip-172-31-29-41"} 1 0.0390625 0.0 0.0703125 0.0 0.019965277777777776 9
stats: {freemem,"tsung_controller@ip-172-31-29-41"} 1 3518.25 0.0 3540.67578125 3505.765625 3517.3537326388887 9
stats: {recvpackets,"tsung_controller@ip-172-31-29-41"} 1 105.0 0.0 2049 105 1309.125 8
stats: {sentpackets,"tsung_controller@ip-172-31-29-41"} 1 125.0 0.0 2042 125 1383.125 8
stats: {cpu,"tsung_controller@ip-172-31-29-41"} 1 0.1002004008016032 0.0 1.710261569416499 0.07320796826428444 0.8140143680032269 9
stats: session 4 33030.95525 3351.230473253919 38263.962 6749.895 19304.696228915665 249
stats: users_count 0 253
stats: finish_users_count 4 253
stats: request 2 6.1165 2.9625000000000004 1666.339 2.052 78.5888566249176 3034
stats: connect 0 0 0 36.564 0.715 1.169604743083004 253
stats: page 1 12.333 0.0 1884.0 5.351 104.78836247803159 2276
stats: 302 0 1012
stats: 200 1 1771
stats: size_rcv 4448 6090388
stats: newphase 0 1
stats: size_sent 1314 1991816
stats: connected -5 0
stats: 404 1 253
EndMonitor:{1512,351592,43975}
