# stats: dump at 1512353459
stats: users 44 44
stats: {freemem,"tsung_controller@ip-172-31-28-2"} 1 3539.30078125 0 3539.30078125 3539.30078125 0 0
stats: {load,"tsung_controller@ip-172-31-28-2"} 1 0.0 0 0.0 0.0 0 0
stats: {cpu,"tsung_controller@ip-172-31-28-2"} 1 0.9486286960180547 0 0.9486286960180547 0.9486286960180547 0 0
stats: users_count 44 44
stats: finish_users_count 0 0
stats: request 49 1962.4885918367347 2002.501230866201 6228.041 7.528 0 0
stats: connect 43 2.3789302325581385 7.650059748650542 51.935 0.802 0 0
stats: page 49 1962.4885918367347 2002.501230866201 6228.041 7.528 0 0
stats: 302 3 3
stats: 200 46 46
stats: size_rcv 162442 162442
stats: size_sent 30194 30194
stats: connected 43 43
# stats: dump at 1512353469
stats: users 88 88
stats: {freemem,"tsung_controller@ip-172-31-28-2"} 1 3534.73828125 0.0 3539.30078125 3534.73828125 3539.30078125 1
stats: {load,"tsung_controller@ip-172-31-28-2"} 1 0.0 0.0 0.0 0.0 0.0 1
stats: {recvpackets,"tsung_controller@ip-172-31-28-2"} 1 332 0 332 332 0 0
stats: {sentpackets,"tsung_controller@ip-172-31-28-2"} 1 345 0 345 345 0 0
stats: {cpu,"tsung_controller@ip-172-31-28-2"} 1 0.5020080321285141 0.0 0.9486286960180547 0.5020080321285141 0.9486286960180547 1
stats: users_count 44 88
stats: finish_users_count 0 0
stats: request 34 5495.810441176471 2388.0714098659096 10110.434 7.528 1962.4885918367347 49
stats: connect 43 1.5154186046511626 0.8075941944502083 51.935 0.802 2.3789302325581385 43
stats: page 34 5495.810441176471 2388.0714098659096 10110.434 7.528 1962.4885918367347 49
stats: 302 1 4
stats: 200 33 79
stats: size_rcv 124943 287385
stats: size_sent 41666 71860
stats: connected 43 86
# stats: dump at 1512353479
stats: users 137 137
stats: {freemem,"tsung_controller@ip-172-31-28-2"} 1 3528.9375 0.0 3539.30078125 3528.9375 3537.01953125 2
stats: {load,"tsung_controller@ip-172-31-28-2"} 1 0.0 0.0 0.0 0.0 0.0 2
stats: {recvpackets,"tsung_controller@ip-172-31-28-2"} 1 292.0 0.0 332 292 332.0 1
stats: {sentpackets,"tsung_controller@ip-172-31-28-2"} 1 295.0 0.0 345 295 345.0 1
stats: {cpu,"tsung_controller@ip-172-31-28-2"} 1 0.7007007007007007 0.0 0.9486286960180547 0.5020080321285141 0.7253183640732843 2
stats: users_count 49 137
stats: finish_users_count 0 0
stats: request 59 10952.781186440678 3108.302283337105 19464.981 7.528 3409.8734457831324 83
stats: connect 51 1.5441176470588236 0.7048938912516376 51.935 0.802 1.9471744186046505 86
stats: page 59 10952.781186440678 3108.302283337105 19464.981 7.528 3409.8734457831324 83
stats: 302 0 4
stats: 200 59 138
stats: size_rcv 212470 499855
stats: size_sent 41301 113161
stats: connected 51 137
# stats: dump at 1512353489
stats: users 192 192
stats: {freemem,"tsung_controller@ip-172-31-28-2"} 1 3521.0390625 0.0 3539.30078125 3521.0390625 3534.3255208333335 3
stats: {load,"tsung_controller@ip-172-31-28-2"} 1 0.0 0.0 0.0 0.0 0.0 3
stats: {recvpackets,"tsung_controller@ip-172-31-28-2"} 1 384.0 0.0 384 292 312.0 2
stats: {sentpackets,"tsung_controller@ip-172-31-28-2"} 1 380.0 0.0 380 295 320.0 2
stats: {cpu,"tsung_controller@ip-172-31-28-2"} 1 0.8016032064128256 0.0 0.9486286960180547 0.5020080321285141 0.7171124762824231 3
stats: users_count 55 192
stats: finish_users_count 0 0
stats: request 50 14274.322780000004 5835.71400671889 28330.189 7.528 6543.8984929577455 142
stats: connect 55 1.554018181818182 0.7627790932661742 51.935 0.802 1.7971313868613135 137
stats: page 50 14274.322780000004 5835.71400671889 28330.189 7.528 6543.8984929577455 142
stats: 302 8 12
stats: 200 42 180
stats: size_rcv 158146 658001
stats: newphase 1 1
stats: size_sent 55067 168228
stats: connected 55 192
# stats: dump at 1512353499
stats: users 247 247
stats: {freemem,"tsung_controller@ip-172-31-28-2"} 1 3514.6171875 0.0 3539.30078125 3514.6171875 3531.00390625 4
stats: {load,"tsung_controller@ip-172-31-28-2"} 1 0.0 0.0 0.0 0.0 0.0 4
stats: {recvpackets,"tsung_controller@ip-172-31-28-2"} 1 355.0 0.0 384 292 336.0 3
stats: {sentpackets,"tsung_controller@ip-172-31-28-2"} 1 383.0 0.0 383 295 340.0 3
stats: {cpu,"tsung_controller@ip-172-31-28-2"} 1 0.6030150753768844 0.0 0.9486286960180547 0.5020080321285141 0.7382351588150238 4
stats: users_count 55 247
stats: finish_users_count 0 0
stats: request 63 20924.58331746033 6311.0596711717535 36251.306 7.528 8557.029817708333 192
stats: connect 52 1.321461538461539 0.2660603937757266 51.935 0.802 1.727489583333333 192
stats: page 63 20924.58331746033 6311.0596711717535 36251.306 7.528 8557.029817708333 192
stats: 302 17 29
stats: 200 46 226
stats: size_rcv 187934 845935
stats: newphase 0 1
stats: size_sent 45860 214088
stats: connected 52 244
# stats: dump at 1512353509
stats: users 293 293
stats: {freemem,"tsung_controller@ip-172-31-28-2"} 1 3506.15234375 0.0 3539.30078125 3506.15234375 3527.7265625 5
stats: {load,"tsung_controller@ip-172-31-28-2"} 1 0.0 0.0 0.0 0.0 0.0 5
stats: {recvpackets,"tsung_controller@ip-172-31-28-2"} 1 427.0 0.0 427 292 340.75 4
stats: {sentpackets,"tsung_controller@ip-172-31-28-2"} 1 419.0 0.0 419 295 350.75 4
stats: {cpu,"tsung_controller@ip-172-31-28-2"} 1 0.7014028056112225 0.0 0.9486286960180547 0.5020080321285141 0.7111911421273959 5
stats: users_count 46 293
stats: finish_users_count 0 0
stats: request 58 22138.7055 4927.797528789395 36251.306 7.528 11612.54303529412 255
stats: connect 47 1.392936170212766 0.3580669974308754 51.935 0.802 1.6409590163934424 244
stats: page 58 22138.7055 4927.797528789395 36251.306 7.528 11612.54303529412 255
stats: 302 10 39
stats: 200 48 274
stats: size_rcv 183379 1029314
stats: newphase 0 1
stats: size_sent 53512 267600
stats: connected 47 291
# stats: dump at 1512353519
stats: users 295 295
stats: {freemem,"tsung_controller@ip-172-31-28-2"} 1 3498.91796875 0.0 3539.30078125 3498.91796875 3524.130859375 6
stats: {load,"tsung_controller@ip-172-31-28-2"} 1 0.0 0.0 0.0 0.0 0.0 6
stats: {recvpackets,"tsung_controller@ip-172-31-28-2"} 1 331.0 0.0 427 292 358.0 5
stats: {sentpackets,"tsung_controller@ip-172-31-28-2"} 1 330.0 0.0 419 295 364.4 5
stats: {cpu,"tsung_controller@ip-172-31-28-2"} 1 0.4016064257028112 0.0 0.9486286960180547 0.4016064257028112 0.7095597527080336 6
stats: users_count 2 295
stats: finish_users_count 0 0
stats: request 74 25943.259 5353.701292787221 41299.759 7.528 13563.077932907352 313
stats: connect 4 1.2782499999999999 0.1743737007120053 51.935 0.802 1.6009003436426115 291
stats: page 74 25943.259 5353.701292787221 41299.759 7.528 13563.077932907352 313
stats: 302 11 50
stats: 200 63 337
stats: size_rcv 247658 1276972
stats: newphase 0 1
stats: size_sent 54551 322151
stats: connected 4 295
# stats: dump at 1512353529
stats: users 295 295
stats: {freemem,"tsung_controller@ip-172-31-28-2"} 1 3491.24609375 0.0 3539.30078125 3491.24609375 3520.5290178571427 7
stats: {load,"tsung_controller@ip-172-31-28-2"} 1 0.0 0.0 0.0 0.0 0.0 7
stats: {recvpackets,"tsung_controller@ip-172-31-28-2"} 1 258.0 0.0 427 258 353.5 6
stats: {sentpackets,"tsung_controller@ip-172-31-28-2"} 1 199.0 0.0 419 199 358.6666666666667 6
stats: {cpu,"tsung_controller@ip-172-31-28-2"} 1 0.4016064257028112 0.0 0.9486286960180547 0.4016064257028112 0.665566420278716 7
stats: users_count 0 295
stats: finish_users_count 0 0
stats: request 52 31786.00134615384 4617.883574275896 43660.96 7.528 15930.347697674422 387
stats: connect 0 0 0 51.935 0.802 1.5965254237288133 295
stats: page 52 31786.00134615384 4617.883574275896 43660.96 7.528 15930.347697674422 387
stats: 302 9 59
stats: 200 43 380
stats: size_rcv 167548 1444520
stats: newphase 0 1
stats: size_sent 41088 363239
stats: connected 0 295
# stats: dump at 1512353539
stats: users 295 295
stats: {freemem,"tsung_controller@ip-172-31-28-2"} 1 3488.10546875 0.0 3539.30078125 3488.10546875 3516.86865234375 8
stats: {load,"tsung_controller@ip-172-31-28-2"} 1 0.0 0.0 0.0 0.0 0.0 8
stats: {recvpackets,"tsung_controller@ip-172-31-28-2"} 1 207.0 0.0 427 207 339.85714285714283 7
stats: {sentpackets,"tsung_controller@ip-172-31-28-2"} 1 163.0 0.0 419 163 335.85714285714283 7
stats: {cpu,"tsung_controller@ip-172-31-28-2"} 1 0.3003003003003003 0.0 0.9486286960180547 0.3003003003003003 0.6325714209567279 8
stats: users_count 0 295
stats: finish_users_count 0 0
stats: request 59 37502.056813559335 4752.515345007149 53768.289 7.528 17808.46612528474 439
stats: connect 0 0 0 51.935 0.802 1.5965254237288133 295
stats: page 58 37457.34813793106 4780.992549205539 53768.289 7.528 17808.46612528474 439
stats: 302 9 68
stats: 200 50 430
stats: size_rcv 198394 1642914
stats: newphase 0 1
stats: size_sent 44469 407708
stats: connected 0 295
# stats: dump at 1512353549
stats: users 295 295
stats: {freemem,"tsung_controller@ip-172-31-28-2"} 1 3482.54296875 0.0 3539.30078125 3482.54296875 3513.6727430555557 9
stats: {load,"tsung_controller@ip-172-31-28-2"} 1 0.0 0.0 0.0 0.0 0.0 9
stats: {recvpackets,"tsung_controller@ip-172-31-28-2"} 1 194.0 0.0 427 194 323.25 8
stats: {sentpackets,"tsung_controller@ip-172-31-28-2"} 1 158.0 0.0 419 158 314.25 8
stats: {cpu,"tsung_controller@ip-172-31-28-2"} 1 0.2004008016032064 0.0 0.9486286960180547 0.2004008016032064 0.5956524075504581 9
stats: users_count 0 295
stats: finish_users_count 0 0
stats: request 49 41465.413612244876 3991.9573607407065 54401.94 7.528 20141.64253212852 498
stats: connect 0 0 0 51.935 0.802 1.5965254237288133 295
stats: page 49 41465.413612244876 3991.9573607407065 54401.94 7.528 20101.49460965795 497
stats: 302 9 77
stats: 200 40 470
stats: size_rcv 157482 1800396
stats: newphase 0 1
stats: size_sent 33681 441389
stats: connected 0 295
# stats: dump at 1512353559
stats: users 295 295
stats: {freemem,"tsung_controller@ip-172-31-28-2"} 1 3477.83203125 0.0 3539.30078125 3477.83203125 3510.559765625 10
stats: {load,"tsung_controller@ip-172-31-28-2"} 1 0.0 0.0 0.0 0.0 0.0 10
stats: {recvpackets,"tsung_controller@ip-172-31-28-2"} 1 196.0 0.0 427 194 308.8888888888889 9
stats: {sentpackets,"tsung_controller@ip-172-31-28-2"} 1 158.0 0.0 419 158 296.8888888888889 9
stats: {cpu,"tsung_controller@ip-172-31-28-2"} 1 0.3003003003003003 0.0 0.9486286960180547 0.2004008016032064 0.556127246955733 10
stats: users_count 0 295
stats: finish_users_count 0 0
stats: request 44 47334.29647727273 5350.288769058595 59668.709 7.528 22051.81580987203 547
stats: connect 0 0 0 51.935 0.802 1.5965254237288133 295
stats: page 43 47165.690511627894 5295.3253491149335 59668.709 7.528 22018.769391941394 546
stats: 302 9 86
stats: 504 2 2
stats: 200 33 503
stats: size_rcv 137463 1937859
stats: newphase 0 1
stats: size_sent 36917 478306
stats: connected 0 295
# stats: dump at 1512353569
stats: users 295 295
stats: {freemem,"tsung_controller@ip-172-31-28-2"} 1 3472.75390625 0.0 3539.30078125 3472.75390625 3507.5845170454545 11
stats: {load,"tsung_controller@ip-172-31-28-2"} 1 0.0 0.0 0.0 0.0 0.0 11
stats: {recvpackets,"tsung_controller@ip-172-31-28-2"} 1 154.0 0.0 427 154 297.6 10
stats: {sentpackets,"tsung_controller@ip-172-31-28-2"} 1 117.0 0.0 419 117 283.0 10
stats: {cpu,"tsung_controller@ip-172-31-28-2"} 1 0.30060120240480964 0.0 0.9486286960180547 0.2004008016032064 0.5328702518052392 11
stats: users_count 0 295
stats: finish_users_count 0 0
stats: request 41 53050.54487804878 4576.785090155033 59853.801 7.528 23934.09863451777 591
stats: connect 0 0 0 51.935 0.802 1.5965254237288133 295
stats: page 40 52899.43080000001 4531.487808384372 59853.801 7.528 23854.62271646859 589
stats: 302 2 88
stats: 504 10 12
stats: 200 29 532
stats: size_rcv 121726 2059585
stats: newphase 0 1
stats: size_sent 34560 512866
stats: connected 0 295
# stats: dump at 1512353579
stats: users 295 295
stats: {freemem,"tsung_controller@ip-172-31-28-2"} 1 3466.54296875 0.0 3539.30078125 3466.54296875 3504.6819661458335 12
stats: {load,"tsung_controller@ip-172-31-28-2"} 1 0.0 0.0 0.0 0.0 0.0 12
stats: {recvpackets,"tsung_controller@ip-172-31-28-2"} 1 165.0 0.0 427 154 284.54545454545456 11
stats: {sentpackets,"tsung_controller@ip-172-31-28-2"} 1 127.0 0.0 419 117 267.90909090909093 11
stats: {cpu,"tsung_controller@ip-172-31-28-2"} 1 0.20060180541624875 0.0 0.9486286960180547 0.2004008016032064 0.5135144976885367 12
stats: users_count 0 295
stats: finish_users_count 0 0
stats: request 59 55703.85445762712 4122.914714938585 59959.81 7.528 25822.982014240508 632
stats: connect 0 0 0 51.935 0.802 1.5965254237288133 295
stats: page 59 55703.85445762712 4122.914714938585 59959.81 7.528 25701.6693354531 629
stats: 302 4 92
stats: 504 25 37
stats: 200 30 562
stats: size_rcv 132722 2192307
stats: newphase 0 1
stats: size_sent 43248 556114
stats: connected 0 295
# stats: dump at 1512353589
stats: users 295 295
stats: {freemem,"tsung_controller@ip-172-31-28-2"} 1 3461.73046875 0.0 3539.30078125 3461.73046875 3501.7481971153848 13
stats: {load,"tsung_controller@ip-172-31-28-2"} 1 0.0 0.0 0.0 0.0 0.0 13
stats: {recvpackets,"tsung_controller@ip-172-31-28-2"} 1 166.0 0.0 427 154 274.5833333333333 12
stats: {sentpackets,"tsung_controller@ip-172-31-28-2"} 1 138.0 0.0 419 117 256.1666666666667 12
stats: {cpu,"tsung_controller@ip-172-31-28-2"} 1 0.30060120240480964 0.0 0.9486286960180547 0.2004008016032064 0.4894442905906684 13
stats: users_count 0 295
stats: finish_users_count 0 0
stats: request 44 57098.97904545455 2894.546877236327 59986.222 7.528 28374.31555137482 691
stats: connect 0 0 0 51.935 0.802 1.5965254237288133 295
stats: page 43 57037.24234883722 2899.231916684187 59986.222 7.528 28274.531140988372 688
stats: 302 2 94
stats: 504 22 59
stats: 200 20 582
stats: size_rcv 88045 2280352
stats: newphase 0 1
stats: size_sent 35566 591680
stats: connected 0 295
# stats: dump at 1512353599
stats: users 295 295
stats: {freemem,"tsung_controller@ip-172-31-28-2"} 1 3457.9921875 0.0 3539.30078125 3457.9921875 3498.8897879464284 14
stats: {load,"tsung_controller@ip-172-31-28-2"} 1 0.0 0.0 0.0 0.0 0.0 14
stats: {recvpackets,"tsung_controller@ip-172-31-28-2"} 1 131.0 0.0 427 131 266.2307692307692 13
stats: {sentpackets,"tsung_controller@ip-172-31-28-2"} 1 112.0 0.0 419 112 247.07692307692307 13
stats: {cpu,"tsung_controller@ip-172-31-28-2"} 1 0.20020020020020018 0.0 0.9486286960180547 0.20020020020020018 0.4759554985773928 14
stats: users_count 0 295
stats: finish_users_count 0 0
stats: request 54 57659.04148148149 2761.7878715030647 59986.222 7.528 30093.887243537418 735
stats: connect 0 0 0 51.935 0.802 1.5965254237288133 295
stats: page 54 58401.54627777779 6307.23247820034 99730.113 7.528 29966.455329685363 731
stats: 302 0 94
stats: 504 33 92
stats: 200 21 603
stats: size_rcv 91288 2371640
stats: newphase 0 1
stats: size_sent 37530 629210
stats: connected 0 295
# stats: dump at 1512353609
stats: users 295 295
stats: {freemem,"tsung_controller@ip-172-31-28-2"} 1 3453.15625 0.0 3539.30078125 3453.15625 3496.16328125 15
stats: {load,"tsung_controller@ip-172-31-28-2"} 1 0.0 0.0 0.0 0.0 0.0 15
stats: {recvpackets,"tsung_controller@ip-172-31-28-2"} 1 150.0 0.0 427 131 256.57142857142856 14
stats: {sentpackets,"tsung_controller@ip-172-31-28-2"} 1 132.0 0.0 419 112 237.42857142857142 14
stats: {cpu,"tsung_controller@ip-172-31-28-2"} 1 0.2004008016032064 0.0 0.9486286960180547 0.20020020020020018 0.4575718120189133 15
stats: users_count 0 295
stats: finish_users_count 0 0
stats: request 50 56289.451559999994 11681.450439381319 59986.222 7.135 31980.475746514574 789
stats: connect 0 0 0 51.935 0.802 1.5965254237288133 295
stats: page 50 56289.451559999994 11681.450439381319 99730.113 7.135 31922.499802547773 785
stats: 302 0 94
stats: 504 40 132
stats: 200 8 611
stats: size_rcv 37524 2409164
stats: newphase 0 1
stats: 502 2 2
stats: size_sent 45066 674276
stats: connected 0 295
# stats: dump at 1512353619
stats: users 294 295
stats: {freemem,"tsung_controller@ip-172-31-28-2"} 1 3450.7421875 0.0 3539.30078125 3450.7421875 3493.475341796875 16
stats: {load,"tsung_controller@ip-172-31-28-2"} 1 0.0 0.0 0.0 0.0 0.0 16
stats: {recvpackets,"tsung_controller@ip-172-31-28-2"} 1 133.0 0.0 427 131 249.46666666666667 15
stats: {sentpackets,"tsung_controller@ip-172-31-28-2"} 1 130.0 0.0 419 112 230.4 15
stats: {cpu,"tsung_controller@ip-172-31-28-2"} 1 0.10030090270812438 0.0 0.9486286960180547 0.10030090270812438 0.4414986238679316 16
stats: session 1 138524.842 0 138524.842 138524.842 0 0
stats: users_count 0 295
stats: finish_users_count 1 1
stats: request 117 21252.68247008549 28390.3422127953 59994.11 1.235 33429.163220500595 839
stats: connect 0 0 0 51.935 0.802 1.5965254237288133 295
stats: page 96 26470.325906250015 30512.755571285594 114261.174 2.425 33381.59871017964 835
stats: 302 0 94
stats: 504 39 171
stats: 200 3 614
stats: size_rcv 39495 2448659
stats: newphase 0 1
stats: 502 75 77
stats: size_sent 75779 750055
stats: connected -1 294
# stats: dump at 1512353629
stats: users 294 295
stats: {freemem,"tsung_controller@ip-172-31-28-2"} 1 3448.94140625 0.0 3539.30078125 3448.94140625 3490.961626838235 17
stats: {load,"tsung_controller@ip-172-31-28-2"} 1 0.0 0.0 0.0 0.0 0.0 17
stats: {recvpackets,"tsung_controller@ip-172-31-28-2"} 1 163.0 0.0 427 131 242.1875 16
stats: {sentpackets,"tsung_controller@ip-172-31-28-2"} 1 212.0 0.0 419 112 224.125 16
stats: {cpu,"tsung_controller@ip-172-31-28-2"} 1 0.20060180541624875 0.0 0.9486286960180547 0.10030090270812438 0.42142816968206054 17
stats: session 0 0 0 138524.842 138524.842 138524.842 1
stats: users_count 0 295
stats: finish_users_count 0 1
stats: request 43 58807.28548837209 1895.7196684800874 59999.108 1.235 31938.945388075314 956
stats: connect 0 0 0 51.935 0.802 1.5965254237288133 295
stats: page 42 60199.233023809524 9393.34332655025 119094.364 2.425 32668.94329752954 931
stats: 302 0 94
stats: 504 36 207
stats: 200 7 621
stats: size_rcv 31964 2480623
stats: newphase 0 1
stats: 502 0 77
stats: size_sent 30218 780273
stats: connected 0 294
# stats: dump at 1512353639
stats: users 294 295
stats: {freemem,"tsung_controller@ip-172-31-28-2"} 1 3447.85546875 0.0 3539.30078125 3447.85546875 3488.6271701388887 18
stats: {load,"tsung_controller@ip-172-31-28-2"} 1 0.0 0.0 0.0 0.0 0.0 18
stats: {recvpackets,"tsung_controller@ip-172-31-28-2"} 1 109.0 0.0 427 109 237.52941176470588 17
stats: {sentpackets,"tsung_controller@ip-172-31-28-2"} 1 102.0 0.0 419 102 223.41176470588235 17
stats: {cpu,"tsung_controller@ip-172-31-28-2"} 1 0.10010010010010009 0.0 0.9486286960180547 0.10010010010010009 0.4091600383339599 18
stats: session 0 0 0 138524.842 138524.842 138524.842 1
stats: users_count 0 295
stats: finish_users_count 0 1
stats: request 54 59470.09674074072 488.7152025833114 59999.108 1.235 33095.44050750751 999
stats: connect 0 0 0 51.935 0.802 1.5965254237288133 295
stats: page 48 59468.132541666644 507.92801178374117 119094.364 2.425 33857.30112744091 973
stats: 302 0 94
stats: 504 53 260
stats: 200 1 622
stats: size_rcv 8152 2488775
stats: newphase 0 1
stats: 502 0 77
stats: size_sent 33771 814044
stats: connected 0 294
# stats: dump at 1512353649
stats: users 294 295
stats: {freemem,"tsung_controller@ip-172-31-28-2"} 1 3447.24609375 0.0 3539.30078125 3447.24609375 3486.4812911184213 19
stats: {load,"tsung_controller@ip-172-31-28-2"} 1 0.0 0.0 0.0 0.0 0.0 19
stats: {recvpackets,"tsung_controller@ip-172-31-28-2"} 1 143.0 0.0 427 109 230.38888888888889 18
stats: {sentpackets,"tsung_controller@ip-172-31-28-2"} 1 143.0 0.0 419 102 216.66666666666666 18
stats: {cpu,"tsung_controller@ip-172-31-28-2"} 1 0.10030090270812438 0.0 0.9486286960180547 0.10010010010010009 0.3928937257953357 19
stats: session 0 0 0 138524.842 138524.842 138524.842 1
stats: users_count 0 295
stats: finish_users_count 0 1
stats: request 47 59567.46368085109 301.2747800325556 59999.108 1.235 34447.98698100665 1053
stats: connect 0 0 0 51.935 0.802 1.5965254237288133 295
stats: page 39 61074.937487179486 9522.578026426358 119747.141 2.425 35061.33629676787 1021
stats: 302 0 94
stats: 504 47 307
stats: 200 0 622
stats: size_rcv 3525 2492300
stats: newphase 0 1
stats: 502 0 77
stats: size_sent 29600 843644
stats: connected 0 294
# stats: dump at 1512353659
stats: users 294 295
stats: {freemem,"tsung_controller@ip-172-31-28-2"} 1 3446.66796875 0.0 3539.30078125 3446.66796875 3484.51953125 20
stats: {load,"tsung_controller@ip-172-31-28-2"} 1 0.0 0.0 0.0 0.0 0.0 20
stats: {recvpackets,"tsung_controller@ip-172-31-28-2"} 1 89.0 0.0 427 89 225.78947368421052 19
stats: {sentpackets,"tsung_controller@ip-172-31-28-2"} 1 89.0 0.0 419 89 212.78947368421052 19
stats: {cpu,"tsung_controller@ip-172-31-28-2"} 1 0.20020020020020018 0.0 0.9486286960180547 0.10010010010010009 0.37826408464097516 20
stats: session 0 0 0 138524.842 138524.842 138524.842 1
stats: users_count 0 295
stats: finish_users_count 0 1
stats: request 90 33024.152266666664 29526.007977462803 59999.108 0.845 35521.27371272728 1100
stats: connect 0 0 0 51.935 0.802 1.5965254237288133 295
stats: page 73 37466.21453424658 28691.632135248517 119747.141 1.018 36018.44049150943 1060
stats: 302 0 94
stats: 504 50 357
stats: 200 0 622
stats: size_rcv 16950 2509250
stats: newphase 0 1
stats: 502 40 117
stats: size_sent 44881 888525
stats: connected 0 294
# stats: dump at 1512353669
stats: users 279 295
stats: {freemem,"tsung_controller@ip-172-31-28-2"} 1 3445.34765625 0.0 3539.30078125 3445.34765625 3482.7170758928573 21
stats: {load,"tsung_controller@ip-172-31-28-2"} 1 0.0 0.0 0.0 0.0 0.0 21
stats: {recvpackets,"tsung_controller@ip-172-31-28-2"} 1 160.0 0.0 427 89 218.95 20
stats: {sentpackets,"tsung_controller@ip-172-31-28-2"} 1 199.0 0.0 419 89 206.6 20
stats: {cpu,"tsung_controller@ip-172-31-28-2"} 1 0.10030090270812438 0.0 0.9486286960180547 0.10010010010010009 0.3697848520485573 21
stats: session 15 190651.47193333335 18659.024870458634 216682.829 138524.842 138524.842 1
stats: users_count 0 295
stats: finish_users_count 15 16
stats: request 311 9210.538109324758 21529.154588295303 59999.108 0.815 35332.415788235296 1190
stats: connect 0 0 0 51.935 0.802 1.5965254237288133 295
stats: page 218 12865.529119266053 24503.121564654128 119747.141 1.018 36111.72160812003 1133
stats: 302 0 94
stats: 504 48 405
stats: 200 0 622
stats: size_rcv 90390 2599640
stats: newphase 0 1
stats: 502 263 380
stats: size_sent 160939 1049464
stats: connected -15 279
# stats: dump at 1512353679
stats: users 237 295
stats: {freemem,"tsung_controller@ip-172-31-28-2"} 1 3442.578125 0.0 3539.30078125 3442.578125 3481.018465909091 22
stats: {load,"tsung_controller@ip-172-31-28-2"} 1 0.0 0.0 0.0 0.0 0.0 22
stats: {recvpackets,"tsung_controller@ip-172-31-28-2"} 1 389.0 0.0 427 89 216.14285714285714 21
stats: {sentpackets,"tsung_controller@ip-172-31-28-2"} 1 615.0 0.0 615 89 206.23809523809524 21
stats: {cpu,"tsung_controller@ip-172-31-28-2"} 1 0.30181086519114686 0.0 0.9486286960180547 0.10010010010010009 0.3575355816239922 22
stats: session 42 194190.12657142853 16918.76712388019 222244.963 138524.842 187393.55756250003 16
stats: users_count 0 295
stats: finish_users_count 42 58
stats: request 327 6927.367296636085 19069.49116630312 59999.108 0.779 29920.08803464357 1501
stats: connect 0 0 0 51.935 0.802 1.5965254237288133 295
stats: page 212 10685.198999999999 22822.278992984026 119747.141 0.842 32360.670562546256 1351
stats: 302 0 94
stats: 504 38 443
stats: 200 0 622
stats: size_rcv 98220 2697860
stats: newphase 0 1
stats: 502 289 669
stats: size_sent 169050 1218514
stats: connected -37 242
# stats: dump at 1512353689
stats: users 189 295
stats: {freemem,"tsung_controller@ip-172-31-28-2"} 1 3440.40625 0.0 3539.30078125 3440.40625 3479.3471467391305 23
stats: {load,"tsung_controller@ip-172-31-28-2"} 1 0.0 0.0 0.0 0.0 0.0 23
stats: {recvpackets,"tsung_controller@ip-172-31-28-2"} 1 482.0 0.0 482 89 224.0 22
stats: {sentpackets,"tsung_controller@ip-172-31-28-2"} 1 788.0 0.0 788 89 224.8181818181818 22
stats: {cpu,"tsung_controller@ip-172-31-28-2"} 1 0.30272452068617556 0.0 0.9486286960180547 0.10010010010010009 0.3551127678660424 23
stats: session 48 197890.69516666667 16657.548087292507 229322.744 138524.842 192315.21098275858 58
stats: users_count 0 295
stats: finish_users_count 48 106
stats: request 390 7030.261169230772 19190.42873746538 59999.108 0.779 25807.057574398248 1828
stats: connect 0 0 0 51.935 0.802 1.5965254237288133 295
stats: page 248 11295.397592741943 23925.676156342615 119747.141 0.842 29420.683376839406 1563
stats: 302 0 94
stats: 504 46 489
stats: 200 0 622
stats: size_rcv 116970 2814830
stats: newphase 0 1
stats: 502 344 1013
stats: size_sent 206106 1424620
stats: connected -49 193
# stats: dump at 1512353699
stats: users 143 295
stats: {freemem,"tsung_controller@ip-172-31-28-2"} 1 3438.59765625 0.0 3539.30078125 3438.59765625 3477.724609375 24
stats: {load,"tsung_controller@ip-172-31-28-2"} 1 0.0 0.0 0.0 0.0 0.0 24
stats: {recvpackets,"tsung_controller@ip-172-31-28-2"} 1 476.0 0.0 482 89 235.2173913043478 23
stats: {sentpackets,"tsung_controller@ip-172-31-28-2"} 1 788.0 0.0 788 89 249.30434782608697 23
stats: {cpu,"tsung_controller@ip-172-31-28-2"} 1 0.5020080321285141 0.0 0.9486286960180547 0.10010010010010009 0.35292992423354796 24
stats: session 46 215886.8453260869 17270.113057323895 246201.929 138524.842 194839.95853773583 106
stats: users_count 0 295
stats: finish_users_count 46 152
stats: request 365 9164.171591780825 21493.76561979107 59999.108 0.779 22505.456763751125 2218
stats: connect 0 0 0 51.935 0.802 1.5965254237288133 295
stats: page 242 15296.909008264463 29227.123579272433 119983.759 0.842 26938.590127553834 1811
stats: 302 0 94
stats: 504 56 545
stats: 200 0 622
stats: size_rcv 106170 2921000
stats: newphase 0 1
stats: 502 309 1322
stats: size_sent 191884 1616504
stats: connected -47 146
# stats: dump at 1512353709
stats: users 126 295
stats: {freemem,"tsung_controller@ip-172-31-28-2"} 1 3435.9453125 0.0 3539.30078125 3435.9453125 3476.15953125 25
stats: {load,"tsung_controller@ip-172-31-28-2"} 1 0.0 0.0 0.0 0.0 0.0 25
stats: {recvpackets,"tsung_controller@ip-172-31-28-2"} 1 490.0 0.0 490 89 245.25 24
stats: {sentpackets,"tsung_controller@ip-172-31-28-2"} 1 767.0 0.0 788 89 271.75 24
stats: {cpu,"tsung_controller@ip-172-31-28-2"} 1 0.5030181086519114 0.0 0.9486286960180547 0.10010010010010009 0.35889304854934667 25
stats: session 17 221321.2203529412 16921.687183295675 248664.925 138524.842 201209.411118421 152
stats: users_count 0 295
stats: finish_users_count 17 169
stats: request 145 19733.59094482759 28034.004971155424 59999.108 0.779 20620.219021680216 2583
stats: connect 0 0 0 51.935 0.802 1.5965254237288133 295
stats: page 99 30124.175595959598 38295.997144490684 119983.759 0.842 25566.312080370186 2053
stats: 302 0 94
stats: 504 48 593
stats: 200 0 622
stats: size_rcv 35610 2956610
stats: newphase 0 1
stats: 502 97 1419
stats: size_sent 91546 1708050
stats: connected -20 126
# stats: dump at 1512353719
stats: users 125 295
stats: {freemem,"tsung_controller@ip-172-31-28-2"} 1 3435.09765625 0.0 3539.30078125 3435.09765625 3474.612830528846 26
stats: {load,"tsung_controller@ip-172-31-28-2"} 1 0.0 0.0 0.0 0.0 0.0 26
stats: {recvpackets,"tsung_controller@ip-172-31-28-2"} 1 186.0 0.0 490 89 255.04 25
stats: {sentpackets,"tsung_controller@ip-172-31-28-2"} 1 250.0 0.0 788 89 291.56 25
stats: {cpu,"tsung_controller@ip-172-31-28-2"} 1 0.30060120240480964 0.0 0.9486286960180547 0.10010010010010009 0.364436320091753 26
stats: session 1 215219.897 0.0 248664.925 138524.842 203232.49252071002 169
stats: users_count 0 295
stats: finish_users_count 1 170
stats: request 54 37511.835703703706 28760.25925390234 59999.108 0.779 20573.09252932551 2728
stats: connect 0 0 0 51.935 0.802 1.5965254237288133 295
stats: page 40 46137.65452499998 36449.9351118205 119983.759 0.842 25775.990745817842 2152
stats: 302 0 94
stats: 504 34 627
stats: 200 0 622
stats: size_rcv 9150 2965760
stats: newphase 0 1
stats: 502 20 1439
stats: size_sent 34234 1742284
stats: connected -1 125
# stats: dump at 1512353729
stats: users 123 295
stats: {freemem,"tsung_controller@ip-172-31-28-2"} 1 3434.6015625 0.0 3539.30078125 3434.6015625 3473.1493055555557 27
stats: {load,"tsung_controller@ip-172-31-28-2"} 1 0.0 0.0 0.0 0.0 0.0 27
stats: {recvpackets,"tsung_controller@ip-172-31-28-2"} 1 97.0 0.0 490 89 252.3846153846154 26
stats: {sentpackets,"tsung_controller@ip-172-31-28-2"} 1 115.0 0.0 788 89 289.96153846153845 26
stats: {cpu,"tsung_controller@ip-172-31-28-2"} 1 0.0 0.0 0.9486286960180547 0.0 0.36207205647371804 27
stats: session 2 227125.8815 3315.0734999999986 248664.925 138524.842 203303.00666470584 170
stats: users_count 0 295
stats: finish_users_count 2 172
stats: request 23 7809.68426086956 20141.266106792526 59999.108 0.779 20901.881936736158 2782
stats: connect 0 0 0 51.935 0.802 1.5965254237288133 295
stats: page 15 15961.754666666666 34315.82540822689 119983.759 0.842 26147.55395346715 2192
stats: 302 0 94
stats: 504 3 630
stats: 200 0 622
stats: size_rcv 6825 2972585
stats: newphase 0 1
stats: 502 20 1459
stats: size_sent 14801 1757085
stats: connected -2 123
# stats: dump at 1512353739
stats: users 121 295
stats: {freemem,"tsung_controller@ip-172-31-28-2"} 1 3434.62109375 0.0 3539.30078125 3434.6015625 3471.7726004464284 28
stats: {load,"tsung_controller@ip-172-31-28-2"} 1 0.0 0.0 0.0 0.0 0.0 28
stats: {recvpackets,"tsung_controller@ip-172-31-28-2"} 1 24.0 0.0 490 24 246.62962962962962 27
stats: {sentpackets,"tsung_controller@ip-172-31-28-2"} 1 42.0 0.0 788 42 283.48148148148147 27
stats: {cpu,"tsung_controller@ip-172-31-28-2"} 1 0.09980039920159679 0.0 0.9486286960180547 0.0 0.3491409115996567 28
stats: session 2 240898.45750000002 2059.5534999999873 248664.925 138524.842 203580.01683720926 172
stats: users_count 0 295
stats: finish_users_count 2 174
stats: request 14 40608.24278571429 3522.4621600189844 59999.108 0.779 20794.530583244203 2805
stats: connect 0 0 0 51.935 0.802 1.5965254237288133 295
stats: page 10 40606.78480000001 3519.4895935507993 119983.759 0.842 26078.32559401903 2207
stats: 302 0 94
stats: 504 0 630
stats: 200 4 626
stats: size_rcv 31426 3004011
stats: newphase 0 1
stats: 502 0 1459
stats: size_sent 2858 1759943
stats: connected -2 121
stats: 500 10 10
# stats: dump at 1512353749
stats: users 107 295
stats: {freemem,"tsung_controller@ip-172-31-28-2"} 1 3433.79296875 0.0 3539.30078125 3433.79296875 3470.4915140086205 29
stats: {load,"tsung_controller@ip-172-31-28-2"} 1 0.0 0.0 0.0 0.0 0.0 29
stats: {recvpackets,"tsung_controller@ip-172-31-28-2"} 1 122.0 0.0 490 24 238.67857142857142 28
stats: {sentpackets,"tsung_controller@ip-172-31-28-2"} 1 109.0 0.0 788 42 274.85714285714283 28
stats: {cpu,"tsung_controller@ip-172-31-28-2"} 1 0.10030090270812438 0.0 0.9486286960180547 0.0 0.3405429628962753 29
stats: session 14 262831.4305 15851.467653972855 290464.898 138524.842 204008.96443103443 174
stats: users_count 0 295
stats: finish_users_count 14 188
stats: request 247 16814.977514170034 16037.04515151289 59999.108 0.779 20892.93142426392 2819
stats: connect 0 0 0 51.935 0.802 1.5965254237288133 295
stats: page 141 34610.96956737589 24128.549598040056 119983.759 0.842 26143.857660802885 2217
stats: 302 26 120
stats: 504 0 630
stats: 200 34 660
stats: size_rcv 512794 3516805
stats: newphase 0 1
stats: 502 0 1459
stats: size_sent 121223 1881166
stats: connected -14 107
stats: 500 170 180
stats: 404 17 17
# stats: dump at 1512353759
stats: users 65 295
stats: {freemem,"tsung_controller@ip-172-31-28-2"} 1 3428.109375 0.0 3539.30078125 3428.109375 3469.2682291666665 30
stats: {load,"tsung_controller@ip-172-31-28-2"} 1 0.0 0.0 0.0 0.0 0.0 30
stats: {recvpackets,"tsung_controller@ip-172-31-28-2"} 1 824.0 0.0 824 24 234.6551724137931 29
stats: {sentpackets,"tsung_controller@ip-172-31-28-2"} 1 670.0 0.0 788 42 269.13793103448273 29
stats: {cpu,"tsung_controller@ip-172-31-28-2"} 1 0.8016032064128256 0.0 0.9486286960180547 0.0 0.33253489422333693 30
stats: session 42 282232.1309285714 17193.810888908196 305156.902 138524.842 208389.36084042548 188
stats: users_count 0 295
stats: finish_users_count 42 230
stats: request 352 1830.779187500001 1493.2189973020197 59999.108 0.779 20564.407413894318 3066
stats: connect 0 0 0 51.935 0.802 1.5965254237288133 295
stats: page 219 3854.708337899546 5200.93119708985 119983.759 0.842 26650.160790076334 2358
stats: 302 17 137
stats: 504 0 630
stats: 200 95 755
stats: size_rcv 786749 4303554
stats: newphase 0 1
stats: 502 0 1459
stats: size_sent 172514 2053680
stats: connected -38 69
stats: 500 184 364
stats: 404 56 73
# stats: dump at 1512353769
stats: users 4 295
stats: {freemem,"tsung_controller@ip-172-31-28-2"} 1 3439.20703125 0.0 3539.30078125 3428.109375 3467.9405241935483 31
stats: {load,"tsung_controller@ip-172-31-28-2"} 1 0.0 0.0 0.0 0.0 0.0 31
stats: {recvpackets,"tsung_controller@ip-172-31-28-2"} 1 1122.0 0.0 1122 24 254.3 30
stats: {sentpackets,"tsung_controller@ip-172-31-28-2"} 1 835.0 0.0 835 42 282.5 30
stats: {cpu,"tsung_controller@ip-172-31-28-2"} 1 0.9018036072144289 0.0 0.9486286960180547 0.0 0.34766613010041725 31
stats: session 61 282413.4681639344 14487.640911525614 315481.012 138524.842 221873.69276956518 230
stats: users_count 0 295
stats: finish_users_count 61 291
stats: request 118 317.6206610169494 412.25886421895837 59999.108 0.779 18635.139673785834 3418
stats: connect 0 0 0 51.935 0.802 1.5965254237288133 295
stats: page 76 621.5451842105264 736.6251567602737 119983.759 0.842 24712.945389600307 2577
stats: 302 0 137
stats: 504 0 630
stats: 200 47 802
stats: size_rcv 284708 4588262
stats: newphase 0 1
stats: 502 0 1459
stats: size_sent 54622 2108302
stats: connected -65 4
stats: 500 25 389
stats: 404 46 119
# stats: dump at 1512353775
stats: users 0 295
stats: {freemem,"tsung_controller@ip-172-31-28-2"} 1 3457.9453125 0.0 3539.30078125 3428.109375 3467.0426025390625 32
stats: {load,"tsung_controller@ip-172-31-28-2"} 1 0.0 0.0 0.0 0.0 0.0 32
stats: {recvpackets,"tsung_controller@ip-172-31-28-2"} 1 270.0 0.0 1122 24 282.2903225806452 31
stats: {sentpackets,"tsung_controller@ip-172-31-28-2"} 1 235.0 0.0 835 42 300.3225806451613 31
stats: {cpu,"tsung_controller@ip-172-31-28-2"} 1 0.40040040040040037 0.0 0.9486286960180547 0.0 0.3649829262602301 32
stats: session 4 300160.457 15756.095616257027 315481.012 138524.842 234564.1611512027 291
stats: users_count 0 295
stats: finish_users_count 4 295
stats: request 4 28.668249999999997 12.331572048506223 59999.108 0.779 18023.86500084841 3536
stats: connect 0 0 0 51.935 0.802 1.5965254237288133 295
stats: page 2 57.458 14.692000000000002 119983.759 0.842 24022.803506596305 2653
stats: 302 0 137
stats: 504 0 630
stats: 200 2 804
stats: size_rcv 10634 4598896
stats: newphase 0 1
stats: 502 0 1459
stats: size_sent 2018 2110320
stats: connected -4 0
stats: 500 0 389
stats: 404 2 121
EndMonitor:{1512,353775,131449}
