# stats: dump at 1512495702
stats: users 3 4
stats: {load,"tsung_controller@ip-172-31-29-152"} 1 0.0 0 0.0 0.0 0 0
stats: {cpu,"tsung_controller@ip-172-31-29-152"} 1 2.789588465098765 0 2.789588465098765 2.789588465098765 0 0
stats: {freemem,"tsung_controller@ip-172-31-29-152"} 1 3534.76171875 0 3534.76171875 3534.76171875 0 0
stats: session 3 3247.958666666667 1094.3324400352733 4366.699 1762.489 0 0
stats: users_count 6 6
stats: finish_users_count 3 3
stats: request 17 130.14123529411768 175.23284878849876 589.617 8.966 0 0
stats: connect 6 7.045166666666664 10.363226225725054 30.054 1.718 0 0
stats: page 17 130.14123529411768 175.23284878849876 589.617 8.966 0 0
stats: 302 7 7
stats: 200 10 10
stats: size_rcv 323567 323567
stats: size_sent 10234 10234
stats: connected 3 3
# stats: dump at 1512495712
stats: users 2 5
stats: {load,"tsung_controller@ip-172-31-29-152"} 1 0.0 0.0 0.0 0.0 0.0 1
stats: {recvpackets,"tsung_controller@ip-172-31-29-152"} 1 468 0 468 468 0 0
stats: {sentpackets,"tsung_controller@ip-172-31-29-152"} 1 340 0 340 340 0 0
stats: {cpu,"tsung_controller@ip-172-31-29-152"} 1 2.404809619238477 0.0 2.789588465098765 2.404809619238477 2.789588465098765 1
stats: {freemem,"tsung_controller@ip-172-31-29-152"} 1 3533.30859375 0.0 3534.76171875 3533.30859375 3534.76171875 1
stats: session 7 5215.800857142857 2447.0777562522217 9286.843 1530.351 3247.958666666667 3
stats: users_count 6 12
stats: finish_users_count 7 10
stats: request 24 182.01908333333327 179.6210376595952 640.727 8.596 130.14123529411768 17
stats: connect 5 2.4097999999999997 1.0773445873999645 30.054 1.632 7.045166666666664 6
stats: page 24 182.01908333333327 179.6210376595952 640.727 8.596 130.14123529411768 17
stats: 302 13 20
stats: 200 11 21
stats: size_rcv 494276 817843
stats: size_sent 15441 25675
stats: connected -2 1
# stats: dump at 1512495722
stats: users 9 10
stats: {load,"tsung_controller@ip-172-31-29-152"} 1 0.0 0.0 0.0 0.0 0.0 2
stats: {recvpackets,"tsung_controller@ip-172-31-29-152"} 1 415.0 0.0 468 415 468.0 1
stats: {sentpackets,"tsung_controller@ip-172-31-29-152"} 1 246.0 0.0 340 246 340.0 1
stats: {cpu,"tsung_controller@ip-172-31-29-152"} 1 0.20020020020020018 0.0 2.789588465098765 0.20020020020020018 2.5971990421686213 2
stats: {freemem,"tsung_controller@ip-172-31-29-152"} 1 3533.07421875 0.0 3534.76171875 3533.07421875 3534.03515625 2
stats: session 6 4262.144333333334 2103.977362202888 9286.843 1530.351 4625.448200000001 10
stats: users_count 13 25
stats: finish_users_count 6 16
stats: request 36 209.87858333333335 227.5388486274102 924.461 8.596 160.50875609756096 41
stats: connect 13 3.2611538461538463 2.320654279297903 30.054 1.632 4.938181818181817 11
stats: page 36 209.87858333333335 227.5388486274102 924.461 8.596 160.50875609756096 41
stats: 302 15 35
stats: 200 21 42
stats: size_rcv 710919 1528762
stats: size_sent 19634 45309
stats: connected 8 9
# stats: dump at 1512495732
stats: users 14 14
stats: {load,"tsung_controller@ip-172-31-29-152"} 1 0.0 0.0 0.0 0.0 0.0 3
stats: {recvpackets,"tsung_controller@ip-172-31-29-152"} 1 568.0 0.0 568 415 441.5 2
stats: {sentpackets,"tsung_controller@ip-172-31-29-152"} 1 364.0 0.0 364 246 293.0 2
stats: {cpu,"tsung_controller@ip-172-31-29-152"} 1 0.6 0.0 2.789588465098765 0.20020020020020018 1.7981994281791476 3
stats: {freemem,"tsung_controller@ip-172-31-29-152"} 1 3532.9609375 0.0 3534.76171875 3532.9609375 3533.71484375 3
stats: session 10 6218.9812 2933.41803518867 13196.335 1530.351 4489.20925 16
stats: users_count 15 40
stats: finish_users_count 10 26
stats: request 49 270.2475510204082 297.71659670532046 1180.746 8.596 183.59075324675325 77
stats: connect 16 2.8696249999999996 2.3729590934896034 30.054 1.562 4.029791666666666 24
stats: page 49 270.2475510204082 297.71659670532046 1180.746 8.596 183.59075324675325 77
stats: 302 25 60
stats: 200 24 66
stats: size_rcv 842529 2371291
stats: size_sent 31092 76401
stats: connected 5 14
# stats: dump at 1512495742
stats: users 13 16
stats: {load,"tsung_controller@ip-172-31-29-152"} 1 0.0 0.0 0.0 0.0 0.0 4
stats: {recvpackets,"tsung_controller@ip-172-31-29-152"} 1 1150.0 0.0 1150 415 483.6666666666667 3
stats: {sentpackets,"tsung_controller@ip-172-31-29-152"} 1 624.0 0.0 624 246 316.6666666666667 3
stats: {cpu,"tsung_controller@ip-172-31-29-152"} 1 0.4020100502512563 0.0 2.789588465098765 0.20020020020020018 1.4986495711343606 4
stats: {freemem,"tsung_controller@ip-172-31-29-152"} 1 3532.0 0.0 3534.76171875 3532.0 3533.5263671875 4
stats: session 17 6621.803882352941 2792.086931687666 13196.335 1530.351 5154.506153846154 26
stats: users_count 16 56
stats: finish_users_count 17 43
stats: request 63 322.142365079365 318.9849769089896 1220.765 8.594 217.29061904761906 126
stats: connect 15 2.4730666666666674 1.1084203454566421 30.054 1.455 3.5657249999999996 40
stats: page 63 322.142365079365 318.9849769089896 1220.765 8.594 217.29061904761906 126
stats: 302 31 91
stats: 200 32 98
stats: size_rcv 1687433 4058724
stats: size_sent 43867 120268
stats: connected -2 12
# stats: dump at 1512495752
stats: users 4 16
stats: {load,"tsung_controller@ip-172-31-29-152"} 1 0.0 0.0 0.0 0.0 0.0 5
stats: {recvpackets,"tsung_controller@ip-172-31-29-152"} 1 1349.0 0.0 1349 415 650.25 4
stats: {sentpackets,"tsung_controller@ip-172-31-29-152"} 1 713.0 0.0 713 246 393.5 4
stats: {cpu,"tsung_controller@ip-172-31-29-152"} 1 0.5025125628140703 0.0 2.789588465098765 0.20020020020020018 1.2793216669577396 5
stats: {freemem,"tsung_controller@ip-172-31-29-152"} 1 3530.80078125 0.0 3534.76171875 3530.80078125 3533.22109375 5
stats: session 13 8045.254615384616 3027.2382959621423 16535.549 1530.351 5734.600604651163 43
stats: users_count 4 60
stats: finish_users_count 13 56
stats: request 41 351.563219512195 361.8707216491191 1549.191 8.594 252.24120105820106 189
stats: connect 5 3.8689999999999998 4.263314063026555 30.054 1.455 3.2677272727272726 55
stats: page 41 351.563219512195 361.8707216491191 1549.191 8.594 252.24120105820106 189
stats: 302 22 113
stats: 200 19 117
stats: size_rcv 1406764 5465488
stats: size_sent 27586 147854
stats: connected -8 4
# stats: dump at 1512495762
stats: users 18 18
stats: {load,"tsung_controller@ip-172-31-29-152"} 1 0.0 0.0 0.0 0.0 0.0 6
stats: {recvpackets,"tsung_controller@ip-172-31-29-152"} 1 780.0 0.0 1349 415 790.0 5
stats: {sentpackets,"tsung_controller@ip-172-31-29-152"} 1 429.0 0.0 713 246 457.4 5
stats: {cpu,"tsung_controller@ip-172-31-29-152"} 1 0.6 0.0 2.789588465098765 0.20020020020020018 1.1498534829337947 6
stats: {freemem,"tsung_controller@ip-172-31-29-152"} 1 3530.80859375 0.0 3534.76171875 3530.80078125 3532.8177083333335 6
stats: session 4 9510.0515 2383.999964885749 16535.549 1530.351 6271.002428571429 56
stats: users_count 18 78
stats: finish_users_count 4 60
stats: request 43 356.1135813953488 356.2284948100243 1553.758 8.28 269.9464304347826 230
stats: connect 17 4.200882352941176 4.096259037683803 30.054 1.316 3.317833333333333 60
stats: page 43 356.1135813953488 356.2284948100243 1553.758 8.28 269.9464304347826 230
stats: 302 17 130
stats: 200 26 143
stats: size_rcv 1071407 6536895
stats: newphase 1 1
stats: size_sent 20323 168177
stats: connected 13 17
# stats: dump at 1512495772
stats: users 16 21
stats: {load,"tsung_controller@ip-172-31-29-152"} 1 0.0 0.0 0.0 0.0 0.0 7
stats: {recvpackets,"tsung_controller@ip-172-31-29-152"} 1 1071.0 0.0 1349 415 788.3333333333334 6
stats: {sentpackets,"tsung_controller@ip-172-31-29-152"} 1 767.0 0.0 767 246 452.6666666666667 6
stats: {cpu,"tsung_controller@ip-172-31-29-152"} 1 2.1105527638190953 0.0 2.789588465098765 0.20020020020020018 1.0713029853718241 7
stats: {freemem,"tsung_controller@ip-172-31-29-152"} 1 3530.0703125 0.0 3534.76171875 3530.0703125 3532.530691964286 7
stats: session 19 8083.961210526316 2393.6651710836904 16535.549 1530.351 6486.939033333333 60
stats: users_count 17 95
stats: finish_users_count 19 79
stats: request 76 914.7206447368422 590.0518971848935 2419.461 8.044 283.51854578754575 273
stats: connect 18 3.7750000000000004 2.7736204178333814 30.054 1.316 3.512792207792208 77
stats: page 76 914.7206447368422 590.0518971848935 2419.461 8.044 283.51854578754575 273
stats: 302 40 170
stats: 200 36 179
stats: size_rcv 2213872 8750767
stats: newphase 0 1
stats: size_sent 52274 220451
stats: connected 0 17
# stats: dump at 1512495782
stats: users 15 21
stats: {load,"tsung_controller@ip-172-31-29-152"} 1 0.0 0.0 0.0 0.0 0.0 8
stats: {recvpackets,"tsung_controller@ip-172-31-29-152"} 1 2070.0 0.0 2070 415 828.7142857142857 7
stats: {sentpackets,"tsung_controller@ip-172-31-29-152"} 1 1104.0 0.0 1104 246 497.57142857142856 7
stats: {cpu,"tsung_controller@ip-172-31-29-152"} 1 0.9018036072144289 0.0 2.789588465098765 0.20020020020020018 1.201209207677733 8
stats: {freemem,"tsung_controller@ip-172-31-29-152"} 1 3528.41015625 0.0 3534.76171875 3528.41015625 3532.22314453125 8
stats: session 21 8140.19323809524 3849.176198959039 20110.614 1530.351 6871.032974683544 79
stats: users_count 20 115
stats: finish_users_count 21 100
stats: request 76 505.78068421052615 457.6109378116389 2741.066 8.044 420.97229799426935 349
stats: connect 20 3.9298 3.1476213654123013 30.054 1.316 3.5624736842105262 95
stats: page 76 505.78068421052615 457.6109378116389 2741.066 8.044 420.97229799426935 349
stats: 302 38 208
stats: 200 38 217
stats: size_rcv 2457205 11207972
stats: newphase 0 1
stats: size_sent 47285 267736
stats: connected -2 15
# stats: dump at 1512495792
stats: users 29 30
stats: {load,"tsung_controller@ip-172-31-29-152"} 1 0.0 0.0 0.0 0.0 0.0 9
stats: {recvpackets,"tsung_controller@ip-172-31-29-152"} 1 1994.0 0.0 2070 415 983.875 8
stats: {sentpackets,"tsung_controller@ip-172-31-29-152"} 1 1056.0 0.0 1104 246 573.375 8
stats: {cpu,"tsung_controller@ip-172-31-29-152"} 1 1.0030090270812437 0.0 2.789588465098765 0.20020020020020018 1.1679419187373659 9
stats: {freemem,"tsung_controller@ip-172-31-29-152"} 1 3528.17578125 0.0 3534.76171875 3528.17578125 3531.7994791666665 9
stats: session 11 9585.526363636362 2530.1635964305583 20110.614 1530.351 7137.556630000001 100
stats: users_count 25 140
stats: finish_users_count 11 111
stats: request 74 779.4345945945945 683.5611888701644 3124.822 8.044 436.13803294117645 425
stats: connect 25 3.7640800000000003 3.09275768103484 30.054 1.316 3.6263565217391305 115
stats: page 74 779.4345945945945 683.5611888701644 3124.822 8.044 436.13803294117645 425
stats: 302 31 239
stats: 200 43 260
stats: size_rcv 2809309 14017281
stats: newphase 0 1
stats: size_sent 52670 320406
stats: connected 14 29
# stats: dump at 1512495802
stats: users 34 34
stats: {load,"tsung_controller@ip-172-31-29-152"} 1 0.0 0.0 0.0 0.0 0.0 10
stats: {recvpackets,"tsung_controller@ip-172-31-29-152"} 1 1811.0 0.0 2070 415 1096.111111111111 9
stats: {sentpackets,"tsung_controller@ip-172-31-29-152"} 1 1098.0 0.0 1104 246 627.0 9
stats: {cpu,"tsung_controller@ip-172-31-29-152"} 1 2.80561122244489 0.0 2.80561122244489 0.20020020020020018 1.1514486295717536 10
stats: {freemem,"tsung_controller@ip-172-31-29-152"} 1 3527.6484375 0.0 3534.76171875 3527.6484375 3531.437109375 10
stats: session 17 12930.005588235294 2804.249025646492 20792.216 1530.351 7380.148225225225 111
stats: users_count 22 162
stats: finish_users_count 17 128
stats: request 77 2374.1910909090925 1368.0132108056407 4862.718 8.044 487.04774348697396 499
stats: connect 20 2.498049999999999 1.461819943597706 30.054 1.316 3.6509500000000004 140
stats: page 77 2374.1910909090925 1368.0132108056407 4862.718 8.044 487.04774348697396 499
stats: 302 37 276
stats: 200 40 300
stats: size_rcv 3298078 17315359
stats: newphase 0 1
stats: size_sent 52871 373277
stats: connected 3 32
# stats: dump at 1512495812
stats: users 31 35
stats: {load,"tsung_controller@ip-172-31-29-152"} 1 0.0 0.0 0.0 0.0 0.0 11
stats: {recvpackets,"tsung_controller@ip-172-31-29-152"} 1 3025.0 0.0 3025 415 1167.6 10
stats: {sentpackets,"tsung_controller@ip-172-31-29-152"} 1 1486.0 0.0 1486 246 674.1 10
stats: {cpu,"tsung_controller@ip-172-31-29-152"} 1 1.2048192771084338 0.0 2.80561122244489 0.20020020020020018 1.301827047105675 11
stats: {freemem,"tsung_controller@ip-172-31-29-152"} 1 3522.95703125 0.0 3534.76171875 3522.95703125 3531.092684659091 11
stats: session 21 13697.492476190477 2940.8599386219475 20792.216 1530.351 8117.23865625 128
stats: users_count 18 180
stats: finish_users_count 21 149
stats: request 82 1782.0873414634136 1073.4025292342424 4862.718 8.044 739.3221145833336 576
stats: connect 20 4.583850000000002 3.2150016683510447 30.054 1.316 3.5068375000000005 160
stats: page 82 1782.0873414634136 1073.4025292342424 4862.718 8.044 739.3221145833336 576
stats: 302 42 318
stats: 200 40 340
stats: size_rcv 3080989 20396348
stats: newphase 0 1
stats: size_sent 53026 426303
stats: connected -1 31
# stats: dump at 1512495822
stats: users 41 43
stats: {load,"tsung_controller@ip-172-31-29-152"} 1 0.0 0.0 0.0 0.0 0.0 12
stats: {recvpackets,"tsung_controller@ip-172-31-29-152"} 1 2017.0 0.0 3025 415 1336.4545454545455 11
stats: {sentpackets,"tsung_controller@ip-172-31-29-152"} 1 1029.0 0.0 1486 246 747.9090909090909 11
stats: {cpu,"tsung_controller@ip-172-31-29-152"} 1 1.001001001001001 0.0 2.80561122244489 0.20020020020020018 1.2937430662725717 12
stats: {freemem,"tsung_controller@ip-172-31-29-152"} 1 3520.53515625 0.0 3534.76171875 3520.53515625 3530.4147135416665 12
stats: session 20 15227.0875 3266.127407391336 23687.702 1530.351 8903.717382550334 149
stats: users_count 30 210
stats: finish_users_count 20 169
stats: request 84 2287.8106785714276 1688.2099590187527 5456.506 8.044 869.2715805471125 658
stats: connect 29 4.238620689655174 4.5557001839968 30.054 1.316 3.626505555555556 180
stats: page 84 2287.8106785714276 1688.2099590187527 5456.506 8.044 869.2715805471125 658
stats: 302 36 354
stats: 200 48 388
stats: size_rcv 3657231 24053579
stats: newphase 1 2
stats: size_sent 51452 477755
stats: connected 11 42
# stats: dump at 1512495832
stats: users 55 56
stats: {load,"tsung_controller@ip-172-31-29-152"} 1 0.078125 0.0 0.078125 0.0 0.0 13
stats: {recvpackets,"tsung_controller@ip-172-31-29-152"} 1 2744.0 0.0 3025 415 1393.1666666666667 12
stats: {sentpackets,"tsung_controller@ip-172-31-29-152"} 1 1395.0 0.0 1486 246 771.3333333333334 12
stats: {cpu,"tsung_controller@ip-172-31-29-152"} 1 1.105527638190955 0.0 2.80561122244489 0.20020020020020018 1.2712244458670663 13
stats: {freemem,"tsung_controller@ip-172-31-29-152"} 1 3519.69921875 0.0 3534.76171875 3519.69921875 3529.654747596154 13
stats: session 12 19714.194750000002 3461.2117397867346 26229.296 1530.351 9652.045207100591 169
stats: users_count 26 236
stats: finish_users_count 12 181
stats: request 78 3661.1433076923063 2091.338987334003 6619.437 8.044 1029.8609123989218 742
stats: connect 27 3.7982222222222224 2.988431402410566 30.054 1.316 3.7114401913875605 209
stats: page 78 3661.1433076923063 2091.338987334003 6619.437 8.044 1029.8609123989218 742
stats: 302 37 391
stats: 200 33 421
stats: size_rcv 1983634 26037213
stats: newphase 0 2
stats: size_sent 54651 532406
stats: connected 13 55
stats: 500 8 8
# stats: dump at 1512495842
stats: users 75 78
stats: {load,"tsung_controller@ip-172-31-29-152"} 1 0.0703125 0.0 0.078125 0.0 0.005580357142857143 14
stats: {recvpackets,"tsung_controller@ip-172-31-29-152"} 1 1787.0 0.0 3025 415 1497.076923076923 13
stats: {sentpackets,"tsung_controller@ip-172-31-29-152"} 1 1031.0 0.0 1486 246 819.3076923076923 13
stats: {cpu,"tsung_controller@ip-172-31-29-152"} 1 2.0120724346076457 0.0 2.80561122244489 0.20020020020020018 1.2593889596044872 14
stats: {freemem,"tsung_controller@ip-172-31-29-152"} 1 3519.265625 0.0 3534.76171875 3519.265625 3528.9436383928573 14
stats: session 15 18498.514 1930.4049149746118 26229.296 1530.351 10319.149044198895 181
stats: users_count 35 271
stats: finish_users_count 15 196
stats: request 95 4804.5620315789465 2083.632359563302 9279.999 8.044 1280.1536280487803 820
stats: connect 35 3.4934857142857147 2.713804713170144 30.054 1.316 3.7213686440677973 236
stats: page 95 4804.5620315789465 2083.632359563302 9279.999 8.044 1280.1536280487803 820
stats: 302 31 422
stats: 200 54 475
stats: size_rcv 4240774 30277987
stats: newphase 0 2
stats: size_sent 63431 595837
stats: connected 20 75
stats: 500 10 18
# stats: dump at 1512495852
stats: users 81 81
stats: {load,"tsung_controller@ip-172-31-29-152"} 1 0.05859375 0.0 0.078125 0.0 0.009895833333333333 15
stats: {recvpackets,"tsung_controller@ip-172-31-29-152"} 1 3390.0 0.0 3390 415 1517.7857142857142 14
stats: {sentpackets,"tsung_controller@ip-172-31-29-152"} 1 1720.0 0.0 1720 246 834.4285714285714 14
stats: {cpu,"tsung_controller@ip-172-31-29-152"} 1 1.6096579476861168 0.0 2.80561122244489 0.20020020020020018 1.309567857938031 15
stats: {freemem,"tsung_controller@ip-172-31-29-152"} 1 3517.00390625 0.0 3534.76171875 3517.00390625 3528.2984375 15
stats: session 24 26145.864625000006 3075.4888512771936 33068.871 1530.351 10945.120852040816 196
stats: users_count 30 301
stats: finish_users_count 24 220
stats: request 83 6656.02334939759 2082.393826307769 9735.081 8.044 1646.0758120218577 915
stats: connect 29 3.2601379310344822 2.5479776662819438 30.054 1.316 3.6919372693726946 271
stats: page 83 6656.02334939759 2082.393826307769 9735.081 8.044 1646.0758120218577 915
stats: 302 42 464
stats: 200 36 511
stats: size_rcv 2979666 33257653
stats: newphase 0 2
stats: size_sent 50648 646485
stats: connected 5 80
stats: 500 5 23
# stats: dump at 1512495862
stats: users 100 101
stats: {load,"tsung_controller@ip-172-31-29-152"} 1 0.05078125 0.0 0.078125 0.0 0.012939453125 16
stats: {recvpackets,"tsung_controller@ip-172-31-29-152"} 1 2510.0 0.0 3390 415 1642.6 15
stats: {sentpackets,"tsung_controller@ip-172-31-29-152"} 1 1351.0 0.0 1720 246 893.4666666666667 15
stats: {cpu,"tsung_controller@ip-172-31-29-152"} 1 1.105527638190955 0.0 2.80561122244489 0.20020020020020018 1.3283234885472863 16
stats: {freemem,"tsung_controller@ip-172-31-29-152"} 1 3512.16015625 0.0 3534.76171875 3512.16015625 3527.592529296875 16
stats: session 12 31114.778000000002 3561.763041745198 39175.927 1530.351 12603.38380909091 220
stats: users_count 31 332
stats: finish_users_count 12 232
stats: request 85 7740.486505882353 2185.6577223773415 10705.408 8.044 2062.734775551102 998
stats: connect 31 4.408032258064517 2.6748899221713054 30.054 1.316 3.6501966666666674 300
stats: page 85 7740.486505882353 2185.6577223773415 10705.408 8.044 2062.734775551102 998
stats: 302 29 493
stats: 200 41 552
stats: size_rcv 3316080 36573733
stats: newphase 0 2
stats: size_sent 63340 709825
stats: connected 19 99
stats: 500 15 38
# stats: dump at 1512495872
stats: users 108 114
stats: {load,"tsung_controller@ip-172-31-29-152"} 1 0.0390625 0.0 0.078125 0.0 0.015165441176470588 17
stats: {recvpackets,"tsung_controller@ip-172-31-29-152"} 1 2618.0 0.0 3390 415 1696.8125 16
stats: {sentpackets,"tsung_controller@ip-172-31-29-152"} 1 1413.0 0.0 1720 246 922.0625 16
stats: {cpu,"tsung_controller@ip-172-31-29-152"} 1 1.104417670682731 0.0 2.80561122244489 0.20020020020020018 1.3152178502910317 17
stats: {freemem,"tsung_controller@ip-172-31-29-152"} 1 3511.64453125 0.0 3534.76171875 3511.64453125 3526.684742647059 17
stats: session 20 33906.2687 3742.345887001426 41843.145 1530.351 13560.869715517243 232
stats: users_count 28 360
stats: finish_users_count 20 252
stats: request 89 8891.15274157303 2178.5127271473275 12310.512 8.044 2508.3570258541085 1083
stats: connect 29 3.9528620689655174 3.0138737328439547 30.054 1.316 3.7211722054380676 331
stats: page 89 8891.15274157303 2178.5127271473275 12310.512 8.044 2508.3570258541085 1083
stats: 302 34 527
stats: 200 47 599
stats: size_rcv 4322852 40896585
stats: newphase 0 2
stats: size_sent 58773 768598
stats: connected 9 108
stats: 500 8 46
# stats: dump at 1512495882
stats: users 121 123
stats: {load,"tsung_controller@ip-172-31-29-152"} 1 0.109375 0.0 0.109375 0.0 0.016493055555555556 18
stats: {recvpackets,"tsung_controller@ip-172-31-29-152"} 1 3590.0 0.0 3590 415 1751.0 17
stats: {sentpackets,"tsung_controller@ip-172-31-29-152"} 1 1847.0 0.0 1847 246 950.9411764705883 17
stats: {cpu,"tsung_controller@ip-172-31-29-152"} 1 3.6036036036036037 0.0 3.6036036036036037 0.20020020020020018 1.3035067292016818 18
stats: {freemem,"tsung_controller@ip-172-31-29-152"} 1 3510.52734375 0.0 3534.76171875 3510.52734375 3525.849175347222 18
stats: session 14 39207.50035714286 2416.2616853253676 42854.799 1530.351 15175.583920634921 252
stats: users_count 27 387
stats: finish_users_count 14 266
stats: request 85 10974.445376470596 2241.750308343537 15352.001 8.044 2993.0573831058014 1172
stats: connect 27 4.1483333333333325 5.103959857034754 30.054 1.316 3.7398361111111122 360
stats: page 85 10974.445376470596 2241.750308343537 15352.001 8.044 2993.0573831058014 1172
stats: 302 27 554
stats: 200 41 640
stats: size_rcv 4225869 45122454
stats: newphase 1 3
stats: size_sent 60464 829062
stats: connected 14 122
stats: 500 17 63
# stats: dump at 1512495892
stats: users 136 137
stats: {load,"tsung_controller@ip-172-31-29-152"} 1 0.08984375 0.0 0.109375 0.0 0.02138157894736842 19
stats: {recvpackets,"tsung_controller@ip-172-31-29-152"} 1 2747.0 0.0 3590 415 1853.1666666666667 18
stats: {sentpackets,"tsung_controller@ip-172-31-29-152"} 1 1240.0 0.0 1847 246 1000.7222222222222 18
stats: {cpu,"tsung_controller@ip-172-31-29-152"} 1 1.103309929789368 0.0 3.6036036036036037 0.20020020020020018 1.424564459433362 19
stats: {freemem,"tsung_controller@ip-172-31-29-152"} 1 3508.8046875 0.0 3534.76171875 3508.8046875 3525.0427631578946 19
stats: session 21 42018.53495238096 3298.069096145548 51468.759 1530.351 16440.42162781955 266
stats: users_count 36 423
stats: finish_users_count 21 287
stats: request 86 11523.393093023262 2147.881560879932 15958.029 8.044 3532.76937947494 1257
stats: connect 36 3.667444444444444 2.8319366306905445 30.054 1.316 3.7683359173126623 387
stats: page 86 11523.393093023262 2147.881560879932 15958.029 8.044 3532.76937947494 1257
stats: 302 34 588
stats: 200 41 681
stats: size_rcv 3910667 49033121
stats: newphase 0 3
stats: size_sent 54624 883686
stats: connected 14 136
stats: 500 11 74
# stats: dump at 1512495902
stats: users 165 165
stats: {load,"tsung_controller@ip-172-31-29-152"} 1 0.078125 0.0 0.109375 0.0 0.0248046875 20
stats: {recvpackets,"tsung_controller@ip-172-31-29-152"} 1 3366.0 0.0 3590 415 1900.2105263157894 19
stats: {sentpackets,"tsung_controller@ip-172-31-29-152"} 1 1788.0 0.0 1847 246 1013.3157894736842 19
stats: {cpu,"tsung_controller@ip-172-31-29-152"} 1 1.2084592145015105 0.0 3.6036036036036037 0.20020020020020018 1.4085017329511622 20
stats: {freemem,"tsung_controller@ip-172-31-29-152"} 1 3505.96484375 0.0 3534.76171875 3505.96484375 3524.230859375 20
stats: session 13 47547.351923076916 3525.99667868986 55290.456 1530.351 18311.990895470382 287
stats: users_count 42 465
stats: finish_users_count 13 300
stats: request 88 12342.612965909084 2263.294121877694 15958.029 8.044 4044.454889054356 1343
stats: connect 42 4.085809523809524 2.90564660649124 30.054 1.316 3.7597494089834522 423
stats: page 88 12342.612965909084 2263.294121877694 15958.029 8.044 4044.454889054356 1343
stats: 302 24 612
stats: 200 54 735
stats: size_rcv 5484611 54517732
stats: newphase 0 3
stats: size_sent 64794 948480
stats: connected 29 165
stats: 500 10 84
# stats: dump at 1512495912
stats: users 176 180
stats: {load,"tsung_controller@ip-172-31-29-152"} 1 0.05859375 0.0 0.109375 0.0 0.02734375 21
stats: {recvpackets,"tsung_controller@ip-172-31-29-152"} 1 4378.0 0.0 4378 415 1973.5 20
stats: {sentpackets,"tsung_controller@ip-172-31-29-152"} 1 2180.0 0.0 2180 246 1052.05 20
stats: {cpu,"tsung_controller@ip-172-31-29-152"} 1 1.6112789526686808 0.0 3.6036036036036037 0.20020020020020018 1.398975898739274 21
stats: {freemem,"tsung_controller@ip-172-31-29-152"} 1 3501.828125 0.0 3534.76171875 3501.828125 3523.3610491071427 21
stats: session 21 50982.437000000005 4033.8910354832715 57169.049 1530.351 19578.85654 300
stats: users_count 32 497
stats: finish_users_count 21 321
stats: request 109 12610.794715596336 3643.7956115550974 17294.958 1.104 4554.753918238994 1431
stats: connect 32 3.433249999999999 2.197344249315523 30.054 1.316 3.7892000000000006 465
stats: page 109 12610.794715596336 3643.7956115550974 17294.958 1.104 4554.753918238994 1431
stats: 302 29 641
stats: 200 56 791
stats: size_rcv 3909226 58426958
stats: newphase 0 3
stats: 502 5 5
stats: size_sent 68129 1016609
stats: connected 11 176
stats: 500 19 103
# stats: dump at 1512495922
stats: users 202 202
stats: {load,"tsung_controller@ip-172-31-29-152"} 1 0.05078125 0.0 0.109375 0.0 0.028764204545454544 22
stats: {recvpackets,"tsung_controller@ip-172-31-29-152"} 1 2885.0 0.0 4378 415 2088.0 21
stats: {sentpackets,"tsung_controller@ip-172-31-29-152"} 1 1576.0 0.0 2180 246 1105.7619047619048 21
stats: {cpu,"tsung_controller@ip-172-31-29-152"} 1 1.5060240963855422 0.0 3.6036036036036037 0.20020020020020018 1.408626037554247 22
stats: {freemem,"tsung_controller@ip-172-31-29-152"} 1 3500.5859375 0.0 3534.76171875 3500.5859375 3522.3822798295455 22
stats: session 21 54715.074190476174 2674.9837872339067 59644.813 1530.351 21633.29638317757 321
stats: users_count 47 544
stats: finish_users_count 21 342
stats: request 86 15271.12904651163 1951.4457493666002 19226.086 1.104 5124.954208441559 1540
stats: connect 47 3.8598297872340397 2.5813415143256044 30.054 1.316 3.7662816901408456 497
stats: page 86 15271.12904651163 1951.4457493666002 19226.086 1.104 5124.954208441559 1540
stats: 302 37 678
stats: 200 32 823
stats: size_rcv 2417396 60844354
stats: newphase 0 3
stats: 502 0 5
stats: size_sent 62287 1078896
stats: connected 26 202
stats: 500 17 120
# stats: dump at 1512495932
stats: users 220 221
stats: {load,"tsung_controller@ip-172-31-29-152"} 1 0.0390625 0.0 0.109375 0.0 0.029721467391304348 23
stats: {recvpackets,"tsung_controller@ip-172-31-29-152"} 1 1872.0 0.0 4378 415 2124.2272727272725 22
stats: {sentpackets,"tsung_controller@ip-172-31-29-152"} 1 1142.0 0.0 2180 246 1127.1363636363637 22
stats: {cpu,"tsung_controller@ip-172-31-29-152"} 1 1.2048192771084338 0.0 3.6036036036036037 0.20020020020020018 1.4128607357643033 23
stats: {freemem,"tsung_controller@ip-172-31-29-152"} 1 3500.0546875 0.0 3534.76171875 3500.0546875 3521.434612771739 23
stats: session 26 49290.007 15378.61767346596 66554.462 1530.351 23664.633616959065 342
stats: users_count 44 588
stats: finish_users_count 26 368
stats: request 137 10384.860941605843 9025.962230987623 21508.259 0.905 5661.59076199262 1626
stats: connect 43 3.6517209302325595 3.235267411582178 30.054 1.316 3.774363970588236 544
stats: page 137 10384.860941605843 9025.962230987623 21508.259 0.905 5661.59076199262 1626
stats: 302 27 705
stats: 200 38 861
stats: size_rcv 4362357 65206711
stats: newphase 0 3
stats: 502 58 63
stats: size_sent 79964 1158860
stats: connected 18 220
stats: 500 14 134
# stats: dump at 1512495942
stats: users 218 231
stats: {load,"tsung_controller@ip-172-31-29-152"} 1 0.0390625 0.0 0.109375 0.0 0.030110677083333332 24
stats: {recvpackets,"tsung_controller@ip-172-31-29-152"} 1 3834.0 0.0 4378 415 2113.260869565217 23
stats: {sentpackets,"tsung_controller@ip-172-31-29-152"} 1 1930.0 0.0 2180 246 1127.7826086956522 23
stats: {cpu,"tsung_controller@ip-172-31-29-152"} 1 1.5090543259557343 0.0 3.6036036036036037 0.20020020020020018 1.4041923416536422 24
stats: {freemem,"tsung_controller@ip-172-31-29-152"} 1 3499.6640625 0.0 3534.76171875 3499.6640625 3520.5437825520835 24
stats: session 51 35487.324196078414 22741.503060674542 75258.733 750.29 25475.121953804348 368
stats: users_count 49 637
stats: finish_users_count 51 419
stats: request 261 7646.021007662839 9671.070342873087 25361.671 0.905 6028.6287736812255 1763
stats: connect 49 3.8721632653061215 4.270304497803018 30.054 1.316 3.76537989778535 587
stats: page 261 7646.021007662839 9671.070342873087 25361.671 0.905 6028.6287736812255 1763
stats: 302 22 727
stats: 200 64 925
stats: size_rcv 5597380 70804091
stats: newphase 1 4
stats: 502 159 222
stats: size_sent 123549 1282409
stats: connected -3 217
stats: 500 16 150
# stats: dump at 1512495952
stats: users 232 238
stats: {load,"tsung_controller@ip-172-31-29-152"} 1 0.03125 0.0 0.109375 0.0 0.03046875 25
stats: {recvpackets,"tsung_controller@ip-172-31-29-152"} 1 4676.0 0.0 4676 415 2184.958333333333 24
stats: {sentpackets,"tsung_controller@ip-172-31-29-152"} 1 2545.0 0.0 2545 246 1161.2083333333333 24
stats: {cpu,"tsung_controller@ip-172-31-29-152"} 1 2.0161290322580645 0.0 3.6036036036036037 0.20020020020020018 1.408386821025726 25
stats: {freemem,"tsung_controller@ip-172-31-29-152"} 1 3492.82421875 0.0 3534.76171875 3492.82421875 3519.70859375 25
stats: session 39 44807.31592307693 20196.975759075583 75258.733 750.29 26693.79096181384 419
stats: users_count 53 690
stats: finish_users_count 39 458
stats: request 155 10708.171851612908 10344.850189445495 25361.671 0.905 6237.195657608697 2024
stats: connect 52 23.586115384615383 139.63159353271985 1020.471 1.316 3.7736069182389937 636
stats: page 155 10708.171851612908 10344.850189445495 25361.671 0.905 6237.195657608697 2024
stats: 302 24 751
stats: 200 38 963
stats: size_rcv 5326977 76131068
stats: newphase 0 4
stats: 502 74 296
stats: size_sent 86651 1369060
stats: connected 19 236
stats: 500 19 169
# stats: dump at 1512495962
stats: users 244 247
stats: {load,"tsung_controller@ip-172-31-29-152"} 1 0.03125 0.0 0.109375 0.0 0.030498798076923076 26
stats: {recvpackets,"tsung_controller@ip-172-31-29-152"} 1 3664.0 0.0 4676 415 2284.6 25
stats: {sentpackets,"tsung_controller@ip-172-31-29-152"} 1 1855.0 0.0 2545 246 1216.56 25
stats: {cpu,"tsung_controller@ip-172-31-29-152"} 1 1.2133468149646107 0.0 3.6036036036036037 0.20020020020020018 1.4317615214577388 26
stats: {freemem,"tsung_controller@ip-172-31-29-152"} 1 3491.5 0.0 3534.76171875 3491.5 3518.674579326923 26
stats: session 51 41332.77613725492 26297.905358611817 81658.38 534.701 28236.20902620087 458
stats: users_count 63 753
stats: finish_users_count 51 509
stats: request 218 8331.632344036701 10965.259719481348 27111.105 0.856 6555.232055071135 2179
stats: connect 64 3.59765625 3.1678497745846377 1020.471 1.316 5.2710639534883725 688
stats: page 218 8331.632344036701 10965.259719481348 27111.105 0.856 6555.232055071135 2179
stats: 302 29 780
stats: 200 30 993
stats: size_rcv 3758454 79889522
stats: newphase 0 4
stats: 502 137 433
stats: size_sent 123180 1492240
stats: connected 11 247
stats: 500 22 191
# stats: dump at 1512495972
stats: users 238 248
stats: {load,"tsung_controller@ip-172-31-29-152"} 1 0.01953125 0.0 0.109375 0.0 0.03052662037037037 27
stats: {recvpackets,"tsung_controller@ip-172-31-29-152"} 1 3399.0 0.0 4676 415 2337.653846153846 26
stats: {sentpackets,"tsung_controller@ip-172-31-29-152"} 1 1897.0 0.0 2545 246 1241.1153846153845 26
stats: {cpu,"tsung_controller@ip-172-31-29-152"} 1 1.314459049544995 0.0 3.6036036036036037 0.20020020020020018 1.4236720878839193 27
stats: {freemem,"tsung_controller@ip-172-31-29-152"} 1 3490.46875 0.0 3534.76171875 3490.46875 3517.668113425926 27
stats: session 70 38419.4903142857 26229.040744625494 81807.679 534.701 29548.438736738703 509
stats: users_count 64 817
stats: finish_users_count 70 579
stats: request 291 8026.6453367697595 10890.717155130924 27112.053 0.856 6716.790362536505 2397
stats: connect 65 4.136184615384618 2.8233454127618383 1020.471 1.316 5.128646276595745 752
stats: page 291 8026.6453367697595 10890.717155130924 27112.053 0.856 6716.790362536505 2397
stats: 302 30 810
stats: 200 48 1041
stats: size_rcv 5062290 84951812
stats: newphase 0 4
stats: 502 187 620
stats: size_sent 138625 1630865
stats: connected -7 240
stats: 500 26 217
# stats: dump at 1512495982
stats: users 221 251
stats: {load,"tsung_controller@ip-172-31-29-152"} 1 0.01953125 0.0 0.109375 0.0 0.030133928571428572 28
stats: {recvpackets,"tsung_controller@ip-172-31-29-152"} 1 4156.0 0.0 4676 415 2376.962962962963 27
stats: {sentpackets,"tsung_controller@ip-172-31-29-152"} 1 2514.0 0.0 2545 246 1265.4074074074074 27
stats: {cpu,"tsung_controller@ip-172-31-29-152"} 1 1.6177957532861478 0.0 3.6036036036036037 0.20020020020020018 1.4197716222289576 28
stats: {freemem,"tsung_controller@ip-172-31-29-152"} 1 3489.9609375 0.0 3534.76171875 3489.9609375 3516.696707589286 28
stats: session 80 36690.624074999985 24428.2085357235 87257.5 534.701 30620.93201899827 579
stats: users_count 63 880
stats: finish_users_count 80 659
stats: request 303 7485.045755775578 9889.252349807894 28537.297 0.856 6858.593858630954 2688
stats: connect 58 4.359017241379308 3.2860783539012877 1020.471 1.316 5.049686658506732 817
stats: page 303 7485.045755775578 9889.252349807894 28537.297 0.856 6858.593858630954 2688
stats: 302 25 835
stats: 200 54 1095
stats: size_rcv 5772810 90724622
stats: newphase 0 4
stats: 502 189 809
stats: size_sent 132910 1763775
stats: connected -24 216
stats: 500 35 252
# stats: dump at 1512495992
stats: users 192 251
stats: {load,"tsung_controller@ip-172-31-29-152"} 1 0.01171875 0.0 0.109375 0.0 0.02976831896551724 29
stats: {recvpackets,"tsung_controller@ip-172-31-29-152"} 1 4878.0 0.0 4878 415 2440.5 28
stats: {sentpackets,"tsung_controller@ip-172-31-29-152"} 1 2808.0 0.0 2808 246 1310.0 28
stats: {cpu,"tsung_controller@ip-172-31-29-152"} 1 2.320887991927346 0.0 3.6036036036036037 0.20020020020020018 1.4266000405412744 29
stats: {freemem,"tsung_controller@ip-172-31-29-152"} 1 3488.97265625 0.0 3534.76171875 3488.97265625 3515.7747844827586 29
stats: session 45 47411.36584444444 25309.39941147026 90667.486 534.701 31357.768687405154 659
stats: users_count 16 896
stats: finish_users_count 45 704
stats: request 154 10559.71495454546 9690.05404034289 28537.297 0.856 6922.055886325645 2991
stats: connect 21 3.926095238095237 2.632733920412697 1020.471 1.316 5.003905142857143 875
stats: page 154 10559.71495454546 9690.05404034289 28537.297 0.856 6922.055886325645 2991
stats: 302 24 859
stats: 200 37 1132
stats: size_rcv 5514833 96239455
stats: newphase 0 4
stats: 502 69 878
stats: size_sent 80181 1843956
stats: connected -24 192
stats: 500 24 276
# stats: dump at 1512496002
stats: users 159 251
stats: {load,"tsung_controller@ip-172-31-29-152"} 1 0.01171875 0.0 0.109375 0.0 0.029166666666666667 30
stats: {recvpackets,"tsung_controller@ip-172-31-29-152"} 1 4063.0 0.0 4878 415 2524.551724137931 29
stats: {sentpackets,"tsung_controller@ip-172-31-29-152"} 1 2171.0 0.0 2808 246 1361.655172413793 29
stats: {cpu,"tsung_controller@ip-172-31-29-152"} 1 1.310483870967742 0.0 3.6036036036036037 0.20020020020020018 1.45640963892081 30
stats: {freemem,"tsung_controller@ip-172-31-29-152"} 1 3488.73046875 0.0 3534.76171875 3488.73046875 3514.881380208333 30
stats: session 33 53631.95690909092 24994.97621678394 99007.263 534.701 32383.921914772724 704
stats: users_count 0 896
stats: finish_users_count 33 737
stats: request 103 20726.340854368922 3407.7442047949253 28588.204 0.856 7100.179732591416 3145
stats: connect 0 0 0 1020.471 1.316 4.978643973214285 896
stats: page 103 20726.340854368922 3407.7442047949253 28588.204 0.856 7100.179732591416 3145
stats: 302 25 884
stats: 200 44 1176
stats: size_rcv 5003557 101243012
stats: newphase 0 4
stats: 502 0 878
stats: size_sent 54712 1898668
stats: connected -29 163
stats: 500 34 310
# stats: dump at 1512496012
stats: users 141 251
stats: {load,"tsung_controller@ip-172-31-29-152"} 1 0.01171875 0.0 0.109375 0.0 0.02860383064516129 31
stats: {recvpackets,"tsung_controller@ip-172-31-29-152"} 1 4130.0 0.0 4878 415 2575.8333333333335 30
stats: {sentpackets,"tsung_controller@ip-172-31-29-152"} 1 1926.0 0.0 2808 246 1388.6333333333334 30
stats: {cpu,"tsung_controller@ip-172-31-29-152"} 1 1.4056224899598393 0.0 3.6036036036036037 0.20020020020020018 1.4517023560836144 31
stats: {freemem,"tsung_controller@ip-172-31-29-152"} 1 3487.421875 0.0 3534.76171875 3487.421875 3514.0378024193546 31
stats: session 18 49539.745444444445 21388.43057835684 99007.263 534.701 33335.32646675712 737
stats: users_count 0 896
stats: finish_users_count 18 755
stats: request 70 19455.05647142858 3097.3889868666643 28588.204 0.856 7532.290137623154 3248
stats: connect 0 0 0 1020.471 1.316 4.978643973214285 896
stats: page 70 19455.05647142858 3097.3889868666643 28588.204 0.856 7532.290137623154 3248
stats: 302 20 904
stats: 200 17 1193
stats: size_rcv 5284319 106527331
stats: newphase 0 4
stats: 502 0 878
stats: size_sent 40997 1939665
stats: connected -20 143
stats: 500 33 343
# stats: dump at 1512496022
stats: users 111 251
stats: {load,"tsung_controller@ip-172-31-29-152"} 1 0.01171875 0.0 0.109375 0.0 0.028076171875 32
stats: {recvpackets,"tsung_controller@ip-172-31-29-152"} 1 3821.0 0.0 4878 415 2625.967741935484 31
stats: {sentpackets,"tsung_controller@ip-172-31-29-152"} 1 1725.0 0.0 2808 246 1405.967741935484 31
stats: {cpu,"tsung_controller@ip-172-31-29-152"} 1 1.694915254237288 0.0 3.6036036036036037 0.20020020020020018 1.4502623602672464 32
stats: {freemem,"tsung_controller@ip-172-31-29-152"} 1 3487.06640625 0.0 3534.76171875 3487.06640625 3513.2060546875 32
stats: session 30 71214.9404 18348.615949480616 100993.456 534.701 33721.65698543046 755
stats: users_count 0 896
stats: finish_users_count 30 785
stats: request 77 19938.80285714286 2596.8178750941584 28588.204 0.856 7783.825292344787 3318
stats: connect 0 0 0 1020.471 1.316 4.978643973214285 896
stats: page 77 19938.80285714286 2596.8178750941584 28588.204 0.856 7783.825292344787 3318
stats: 302 28 932
stats: 200 17 1210
stats: size_rcv 5339554 111866885
stats: newphase 0 4
stats: 502 0 878
stats: size_sent 39428 1979093
stats: connected -32 111
stats: 500 32 375
# stats: dump at 1512496032
stats: users 77 251
stats: {load,"tsung_controller@ip-172-31-29-152"} 1 0.01171875 0.0 0.109375 0.0 0.027580492424242424 33
stats: {recvpackets,"tsung_controller@ip-172-31-29-152"} 1 3662.0 0.0 4878 415 2663.3125 32
stats: {sentpackets,"tsung_controller@ip-172-31-29-152"} 1 1702.0 0.0 2808 246 1415.9375 32
stats: {cpu,"tsung_controller@ip-172-31-29-152"} 1 1.3039117352056169 0.0 3.6036036036036037 0.20020020020020018 1.4576760843269447 33
stats: {freemem,"tsung_controller@ip-172-31-29-152"} 1 3486.96484375 0.0 3534.76171875 3486.96484375 3512.413944128788 33
stats: session 34 66614.92273529411 16328.21275775495 100993.456 534.701 35154.521319745225 785
stats: users_count 0 896
stats: finish_users_count 34 819
stats: request 83 17966.124590361447 3903.683980077606 28588.204 0.856 8059.50519587629 3395
stats: connect 0 0 0 1020.471 1.316 4.978643973214285 896
stats: page 83 17966.124590361447 3903.683980077606 28588.204 0.856 8059.50519587629 3395
stats: 302 21 953
stats: 200 29 1239
stats: size_rcv 9236395 121103280
stats: newphase 0 4
stats: 502 0 878
stats: size_sent 43282 2022375
stats: connected -33 78
stats: 500 33 408
# stats: dump at 1512496042
stats: users 2 251
stats: {load,"tsung_controller@ip-172-31-29-152"} 1 0.0 0.0 0.109375 0.0 0.027113970588235295 34
stats: {recvpackets,"tsung_controller@ip-172-31-29-152"} 1 7473.0 0.0 7473 415 2693.5757575757575 33
stats: {sentpackets,"tsung_controller@ip-172-31-29-152"} 1 2840.0 0.0 2840 246 1424.6060606060605 33
stats: {cpu,"tsung_controller@ip-172-31-29-152"} 1 1.9057171514543632 0.0 3.6036036036036037 0.20020020020020018 1.453153603470435 34
stats: {freemem,"tsung_controller@ip-172-31-29-152"} 1 3486.51953125 0.0 3534.76171875 3486.51953125 3511.6654411764707 34
stats: session 75 68103.15218666663 9192.760248220085 100993.456 534.701 36460.56973015873 819
stats: users_count 0 896
stats: finish_users_count 75 894
stats: request 102 9624.644921568628 4526.904961850502 28588.204 0.856 8295.919632259922 3478
stats: connect 0 0 0 1020.471 1.316 4.978643973214285 896
stats: page 102 9624.644921568628 4526.904961850502 28588.204 0.856 8295.919632259922 3478
stats: 302 61 1014
stats: 200 28 1267
stats: size_rcv 9207462 130310742
stats: newphase 0 4
stats: 502 0 878
stats: size_sent 34069 2056444
stats: connected -74 4
stats: 500 13 421
# stats: dump at 1512496045
stats: users 0 251
stats: {load,"tsung_controller@ip-172-31-29-152"} 1 0.0 0.0 0.109375 0.0 0.026339285714285714 35
stats: {recvpackets,"tsung_controller@ip-172-31-29-152"} 1 5043.0 0.0 7473 415 2834.1470588235293 34
stats: {sentpackets,"tsung_controller@ip-172-31-29-152"} 1 2271.0 0.0 2840 246 1466.235294117647 34
stats: {cpu,"tsung_controller@ip-172-31-29-152"} 1 1.507537688442211 0.0 3.6036036036036037 0.20020020020020018 1.4660839905556902 35
stats: {freemem,"tsung_controller@ip-172-31-29-152"} 1 3494.59375 0.0 3534.76171875 3486.51953125 3510.9469866071427 35
stats: session 2 62339.401 734.6310000000012 100993.456 534.701 39115.148795302004 894
stats: users_count 0 896
stats: finish_users_count 2 896
stats: request 4 2518.0287499999995 4164.468849086902 28588.204 0.856 8333.777168435758 3580
stats: connect 0 0 0 1020.471 1.316 4.978643973214285 896
stats: page 4 2518.0287499999995 4164.468849086902 28588.204 0.856 8333.777168435758 3580
stats: 302 3 1017
stats: 200 0 1267
stats: size_rcv 2320 130313062
stats: newphase 0 4
stats: 502 0 878
stats: size_sent 1950 2058394
stats: connected -4 0
stats: 500 1 422
EndMonitor:{1512,496045,967935}
